
###############################################################
 General Information 
###############################################################

Formulation: DASKIN, loglevel: 1 , ratio: 0, 
timeout: 7200.0, threads: 1 

Problem parameters: 
 n = 10 
 p = 5 

Instance values: 
10×10 Named Array{Int64,2}
A ╲ B │  1   2   3   4   5   6   7   8   9  10
──────┼───────────────────────────────────────
1     │  0  74  25  38  69  36  25  18  21  88
2     │ 89   0  79  44  56  65  84  24  95   3
3     │ 96   5   0  67   0  13  24  28  91  80
4     │  2  80   6   0  91  13  78  73  74  30
5     │ 99  97  31  84   0  96   5  39  45  39
6     │ 83  71  59  22  15   0  77  28  34  89
7     │ 10  86  50  95  45  51   0  13  57  21
8     │ 23  57  66  66  93  61  37   0  74  72
9     │ 10   3   6   1  74  46  88  46   0   2
10    │ 29  28  13  69  87  73  27  39   7   0
Cgl0004I processed model has 121 rows, 111 columns (110 integer (110 of which binary)) and 409 elements
Cutoff increment increased from 1e-05 to 0.9999
Cbc0038I Initial state - 35 integers unsatisfied sum - 6.56033
Cbc0038I Pass   1: suminf.    0.00000 (0) obj. 13 iterations 33
Cbc0038I Solution found of 13
Cbc0038I Relaxing continuous gives 13
Cbc0038I Before mini branch and bound, 75 integers at bound fixed and 0 continuous
Cbc0038I Full problem 121 rows 111 columns, reduced to 41 rows 30 columns
Cbc0038I Mini branch and bound improved solution from 13 to 10 (0.01 seconds)
Cbc0038I Round again with cutoff of 8.35623
Cbc0038I Reduced cost fixing fixed 21 variables on major pass 2
Cbc0038I Pass   2: suminf.    2.14328 (9) obj. 8.35623 iterations 10
Cbc0038I Pass   3: suminf.    2.14328 (9) obj. 8.35623 iterations 0
Cbc0038I Pass   4: suminf.    3.00000 (9) obj. 8.35623 iterations 8
Cbc0038I Pass   5: suminf.    2.14328 (9) obj. 8.35623 iterations 7
Cbc0038I Pass   6: suminf.    6.61277 (29) obj. 8.35623 iterations 24
Cbc0038I Pass   7: suminf.    4.55577 (15) obj. 8.35623 iterations 18
Cbc0038I Pass   8: suminf.    9.15681 (31) obj. 8.35623 iterations 23
Cbc0038I Pass   9: suminf.    6.21475 (22) obj. 8.35623 iterations 11
Cbc0038I Pass  10: suminf.    3.70657 (14) obj. 8.35623 iterations 17
Cbc0038I Pass  11: suminf.    2.14328 (9) obj. 8.35623 iterations 16
Cbc0038I Pass  12: suminf.    3.00000 (9) obj. 8.35623 iterations 10
Cbc0038I Pass  13: suminf.    2.14328 (9) obj. 8.35623 iterations 6
Cbc0038I Pass  14: suminf.    4.50089 (25) obj. 8.35623 iterations 23
Cbc0038I Pass  15: suminf.    3.41094 (12) obj. 8.35623 iterations 12
Cbc0038I Pass  16: suminf.    3.05689 (9) obj. 8.35623 iterations 13
Cbc0038I Pass  17: suminf.    2.14328 (9) obj. 8.35623 iterations 12
Cbc0038I Pass  18: suminf.    3.00000 (9) obj. 8.35623 iterations 10
Cbc0038I Pass  19: suminf.    2.14328 (9) obj. 8.35623 iterations 6
Cbc0038I Pass  20: suminf.    6.00145 (30) obj. 8.35623 iterations 26
Cbc0038I Pass  21: suminf.    3.67650 (16) obj. 8.35623 iterations 22
Cbc0038I Pass  22: suminf.    4.88649 (16) obj. 8.35623 iterations 25
Cbc0038I Pass  23: suminf.    2.98760 (14) obj. 8.35623 iterations 17
Cbc0038I Pass  24: suminf.    3.46424 (14) obj. 8.35623 iterations 13
Cbc0038I Pass  25: suminf.    2.14328 (9) obj. 8.35623 iterations 8
Cbc0038I Pass  26: suminf.    2.14328 (9) obj. 8.35623 iterations 2
Cbc0038I Pass  27: suminf.    3.00000 (9) obj. 8.35623 iterations 10
Cbc0038I Pass  28: suminf.    4.80681 (16) obj. 8.35623 iterations 24
Cbc0038I Pass  29: suminf.    3.54334 (12) obj. 8.35623 iterations 23
Cbc0038I Pass  30: suminf.    2.65751 (9) obj. 8.35623 iterations 7
Cbc0038I Pass  31: suminf.    2.16158 (6) obj. 8.35623 iterations 12
Cbc0038I No solution found this major pass
Cbc0038I Before mini branch and bound, 46 integers at bound fixed and 0 continuous
Cbc0038I Full problem 121 rows 111 columns, reduced to 75 rows 65 columns
Cbc0038I Mini branch and bound did not improve solution (0.04 seconds)
Cbc0038I After 0.04 seconds - Feasibility pump exiting with objective of 10 - took 0.04 seconds
Cbc0012I Integer solution of 10 found by feasibility pump after 0 iterations and 0 nodes (0.04 seconds)
Cbc0038I Full problem 121 rows 111 columns, reduced to 41 rows 30 columns
Cbc0006I The LP relaxation is infeasible or too expensive
Cbc0013I At root node, 0 cuts changed objective from 2.5614195 to 13 in 1 passes
Cbc0014I Cut generator 0 (Probing) - 26 row cuts average 4.3 elements, 8 column cuts (8 active)  in 0.000 seconds - new frequency is 1
Cbc0014I Cut generator 1 (Gomory) - 0 row cuts average 0.0 elements, 0 column cuts (0 active)  in 0.000 seconds - new frequency is -100
Cbc0014I Cut generator 2 (Knapsack) - 0 row cuts average 0.0 elements, 0 column cuts (0 active)  in 0.000 seconds - new frequency is -100
Cbc0014I Cut generator 3 (Clique) - 0 row cuts average 0.0 elements, 0 column cuts (0 active)  in 0.000 seconds - new frequency is -100
Cbc0014I Cut generator 4 (MixedIntegerRounding2) - 0 row cuts average 0.0 elements, 0 column cuts (0 
###############################################################
 Daskin 
###############################################################

X 
10×10 Named Array{Float64,2}
A ╲ B │   1    2    3    4    5    6    7    8    9   10
──────┼─────────────────────────────────────────────────
1     │ 1.0  0.0  0.0  0.0  0.0  0.0  0.0  0.0  0.0  0.0
2     │ 0.0  0.0  0.0  0.0  0.0  0.0  0.0  0.0  0.0  1.0
3     │ 0.0  0.0  0.0  0.0  1.0  0.0  0.0  0.0  0.0  0.0
4     │ 1.0  0.0  0.0  0.0  0.0  0.0  0.0  0.0  0.0  0.0
5     │ 0.0  0.0  0.0  0.0  1.0  0.0  0.0  0.0  0.0  0.0
6     │ 0.0  0.0  0.0  0.0  0.0  1.0  0.0  0.0  0.0  0.0
7     │ 1.0  0.0  0.0  0.0  0.0  0.0  0.0  0.0  0.0  0.0
8     │ 0.0  0.0  0.0  0.0  0.0  0.0  0.0  1.0  0.0  0.0
9     │ 0.0  0.0  0.0  0.0  0.0  0.0  0.0  0.0  0.0  1.0
10    │ 0.0  0.0  0.0  0.0  0.0  0.0  0.0  0.0  0.0  1.0

Y 
10-element Named Array{Float64,1}
A  │ 
───┼────
1  │ 1.0
2  │ 0.0
3  │ 0.0
4  │ 0.0
5  │ 1.0
6  │ 1.0
7  │ 0.0
8  │ 1.0
9  │ 0.0
10 │ 1.0

Optimal !
Objective function value is 10.0
Selected nodes: 1, 5, 6, 10

active)  in 0.000 seconds - new frequency is -100
Cbc0014I Cut generator 5 (FlowCover) - 0 row cuts average 0.0 elements, 0 column cuts (0 active)  in 0.000 seconds - new frequency is -100
Cbc0030I Thread 0 used 0 times,  waiting to start 2.3841858e-07, 0 cpu time, 0 locks, 0 locked, 0 waiting for locks
Cbc0030I Main thread 0 waiting for threads,  1 locks, 6.6757202e-06 locked, 2.1457672e-06 waiting for locks
Cbc0001I Search completed - best objective 10, took 5 iterations and 0 nodes (0.05 seconds)
Cbc0035I Maximum depth 0, 21 variables fixed on reduced cost
Total time (CPU seconds):       0.05   (Wallclock seconds):       0.05

