
###############################################################
 General Information 
###############################################################

Formulation: DASKIN, loglevel: 1 , ratio: 0, 
timeout: 7200.0, threads: 1 

Problem parameters: 
 n = 10 
 p = 5 

Instance values: 
10×10 Named Array{Int64,2}
A ╲ B │  1   2   3   4   5   6   7   8   9  10
──────┼───────────────────────────────────────
1     │  0  16  88   3  48   9  21  84  54  44
2     │ 21   0  41  48  20  56  50   0  73  70
3     │ 15  45   0  65  69  59  81  25  15  82
4     │ 20  46  37   0  44  22  18   4  86  32
5     │  0  46   8  51   0  35  99  18  10  13
6     │ 65   0  33  31  10   0  41  67  61  40
7     │ 62   1  57  95  15  16   0   3   9  34
8     │  5  74  93  96  17  60  88   0  82  10
9     │ 16  89  70  76  67  94  37  46   0  93
10    │ 12  48  91  94  26  26  89  71  14   0
Cgl0004I processed model has 121 rows, 111 columns (110 integer (110 of which binary)) and 407 elements
Cutoff increment increased from 1e-05 to 0.9999
Cbc0038I Initial state - 34 integers unsatisfied sum - 8.9912
Cbc0038I Pass   1: suminf.    0.00000 (0) obj. 44 iterations 33
Cbc0038I Solution found of 44
Cbc0038I Relaxing continuous gives 44
Cbc0038I Before mini branch and bound, 74 integers at bound fixed and 0 continuous
Cbc0038I Full problem 121 rows 111 columns, reduced to 41 rows 31 columns
Cbc0038I Mini branch and bound improved solution from 44 to 9 (0.01 seconds)
Cbc0038I Round again with cutoff of 7.42758
Cbc0038I Reduced cost fixing fixed 31 variables on major pass 2
Cbc0038I Pass   2: suminf.    3.74520 (11) obj. 7.42758 iterations 9
Cbc0038I Pass   3: suminf.    2.81675 (6) obj. 7.42758 iterations 4
Cbc0038I Pass   4: suminf.    2.97103 (6) obj. 7.42758 iterations 2
Cbc0038I Pass   5: suminf.    6.05467 (29) obj. 7.42758 iterations 19
Cbc0038I Pass   6: suminf.    4.84572 (13) obj. 7.42758 iterations 13
Cbc0038I Pass   7: suminf.    4.84572 (13) obj. 7.42758 iterations 0
Cbc0038I Pass   8: suminf.    2.97103 (6) obj. 7.42758 iterations 9
Cbc0038I Pass   9: suminf.    2.81675 (6) obj. 7.42758 iterations 2
Cbc0038I Pass  10: suminf.    2.97103 (6) obj. 7.42758 iterations 2
Cbc0038I Pass  11: suminf.    4.74720 (19) obj. 7.42758 iterations 22
Cbc0038I Pass  12: suminf.    2.95986 (12) obj. 7.42758 iterations 23
Cbc0038I Pass  13: suminf.    2.95986 (12) obj. 7.42758 iterations 0
Cbc0038I Pass  14: suminf.    3.92845 (11) obj. 7.42758 iterations 8
Cbc0038I Pass  15: suminf.    2.81675 (6) obj. 7.42758 iterations 6
Cbc0038I Pass  16: suminf.    2.81675 (6) obj. 7.42758 iterations 0
Cbc0038I Pass  17: suminf.    2.97103 (6) obj. 7.42758 iterations 2
Cbc0038I Pass  18: suminf.    6.20082 (23) obj. 7.42758 iterations 26
Cbc0038I Pass  19: suminf.    2.81675 (6) obj. 7.42758 iterations 22
Cbc0038I Pass  20: suminf.    2.81675 (6) obj. 7.42758 iterations 0
Cbc0038I Pass  21: suminf.    2.97103 (6) obj. 7.42758 iterations 4
Cbc0038I Pass  22: suminf.    4.12102 (18) obj. 7.42758 iterations 23
Cbc0038I Pass  23: suminf.    2.81675 (6) obj. 7.42758 iterations 17
Cbc0038I Pass  24: suminf.    2.81675 (6) obj. 7.42758 iterations 0
Cbc0038I Pass  25: suminf.    2.97103 (6) obj. 7.42758 iterations 2
Cbc0038I Pass  26: suminf.    3.59726 (13) obj. 7.42758 iterations 9
Cbc0038I Pass  27: suminf.    7.02438 (23) obj. 7.42758 iterations 17
Cbc0038I Pass  28: suminf.    5.09206 (15) obj. 7.42758 iterations 16
Cbc0038I Pass  29: suminf.    3.24607 (15) obj. 7.42758 iterations 19
Cbc0038I Pass  30: suminf.    3.24607 (15) obj. 7.42758 iterations 1
Cbc0038I Pass  31: suminf.    3.97103 (11) obj. 7.42758 iterations 12
Cbc0038I No solution found this major pass
Cbc0038I Before mini branch and bound, 54 integers at bound fixed and 0 continuous
Cbc0038I Full problem 121 rows 111 columns, reduced to 67 rows 57 columns
Cbc0038I Mini branch and bound did not improve solution (0.04 seconds)
Cbc0038I After 0.04 seconds - Feasibility pump exiting with objective of 9 - took 0.03 seconds
Cbc0012I Integer solution of 9 found by feasibility pump after 0 iterations and 0 nodes (0.04 seconds)
Cbc0038I Full problem 121 rows 111 columns, reduced to 39 rows 29 columns
Cbc0006I The LP relaxation is infeasible or too expensive
Cbc0013I At root node, 0 cuts changed objective from 2.2748815 to 2.2748815 in 1 passes
Cbc0014I Cut generator 0 (Probing) - 2 row cuts average 1.0 elements, 7 column cuts (7 active)  in 0.000 seconds - new frequency is 1
Cbc0014I Cut generator 1 (Gomory) - 0 row cuts average 0.0 elements, 0 column cuts (0 active)  in 0.000 seconds - new frequency is -100
Cbc0014I Cut generator 2 (Knapsack) - 0 row cuts average 0.0 elements, 0 column cuts (0 active)  in 0.000 seconds - new frequency is -100
Cbc0014I Cut generator 3 (Clique) - 0 row cuts average 0.0 elements, 0 column cuts (0 active)  in 0.000 seconds - new frequency is -100
Cbc0014I Cut generator 4 (MixedIntegerRounding2) - 0 row cuts average 0.0 elements, 0 column cuts (0 active
###############################################################
 Daskin 
###############################################################

X 
10×10 Named Array{Float64,2}
A ╲ B │   1    2    3    4    5    6    7    8    9   10
──────┼─────────────────────────────────────────────────
1     │ 0.0  0.0  0.0  0.0  0.0  1.0  0.0  0.0  0.0  0.0
2     │ 0.0  0.0  0.0  0.0  0.0  0.0  0.0  1.0  0.0  0.0
3     │ 0.0  0.0  1.0  0.0  0.0  0.0  0.0  0.0  0.0  0.0
4     │ 0.0  0.0  0.0  0.0  0.0  0.0  0.0  1.0  0.0  0.0
5     │ 0.0  0.0  1.0  0.0  0.0  0.0  0.0  0.0  0.0  0.0
6     │ 0.0  0.0  0.0  0.0  0.0  1.0  0.0  0.0  0.0  0.0
7     │ 0.0  0.0  0.0  0.0  0.0  0.0  0.0  1.0  0.0  0.0
8     │ 0.0  0.0  0.0  0.0  0.0  0.0  0.0  1.0  0.0  0.0
9     │ 0.0  0.0  0.0  0.0  0.0  0.0  0.0  0.0  1.0  0.0
10    │ 0.0  0.0  0.0  0.0  0.0  0.0  0.0  0.0  0.0  1.0

Y 
10-element Named Array{Float64,1}
A  │ 
───┼────
1  │ 0.0
2  │ 0.0
3  │ 1.0
4  │ 0.0
5  │ 0.0
6  │ 1.0
7  │ 0.0
8  │ 1.0
9  │ 1.0
10 │ 1.0

Optimal !
Objective function value is 9.0
Selected nodes: 3, 6, 8, 9, 10

)  in 0.000 seconds - new frequency is -100
Cbc0014I Cut generator 5 (FlowCover) - 0 row cuts average 0.0 elements, 0 column cuts (0 active)  in 0.000 seconds - new frequency is -100
Cbc0014I Cut generator 6 (TwoMirCuts) - 0 row cuts average 0.0 elements, 0 column cuts (0 active)  in 0.000 seconds - new frequency is -100
Cbc0030I Thread 0 used 0 times,  waiting to start 0, 0 cpu time, 0 locks, 0 locked, 0 waiting for locks
Cbc0030I Main thread 0 waiting for threads,  1 locks, 6.1988831e-06 locked, 2.1457672e-06 waiting for locks
Cbc0001I Search completed - best objective 9, took 0 iterations and 0 nodes (0.04 seconds)
Cbc0035I Maximum depth 0, 27 variables fixed on reduced cost
Total time (CPU seconds):       0.04   (Wallclock seconds):       0.04

