
###############################################################
 General Information 
###############################################################

Formulation: DASKIN, loglevel: 1 , ratio: 0, 
timeout: 7200.0, threads: 1 

Problem parameters: 
 n = 200 
 p = 10 

Instance values: 
200×200 Named Array{Int64,2}
A ╲ B │   1    2    3    4    5    6    7  …  194  195  196  197  198  199  200
──────┼────────────────────────────────────────────────────────────────────────
1     │   0   86   90   93   51   55   62  …   54   72  103   75   78   73   78
2     │  86    0   74   90   97  120   84     122   98  124  143  113   82  120
3     │  90   74    0   16   73   81   90      96   76   76  117   98   79  117
4     │  93   90   16    0   57   65   74      96   60   92  117   90   77  115
5     │  51   97   73   57    0   66   41      53   52   66   74   37   24   62
6     │  55  120   81   65   66    0   43      62   82   91   83   91   78  116
7     │  62   84   90   74   41   43    0      66   62  100   87   71   58   96
8     │ 100   78  103  112   91  108   70     104   79  120  122  106   89  127
9     │  75   53  102   87   66   83   45      79   54   95   97   91   64  102
⋮         ⋮    ⋮    ⋮    ⋮    ⋮    ⋮    ⋮  ⋱    ⋮    ⋮    ⋮    ⋮    ⋮    ⋮    ⋮
192   │  78   43   54   70   62   85   70      89   63   89  110   70   47   85
193   │ 109   95  106  115   62   86   48      97   94  110  118   77   68  106
194   │  54  122   96   96   53   62   66       0   36   64   21   54   59   97
195   │  72   98   76   60   52   82   62      36    0   41   57   55   58   96
196   │ 103  124   76   92   66   91  100      64   41    0   43   85   44   82
197   │  75  143  117  117   74   83   87      21   57   43    0   54   80  118
198   │  78  113   98   90   37   91   71      54   55   85   54    0   43   81
199   │  73   82   79   77   24   78   58      59   58   44   80   43    0   38
200   │  78  120  117  115   62  116   96  …   97   96   82  118   81   38    0
Cgl0004I processed model has 40401 rows, 40201 columns (40200 integer (40200 of which binary)) and 160200 elements
Cutoff increment increased from 1e-05 to 0.9999
Cbc0038I Initial state - 1248 integers unsatisfied sum - 209.526
Cbc0038I Pass   1: (48.77 seconds) suminf.  173.85667 (1901) obj. 125.928 iterations 24676
Cbc0038I Pass   2: (50.82 seconds) suminf.  156.08736 (1725) obj. 126.155 iterations 2506
Cbc0038I Pass   3: (52.57 seconds) suminf.  150.33963 (1703) obj. 127.746 iterations 1842
Cbc0038I Pass   4: (53.16 seconds) suminf.  148.37483 (1749) obj. 128.46 iterations 592
Cbc0038I Pass   5: (63.69 seconds) suminf.   98.13333 (587) obj. 137 iterations 11550
Cbc0038I Pass   6: (64.21 seconds) suminf.   83.86667 (496) obj. 145 iterations 1401
Cbc0038I Pass   7: (64.69 seconds) suminf.   80.40000 (297) obj. 145 iterations 918
Cbc0038I Pass   8: (64.81 seconds) suminf.   79.60000 (294) obj. 145 iterations 193
Cbc0038I Pass   9: (65.45 seconds) suminf.    0.00000 (0) obj. 145 iterations 1909
Cbc0038I Solution found of 145
Cbc0038I Relaxing continuous gives 145
Cbc0038I Before mini branch and bound, 36539 integers at bound fixed and 0 continuous
Cbc0038I Full problem 40401 rows 40201 columns, reduced to 3977 rows 3662 columns
Cbc0038I Mini branch and bound improved solution from 145 to 101 (73.18 seconds)
Cbc0038I Round again with cutoff of 94.5104
Cbc0038I Pass  10: (78.27 seconds) suminf.  179.40343 (2905) obj. 94.5104 iterations 3273
Cbc0038I Pass  11: (92.20 seconds) suminf.  156.36626 (2287) obj. 94.5104 iterations 10319
Cbc0038I Pass  12: (93.82 seconds) suminf.  152.83754 (2210) obj. 94.5104 iterations 1490
Cbc0038I Pass  13: (109.72 seconds) suminf.  110.69846 (1253) obj. 94.5104 iterations 13167
Cbc0038I Pass  14: (110.74 seconds) suminf.   96.53427 (1158) obj. 94.5104 iterations 1930
Cbc0038I Pass  15: (110.87 seconds) suminf.   95.58726 (1149) obj. 94.5104 iterations 136
Cbc0038I Pass  16: (115.82 seconds) suminf.   79.00842 (926) obj. 94.5104 iterations 5584
Cbc0038I Pass  17: (116.34 seconds) suminf.   74.64206 (839) obj. 94.5104 iterations 1244
Cbc0038I Pass  18: (123.10 seconds) suminf.   56.54893 (567) obj. 94.5104 iterations 7712
Cbc0038I Pass  19: (123.27 seconds) suminf.   51.53523 (555) obj. 94.5104 iterations 682
Cbc0038I Pass  20: (123.37 seconds) suminf.   51.48383 (571) obj. 94.5104 iterations 141
Cbc0038I Pass  21: (123.67 seconds) suminf.   38.96712 (454) obj. 94.5104 iterations 1137
Cbc0038I Pass  22: (123.74 seconds) suminf.   38.27875 (447) obj. 94.5104 iterations 29
Cbc0038I Pass  23: (123.90 seconds) suminf.   28.73442 (353) obj. 94.5104 iterations 820
Cbc0038I Pass  24: (123.96 seconds) suminf.   28.51120 (351) obj. 94.5104 iterations 13
Cbc0038I Pass  25: (124.21 seconds) suminf.   21.97512 (304) obj. 94.5104 iterations 888
Cbc0038I Pass  26: (124.27 seconds) suminf.   21.88732 (303) obj. 94.5104 iterations 41
Cbc0038I Pass  27: (124.35 seconds) suminf.   20.89580 (317) obj. 94.5104 iterations 89
Cbc0038I Pass  28: (124.63 seconds) suminf.   17.81665 (213) obj. 94.5104 iterations 1691
Cbc0038I Pass  29: (124.83 seconds) suminf.   16.31270 (203) obj. 94.5104 iterations 605
Cbc0038I Pass  30: (124.89 seconds) suminf.   15.48081 (195) obj. 94.5104 iterations 48
Cbc0038I Pass  31: (125.23 seconds) suminf.   14.45127 (203) obj. 94.5104 iterations 1138
Cbc0038I Pass  32: (125.42 seconds) suminf.   12.17072 (179) obj. 94.5104 iterations 529
Cbc0038I Pass  33: (125.50 seconds) suminf.   11.91479 (183) obj. 94.5104 iterations 142
Cbc0038I Pass  34: (125.70 seconds) suminf.   11.55830 (187) obj. 94.5104 iterations 702
Cbc0038I Pass  35: (125.87 seconds) suminf.   10.13775 (161) obj. 94.5104 iterations 607
Cbc0038I Pass  36: (126.09 seconds) suminf.   13.93312 (134) obj. 94.5104 iterations 1532
Cbc0038I Pass  37: (126.20 seconds) suminf.   10.34863 (123) obj. 94.5104 iterations 809
Cbc0038I Pass  38: (126.30 seconds) suminf.    9.78814 (145) obj. 94.5104 iterations 682
Cbc0038I Pass  39: (126.44 seconds) suminf.    8.09885 (140) obj. 94.5104 iterations 531
Cbc0038I No solution found this major pass
Cbc0038I Before mini branch and bound, 34308 integers at bound fixed and 0 continuous
Cbc0038I Full problem 40401 rows 40201 columns, reduced to 6169 rows 5893 columns
Cbc0038I Mini branch and bound improved solution from 101 to 92 (134.06 seconds)
Cbc0038I Round again with cutoff of 81.8206
Cbc0038I Pass  39: (142.08 seconds) suminf.  186.66595 (2980) obj. 81.8206 iterations 4600
Cbc0038I Pass  40: (152.28 seconds) suminf.  174.63516 (2391) obj. 81.8206 iterations 7316
Cbc0038I Pass  41: (152.63 seconds) suminf.  173.73689 (2441) obj. 81.8206 iterations 266
Cbc0038I Pass  42: (172.70 seconds) suminf.  135.77148 (1374) obj. 81.8206 iterations 13968
Cbc0038I Pass  43: (173.92 seconds) suminf.  123.87931 (1399) obj. 81.8206 iterations 2073
Cbc0038I Pass  44: (179.63 seconds) suminf.  107.77440 (1163) obj. 81.8206 iterations 5540
Cbc0038I Pass  45: (180.15 seconds) suminf.  102.39257 (1127) obj. 81.8206 iterations 1032
Cbc0038I Pass  46: (181.10 seconds) suminf.   94.02358 (1059) obj. 81.8206 iterations 1566
Cbc0038I Pass  47: (181.90 seconds) suminf.   89.93818 (1038) obj. 81.8206 iterations 1166
Cbc0038I Pass  48: (182.02 seconds) suminf.   89.38761 (1031) obj. 81.8206 iterations 97
Cbc0038I Pass  49: (184.84 seconds) suminf.   80.02032 (973) obj. 81.8206 iterations 3374
Cbc0038I Pass  50: (185.01 seconds) suminf.   79.41465 (941) obj. 81.8206 iterations 279
Cbc0038I Pass  51: (189.11 seconds) suminf.   66.98677 (845) obj. 81.8206 iterations 3984
Cbc0038I Pass  52: (189.58 seconds) suminf.   64.85088 (788) obj. 81.8206 iterations 670
Cbc0038I Pass  53: (189.87 seconds) suminf.   64.59679 (804) obj. 81.8206 iterations 381
Cbc0038I Pass  54: (191.88 seconds) suminf.   55.21664 (709) obj. 81.8206 iterations 2552
Cbc0038I Pass  55: (192.18 seconds) suminf.   52.63769 (677) obj. 81.8206 iterations 504
Cbc0038I Pass  56: (192.43 seconds) suminf.   52.36954 (707) obj. 81.8206 iterations 311
Cbc0038I Pass  57: (193.04 seconds) suminf.   49.95836 (627) obj. 81.8206 iterations 1074
Cbc0038I Pass  58: (193.21 seconds) suminf.   49.54956 (650) obj. 81.8206 iterations 230
Cbc0038I Pass  59: (194.46 seconds) suminf.   39.12336 (558) obj. 81.8206 iterations 2393
Cbc0038I Pass  60: (194.75 seconds) suminf.   37.45428 (563) obj. 81.8206 iterations 695
Cbc0038I Pass  61: (194.82 seconds) suminf.   36.54695 (559) obj. 81.8206 iterations 57
Cbc0038I Pass  62: (195.28 seconds) suminf.   30.55645 (410) obj. 81.8206 iterations 1482
Cbc0038I Pass  63: (195.42 seconds) suminf.   29.34623 (393) obj. 81.8206 iterations 425
Cbc0038I Pass  64: (195.97 seconds) suminf.   25.32473 (368) obj. 81.8206 iterations 1781
Cbc0038I Pass  65: (196.18 seconds) suminf.   23.13385 (352) obj. 81.8206 iterations 795
Cbc0038I Pass  66: (196.34 seconds) suminf.   19.81253 (290) obj. 81.8206 iterations 515
Cbc0038I Pass  67: (196.49 seconds) suminf.   19.47902 (303) obj. 81.8206 iterations 299
Cbc0038I Pass  68: (196.82 seconds) suminf.   19.23680 (358) obj. 81.8206 iterations 914
Cbc0038I No solution found this major pass
Cbc0038I Before mini branch and bound, 33928 integers at bound fixed and 0 continuous
Cbc0038I Full problem 40401 rows 40201 columns, reduced to 6538 rows 6273 columns
Cbc0038I Mini branch and bound improved solution from 92 to 84 (206.35 seconds)
Cbc0038I Round again with cutoff of 70.8053
Cbc0038I Pass  68: (219.22 seconds) suminf.  191.81291 (2354) obj. 70.8053 iterations 7224
Cbc0038I Pass  69: (224.61 seconds) suminf.  187.49322 (2355) obj. 70.8053 iterations 4224
Cbc0038I Pass  70: (224.92 seconds) suminf.  186.61260 (2347) obj. 70.8053 iterations 216
Cbc0038I Pass  71: (243.82 seconds) suminf.  163.42835 (1635) obj. 70.8053 iterations 12354
Cbc0038I Pass  72: (244.91 seconds) suminf.  156.37282 (1633) obj. 70.8053 iterations 1300
Cbc0038I Pass  73: (248.86 seconds) suminf.  140.98504 (1413) obj. 70.8053 iterations 3702
Cbc0038I Pass  74: (249.60 seconds) suminf.  135.87290 (1412) obj. 70.8053 iterations 1143
Cbc0038I Pass  75: (250.01 seconds) suminf.  134.07198 (1369) obj. 70.8053 iterations 455
Cbc0038I Pass  76: (253.02 seconds) suminf.  118.23757 (1109) obj. 70.8053 iterations 3319
Cbc0038I Pass  77: (253.61 seconds) suminf.  113.39890 (1109) obj. 70.8053 iterations 966
Cbc0038I Pass  78: (253.97 seconds) suminf.  111.39052 (1123) obj. 70.8053 iterations 447
Cbc0038I Pass  79: (254.39 seconds) suminf.  110.85083 (1140) obj. 70.8053 iterations 544
Cbc0038I Pass  80: (254.76 seconds) suminf.  110.25424 (1151) obj. 70.8053 iterations 410
Cbc0038I Pass  81: (259.64 seconds) suminf.   92.37201 (1006) obj. 70.8053 iterations 4714
Cbc0038I Pass  82: (259.72 seconds) suminf.   92.23528 (1002) obj. 70.8053 iterations 15
Cbc0038I Pass  83: (262.61 seconds) suminf.   78.22774 (852) obj. 70.8053 iterations 3267
Cbc0038I Pass  84: (262.83 seconds) suminf.   76.79471 (828) obj. 70.8053 iterations 291
Cbc0038I Pass  85: (263.69 seconds) suminf.   68.32933 (783) obj. 70.8053 iterations 1438
Cbc0038I Pass  86: (263.82 seconds) suminf.   67.94828 (770) obj. 70.8053 iterations 145
Cbc0038I Pass  87: (266.51 seconds) suminf.   54.75438 (577) obj. 70.8053 iterations 3193
Cbc0038I Pass  88: (266.71 seconds) suminf.   53.89383 (577) obj. 70.8053 iterations 316
Cbc0038I Pass  89: (267.33 seconds) suminf.   48.21569 (509) obj. 70.8053 iterations 1411
Cbc0038I Pass  90: (267.55 seconds) suminf.   46.46599 (480) obj. 70.8053 iterations 419
Cbc0038I Pass  91: (268.02 seconds) suminf.   43.48350 (483) obj. 70.8053 iterations 882
Cbc0038I Pass  92: (268.17 seconds) suminf.   42.63993 (464) obj. 70.8053 iterations 257
Cbc0038I Pass  93: (268.68 seconds) suminf.   37.01771 (358) obj. 70.8053 iterations 1667
Cbc0038I Pass  94: (268.76 seconds) suminf.   34.12737 (324) obj. 70.8053 iterations 326
Cbc0038I Pass  95: (269.03 seconds) suminf.   25.79964 (295) obj. 70.8053 iterations 1230
Cbc0038I Pass  96: (269.12 seconds) suminf.   25.65223 (296) obj. 70.8053 iterations 154
Cbc0038I Pass  97: (269.29 seconds) suminf.   23.18121 (257) obj. 70.8053 iterations 784
Cbc0038I No solution found this major pass
Cbc0038I Before mini branch and bound, 34709 integers at bound fixed and 0 continuous
Cbc0038I Full problem 40401 rows 40201 columns, reduced to 5758 rows 5492 columns
Cbc0038I Mini branch and bound improved solution from 84 to 83 (278.66 seconds)
Cbc0038I Round again with cutoff of 63.0945
Cbc0038I Pass  97: (288.30 seconds) suminf.  196.09527 (2434) obj. 63.0945 iterations 5542
Cbc0038I Pass  98: (293.38 seconds) suminf.  192.88148 (2250) obj. 63.0945 iterations 3940
Cbc0038I Pass  99: (293.75 seconds) suminf.  192.36336 (2247) obj. 63.0945 iterations 248
Cbc0038I Pass 100: (309.56 seconds) suminf.  168.75208 (1628) obj. 63.0945 iterations 10400
Cbc0038I Pass 101: (310.99 seconds) suminf.  167.81836 (1643) obj. 63.0945 iterations 1304
Cbc0038I Pass 102: (316.32 seconds) suminf.  153.16339 (1309) obj. 63.0945 iterations 4082
Cbc0038I Pass 103: (317.44 seconds) suminf.  151.05583 (1402) obj. 63.0945 iterations 1300
Cbc0038I Pass 104: (320.76 seconds) suminf.  134.45067 (1275) obj. 63.0945 iterations 3398
Cbc0038I Pass 105: (321.51 seconds) suminf.  131.87250 (1189) obj. 63.0945 iterations 967
Cbc0038I Pass 106: (321.65 seconds) suminf.  131.00114 (1196) obj. 63.0945 iterations 96
Cbc0038I Pass 107: (323.85 seconds) suminf.  123.88144 (1143) obj. 63.0945 iterations 2623
Cbc0038I Pass 108: (325.04 seconds) suminf.  121.76149 (1255) obj. 63.0945 iterations 1394
Cbc0038I Pass 109: (326.36 seconds) suminf.  117.01393 (1148) obj. 63.0945 iterations 1577
Cbc0038I Pass 110: (326.59 seconds) suminf.  117.00158 (1182) obj. 63.0945 iterations 244
Cbc0038I Pass 111: (329.91 seconds) suminf.  110.25359 (1141) obj. 63.0945 iterations 3501
Cbc0038I Pass 112: (330.24 seconds) suminf.  109.82138 (1147) obj. 63.0945 iterations 377
Cbc0038I Pass 113: (332.65 seconds) suminf.   96.64966 (961) obj. 63.0945 iterations 3060
Cbc0038I Pass 114: (333.01 seconds) suminf.   95.11460 (985) obj. 63.0945 iterations 455
Cbc0038I Pass 115: (333.28 seconds) suminf.   93.29981 (915) obj. 63.0945 iterations 363
Cbc0038I Pass 116: (334.49 seconds) suminf.   86.05818 (849) obj. 63.0945 iterations 2121
Cbc0038I Pass 117: (334.69 seconds) suminf.   85.18647 (872) obj. 63.0945 iterations 359
Cbc0038I Pass 118: (335.51 seconds) suminf.   81.34106 (863) obj. 63.0945 iterations 1647
Cbc0038I Pass 119: (335.95 seconds) suminf.   81.04637 (951) obj. 63.0945 iterations 601
Cbc0038I Pass 120: (336.26 seconds) suminf.   80.96576 (985) obj. 63.0945 iterations 348
Cbc0038I Pass 121: (337.06 seconds) suminf.   78.78996 (851) obj. 63.0945 iterations 1487
Cbc0038I Pass 122: (337.47 seconds) suminf.   78.39629 (856) obj. 63.0945 iterations 569
Cbc0038I Pass 123: (337.58 seconds) suminf.   78.27330 (835) obj. 63.0945 iterations 102
Cbc0038I Pass 124: (338.32 seconds) suminf.   77.09033 (787) obj. 63.0945 iterations 1616
Cbc0038I Pass 125: (338.52 seconds) suminf.   76.27607 (781) obj. 63.0945 iterations 379
Cbc0038I Pass 126: (339.25 seconds) suminf.   75.46670 (891) obj. 63.0945 iterations 1413
Cbc0038I No solution found this major pass
Cbc0038I Before mini branch and bound, 34958 integers at bound fixed and 0 continuous
Cbc0038I Full problem 40401 rows 40201 columns, reduced to 5522 rows 5243 columns
Cbc0038I Mini branch and bound did not improve solution (348.08 seconds)
Cbc0038I After 348.08 seconds - Feasibility pump exiting with objective of 83 - took 336.43 seconds
Cbc0012I Integer solution of 83 found by feasibility pump after 0 iterations and 0 nodes (348.10 seconds)
Cbc0038I Full problem 40401 rows 40201 columns, reduced to 1610 rows 1269 columns
Cbc0012I Integer solution of 68 found by RINS after 0 iterations and 0 nodes (353.42 seconds)

###############################################################
 Daskin 
###############################################################

X 
200×200 Named Array{Float64,2}
A ╲ B │   1    2    3    4    5    6    7  …  194  195  196  197  198  199  200
──────┼────────────────────────────────────────────────────────────────────────
1     │ 0.0  0.0  0.0  0.0  0.0  0.0  0.0  …  0.0  0.0  0.0  0.0  0.0  0.0  0.0
2     │ 0.0  1.0  0.0  0.0  0.0  0.0  0.0     0.0  0.0  0.0  0.0  0.0  0.0  0.0
3     │ 0.0  0.0  0.0  0.0  0.0  0.0  0.0     0.0  0.0  0.0  0.0  0.0  0.0  0.0
4     │ 0.0  0.0  0.0  0.0  0.0  0.0  0.0     0.0  0.0  0.0  0.0  0.0  0.0  0.0
5     │ 0.0  0.0  0.0  0.0  0.0  0.0  0.0     0.0  0.0  0.0  0.0  0.0  0.0  0.0
6     │ 0.0  0.0  0.0  0.0  0.0  0.0  0.0     0.0  0.0  0.0  0.0  0.0  0.0  0.0
7     │ 0.0  0.0  0.0  0.0  0.0  0.0  0.0     0.0  0.0  0.0  0.0  0.0  0.0  0.0
8     │ 0.0  0.0  0.0  0.0  0.0  0.0  0.0     0.0  0.0  0.0  0.0  0.0  0.0  0.0
9     │ 0.0  1.0  0.0  0.0  0.0  0.0  0.0     0.0  0.0  0.0  0.0  0.0  0.0  0.0
⋮         ⋮    ⋮    ⋮    ⋮    ⋮    ⋮    ⋮  ⋱    ⋮    ⋮    ⋮    ⋮    ⋮    ⋮    ⋮
192   │ 0.0  1.0  0.0  0.0  0.0  0.0  0.0     0.0  0.0  0.0  0.0  0.0  0.0  0.0
193   │ 0.0  0.0  0.0  0.0  0.0  0.0  0.0     0.0  0.0  0.0  0.0  0.0  0.0  0.0
194   │ 0.0  0.0  0.0  0.0  0.0  0.0  0.0     0.0  0.0  0.0  0.0  0.0  0.0  0.0
195   │ 0.0  0.0  0.0  0.0  0.0  0.0  0.0     0.0  0.0  0.0  0.0  0.0  0.0  0.0
196   │ 0.0  0.0  0.0  0.0  0.0  0.0  0.0     0.0  0.0  0.0  0.0  0.0  0.0  0.0
197   │ 0.0  0.0  0.0  0.0  0.0  0.0  0.0     0.0  0.0  0.0  0.0  0.0  0.0  0.0
198   │ 0.0  0.0  0.0  0.0  0.0  0.0  0.0     0.0  0.0  0.0  0.0  0.0  0.0  0.0
199   │ 0.0  0.0  0.0  0.0  0.0  0.0  0.0     0.0  0.0  0.0  0.0  0.0  0.0  0.0
200   │ 0.0  0.0  0.0  0.0  0.0  0.0  0.0  …  0.0  0.0  0.0  0.0  0.0  0.0  0.0

Y 
200-element Named Array{Float64,1}
A   │ 
────┼────
1   │ 0.0
2   │ 1.0
3   │ 0.0
4   │ 0.0
5   │ 0.0
6   │ 0.0
7   │ 0.0
8   │ 0.0
9   │ 0.0
⋮       ⋮
192 │ 0.0
193 │ 0.0
194 │ 0.0
195 │ 0.0
196 │ 0.0
197 │ 0.0
198 │ 0.0
199 │ 0.0
200 │ 0.0

Optimal !
Objective function value is 64.0
Selected nodes: 13, 77, 83, 105, 131, 143, 164, 180, 183

Cbc0013I At root node, 0 cuts changed objective from 45.102798 to 48.499012 in 1 passes
Cbc0014I Cut generator 0 (Probing) - 476 row cuts average 2.6 elements, 1 column cuts (1 active)  in 0.281 seconds - new frequency is 1
Cbc0014I Cut generator 1 (Gomory) - 0 row cuts average 0.0 elements, 0 column cuts (0 active)  in 0.486 seconds - new frequency is -100
Cbc0014I Cut generator 2 (Knapsack) - 0 row cuts average 0.0 elements, 0 column cuts (0 active)  in 0.022 seconds - new frequency is -100
Cbc0014I Cut generator 3 (Clique) - 0 row cuts average 0.0 elements, 0 column cuts (0 active)  in 0.006 seconds - new frequency is -100
Cbc0014I Cut generator 4 (MixedIntegerRounding2) - 0 row cuts average 0.0 elements, 0 column cuts (0 active)  in 0.027 seconds - new frequency is -100
Cbc0014I Cut generator 5 (FlowCover) - 0 row cuts average 0.0 elements, 0 column cuts (0 active)  in 0.005 seconds - new frequency is -100
Cbc0010I After 0 nodes, 1 on tree, 68 best solution, best possible 48.499012 (358.17 seconds)
Cbc0012I Integer solution of 67 found by DiveCoefficient after 12930 iterations and 10 nodes (376.27 seconds)
Cbc0012I Integer solution of 67 found by heuristic after 9918 iterations and 9 nodes (376.28 seconds)
Cbc0004I Integer solution of 66 found after 22669 iterations and 16 nodes (381.68 seconds)
Cbc0012I Integer solution of 66 found by heuristic after 20802 iterations and 15 nodes (381.68 seconds)
Cbc0004I Integer solution of 64 found after 39049 iterations and 33 nodes (391.69 seconds)
Cbc0012I Integer solution of 64 found by heuristic after 38932 iterations and 32 nodes (391.69 seconds)
Cbc0030I Thread 0 used 37 times,  waiting to start 0.04704833, 38.368122 cpu time, 185 locks, 0.064498663 locked, 4.8398972e-05 waiting for locks
Cbc0030I Main thread 38.542228 waiting for threads,  81 locks, 0.001490593 locked, 1.7166138e-05 waiting for locks
Cbc0001I Search completed - best objective 64, took 55394 iterations and 37 nodes (396.54 seconds)
Cbc0032I Strong branching done 566 times (43382 iterations), fathomed 0 nodes and fixed 19 variables
Cbc0035I Maximum depth 11, 496 variables fixed on reduced cost
Total time (CPU seconds):       397.85   (Wallclock seconds):       399.83

