
###############################################################
 General Information 
###############################################################

Formulation: DASKIN, loglevel: 1 , ratio: 0, 
timeout: 7200.0, threads: 1 

Problem parameters: 
 n = 10 
 p = 5 

Instance values: 
10×10 Named Array{Int64,2}
A ╲ B │  1   2   3   4   5   6   7   8   9  10
──────┼───────────────────────────────────────
1     │  0  77  40  61  40  38  12  22  92   2
2     │ 21   0  27  79  59  27  55  59  96  60
3     │ 39  38   0  80  21   1  10  62  33  38
4     │ 66   5  64   0  43  63  74  44  10  25
5     │ 84  67  76  34   0  65   3  18   9  36
6     │ 82  74  75  29  30   0  22  95  12  61
7     │ 20   1  37  16   7  38   0  38   8  67
8     │ 56  62  85   5  12  72  96   0  19  89
9     │ 49  37  56  76  13  18  53  95   0  11
10    │ 63  49  87   4  83  87  60  82  22   0
Cgl0004I processed model has 121 rows, 111 columns (110 integer (110 of which binary)) and 410 elements
Cutoff increment increased from 1e-05 to 0.9999
Cbc0038I Initial state - 36 integers unsatisfied sum - 10.4698
Cbc0038I Pass   1: suminf.    0.00000 (0) obj. 95 iterations 36
Cbc0038I Solution found of 95
Cbc0038I Relaxing continuous gives 95
Cbc0038I Before mini branch and bound, 72 integers at bound fixed and 0 continuous
Cbc0038I Full problem 121 rows 111 columns, reduced to 46 rows 36 columns
Cbc0038I Mini branch and bound improved solution from 95 to 9 (0.02 seconds)
Cbc0038I Round again with cutoff of 7.47422
Cbc0038I Reduced cost fixing fixed 28 variables on major pass 2
Cbc0038I Pass   2: suminf.    2.27311 (8) obj. 7.47422 iterations 7
Cbc0038I Pass   3: suminf.    1.92315 (6) obj. 7.47422 iterations 5
Cbc0038I Pass   4: suminf.    1.01719 (6) obj. 7.47422 iterations 14
Cbc0038I Pass   5: suminf.    1.92315 (6) obj. 7.47422 iterations 6
Cbc0038I Pass   6: suminf.    7.55261 (25) obj. 7.47422 iterations 34
Cbc0038I Pass   7: suminf.    4.18807 (18) obj. 7.47422 iterations 13
Cbc0038I Pass   8: suminf.    3.23270 (12) obj. 7.47422 iterations 3
Cbc0038I Pass   9: suminf.    1.36715 (8) obj. 7.47422 iterations 11
Cbc0038I Pass  10: suminf.    1.01719 (6) obj. 7.47422 iterations 5
Cbc0038I Pass  11: suminf.    1.92315 (6) obj. 7.47422 iterations 4
Cbc0038I Pass  12: suminf.    1.92315 (6) obj. 7.47422 iterations 0
Cbc0038I Pass  13: suminf.    2.26289 (6) obj. 7.47422 iterations 4
Cbc0038I Pass  14: suminf.    1.92315 (6) obj. 7.47422 iterations 3
Cbc0038I Pass  15: suminf.    1.92315 (6) obj. 7.47422 iterations 0
Cbc0038I Pass  16: suminf.    1.01719 (6) obj. 7.47422 iterations 4
Cbc0038I Pass  17: suminf.    6.62430 (33) obj. 7.47422 iterations 26
Cbc0038I Pass  18: suminf.    1.36715 (8) obj. 7.47422 iterations 23
Cbc0038I Pass  19: suminf.    1.01719 (6) obj. 7.47422 iterations 7
Cbc0038I Pass  20: suminf.    1.92315 (6) obj. 7.47422 iterations 5
Cbc0038I Pass  21: suminf.    1.92315 (6) obj. 7.47422 iterations 0
Cbc0038I Pass  22: suminf.    2.86357 (11) obj. 7.47422 iterations 18
Cbc0038I Pass  23: suminf.    2.09302 (6) obj. 7.47422 iterations 9
Cbc0038I Pass  24: suminf.    1.92315 (6) obj. 7.47422 iterations 7
Cbc0038I Pass  25: suminf.    1.92315 (6) obj. 7.47422 iterations 0
Cbc0038I Pass  26: suminf.    1.01719 (6) obj. 7.47422 iterations 5
Cbc0038I Pass  27: suminf.    1.92315 (6) obj. 7.47422 iterations 4
Cbc0038I Pass  28: suminf.    5.35707 (23) obj. 7.47422 iterations 24
Cbc0038I Pass  29: suminf.    4.18605 (14) obj. 7.47422 iterations 14
Cbc0038I Pass  30: suminf.    1.01719 (6) obj. 7.47422 iterations 17
Cbc0038I Pass  31: suminf.    4.54826 (17) obj. 7.47422 iterations 21
Cbc0038I No solution found this major pass
Cbc0038I Before mini branch and bound, 52 integers at bound fixed and 0 continuous
Cbc0038I Full problem 121 rows 111 columns, reduced to 69 rows 59 columns
Cbc0038I Mini branch and bound did not improve solution (0.04 seconds)
Cbc0038I After 0.04 seconds - Feasibility pump exiting with objective of 9 - took 0.03 seconds
Cbc0012I Integer solution of 9 found by feasibility pump after 0 iterations and 0 nodes (0.04 seconds)
Cbc0038I Full problem 121 rows 111 columns, reduced to 43 rows 33 columns
Cbc0006I The LP relaxation is infeasible or too expensive
Cbc0013I At root node, 0 cuts changed objective from 2.7412779 to 2.7412779 in 1 passes
Cbc0014I Cut generator 0 (Probing) - 6 row cuts average 1.7 elements, 9 column cuts (9 active)  in 0.000 seconds - new frequency is 1
Cbc0014I Cut generator 1 (Gomory) - 0 row cuts average 0.0 elements, 0 column cuts (0 active)  in 0.000 seconds - new frequency is -100
Cbc0014I Cut generator 2 (Knapsack) - 0 row cuts average 0.0 elements, 0 column cuts (0 active)  in 0.000 seconds - new frequency is -100
Cbc0014I Cut generator 3 (Clique) - 0 row cuts average 0.0 elements, 0 column cuts (0 active)  in 0.000 seconds - new frequency is -100
Cbc0014I Cut generator 4 (MixedIntegerRounding2) - 0 row cuts average 0.0 elements, 0 column cuts (0 active)  in 0.
###############################################################
 Daskin 
###############################################################

X 
10×10 Named Array{Float64,2}
A ╲ B │   1    2    3    4    5    6    7    8    9   10
──────┼─────────────────────────────────────────────────
1     │ 0.0  0.0  0.0  0.0  0.0  0.0  0.0  0.0  0.0  1.0
2     │ 0.0  1.0  0.0  0.0  0.0  0.0  0.0  0.0  0.0  0.0
3     │ 0.0  0.0  0.0  0.0  0.0  1.0  0.0  0.0  0.0  0.0
4     │ 0.0  1.0  0.0  0.0  0.0  0.0  0.0  0.0  0.0  0.0
5     │ 0.0  0.0  0.0  0.0  0.0  0.0  0.0  0.0  1.0  0.0
6     │ 0.0  0.0  0.0  0.0  0.0  1.0  0.0  0.0  0.0  0.0
7     │ 0.0  1.0  0.0  0.0  0.0  0.0  0.0  0.0  0.0  0.0
8     │ 0.0  0.0  0.0  0.0  0.0  0.0  0.0  1.0  0.0  0.0
9     │ 0.0  0.0  0.0  0.0  0.0  0.0  0.0  0.0  1.0  0.0
10    │ 0.0  0.0  0.0  0.0  0.0  0.0  0.0  0.0  0.0  1.0

Y 
10-element Named Array{Float64,1}
A  │ 
───┼────
1  │ 0.0
2  │ 1.0
3  │ 0.0
4  │ 0.0
5  │ 0.0
6  │ 1.0
7  │ 0.0
8  │ 1.0
9  │ 1.0
10 │ 1.0

Optimal !
Objective function value is 9.0
Selected nodes: 2, 6, 8, 9, 10

000 seconds - new frequency is -100
Cbc0014I Cut generator 5 (FlowCover) - 0 row cuts average 0.0 elements, 0 column cuts (0 active)  in 0.000 seconds - new frequency is -100
Cbc0014I Cut generator 6 (TwoMirCuts) - 0 row cuts average 0.0 elements, 0 column cuts (0 active)  in 0.000 seconds - new frequency is -100
Cbc0030I Thread 0 used 0 times,  waiting to start 0, 0 cpu time, 0 locks, 0 locked, 0 waiting for locks
Cbc0030I Main thread 0 waiting for threads,  1 locks, 6.6757202e-06 locked, 2.1457672e-06 waiting for locks
Cbc0001I Search completed - best objective 9, took 0 iterations and 0 nodes (0.04 seconds)
Cbc0035I Maximum depth 0, 26 variables fixed on reduced cost
Total time (CPU seconds):       0.04   (Wallclock seconds):       0.04

