
###############################################################
 General Information 
###############################################################

Formulation: DASKIN, loglevel: 1 , ratio: 0, 
timeout: 7200.0, threads: 1 

Problem parameters: 
 n = 10 
 p = 2 

Instance values: 
10×10 Named Array{Int64,2}
A ╲ B │   1    2    3    4    5    6    7    8    9   10
──────┼─────────────────────────────────────────────────
1     │   0   16   50   81   99   53   67   90   50   75
2     │  57    0   38    1   72  100   57   45   61   95
3     │  89   55    0    8   19   88   54   86   93    1
4     │  44   14   61    0   95    6   96   20   90   82
5     │  49   92    5    2    0   63   60    0   41   14
6     │  29   54   29   91   55    0   39   72   12   31
7     │  10   93   22   91   16   83    0   61   52   17
8     │  49    9    6   41   67   69   91    0   75   52
9     │   9    3   63   26   72   26   31   77    0   85
10    │  12   18   93   34   77   42   39    2   12    0
Cgl0004I processed model has 121 rows, 111 columns (110 integer (110 of which binary)) and 409 elements
Cutoff increment increased from 1e-05 to 0.9999
Cbc0038I Initial state - 47 integers unsatisfied sum - 12
Cbc0038I Pass   1: suminf.    0.00000 (0) obj. 95 iterations 86
Cbc0038I Solution found of 95
Cbc0038I Relaxing continuous gives 95
Cbc0038I Before mini branch and bound, 57 integers at bound fixed and 0 continuous
Cbc0038I Full problem 121 rows 111 columns, reduced to 66 rows 54 columns
Cbc0038I Mini branch and bound improved solution from 95 to 29 (0.03 seconds)
Cbc0038I Round again with cutoff of 26.8295
Cbc0038I Reduced cost fixing fixed 6 variables on major pass 2
Cbc0038I Pass   2: suminf.   11.38272 (48) obj. 26.8295 iterations 59
Cbc0038I Pass   3: suminf.    7.35240 (24) obj. 26.8295 iterations 65
Cbc0038I Pass   4: suminf.    5.76867 (30) obj. 26.8295 iterations 24
Cbc0038I Pass   5: suminf.    5.94682 (26) obj. 26.8295 iterations 32
Cbc0038I Pass   6: suminf.    5.25251 (29) obj. 26.8295 iterations 7
Cbc0038I Pass   7: suminf.    5.26149 (33) obj. 26.8295 iterations 6
Cbc0038I Pass   8: suminf.    5.58400 (29) obj. 26.8295 iterations 22
Cbc0038I Pass   9: suminf.    5.50409 (30) obj. 26.8295 iterations 7
Cbc0038I Pass  10: suminf.   10.42714 (35) obj. 26.8295 iterations 36
Cbc0038I Pass  11: suminf.    7.17674 (35) obj. 26.8295 iterations 31
Cbc0038I Pass  12: suminf.    6.59140 (31) obj. 26.8295 iterations 7
Cbc0038I Pass  13: suminf.    2.17978 (14) obj. 26.8295 iterations 37
Cbc0038I Pass  14: suminf.    0.89812 (12) obj. 26.8295 iterations 33
Cbc0038I Pass  15: suminf.    1.64481 (14) obj. 26.8295 iterations 30
Cbc0038I Pass  16: suminf.    1.34531 (10) obj. 26.8295 iterations 23
Cbc0038I Pass  17: suminf.    4.45585 (28) obj. 26.8295 iterations 56
Cbc0038I Pass  18: suminf.    1.34531 (10) obj. 26.8295 iterations 45
Cbc0038I Pass  19: suminf.    3.81800 (28) obj. 26.8295 iterations 35
Cbc0038I Pass  20: suminf.    4.77592 (28) obj. 26.8295 iterations 42
Cbc0038I Pass  21: suminf.    1.61437 (12) obj. 26.8295 iterations 36
Cbc0038I Pass  22: suminf.    1.97378 (17) obj. 26.8295 iterations 41
Cbc0038I Pass  23: suminf.    2.60159 (14) obj. 26.8295 iterations 36
Cbc0038I Pass  24: suminf.    3.56124 (28) obj. 26.8295 iterations 41
Cbc0038I Pass  25: suminf.    6.07312 (33) obj. 26.8295 iterations 37
Cbc0038I Pass  26: suminf.    5.85616 (40) obj. 26.8295 iterations 32
Cbc0038I Pass  27: suminf.    2.29243 (15) obj. 26.8295 iterations 34
Cbc0038I Pass  28: suminf.    1.81829 (12) obj. 26.8295 iterations 25
Cbc0038I Pass  29: suminf.    2.44625 (28) obj. 26.8295 iterations 37
Cbc0038I Pass  30: suminf.    3.60600 (25) obj. 26.8295 iterations 40
Cbc0038I Pass  31: suminf.   10.06943 (33) obj. 26.8295 iterations 56
Cbc0038I No solution found this major pass
Cbc0038I Before mini branch and bound, 17 integers at bound fixed and 0 continuous
Cbc0038I Mini branch and bound did not improve solution (0.06 seconds)
Cbc0038I After 0.06 seconds - Feasibility pump exiting with objective of 29 - took 0.05 seconds
Cbc0012I Integer solution of 29 found by feasibility pump after 0 iterations and 0 nodes (0.06 seconds)
Cbc0038I Full problem 121 rows 111 columns, reduced to 60 rows 48 columns
Cbc0006I The LP relaxation is infeasible or too expensive
Cbc0013I At root node, 0 cuts changed objective from 16.294529 to 29 in 1 passes
Cbc0014I Cut generator 0 (Probing) - 175 row cuts average 4.4 elements, 1 column cuts (1 active)  in 0.001 seconds - new frequency is 1
Cbc0014I Cut generator 1 (Gomory) - 0 row cuts average 0.0 elements, 0 column cuts (0 active)  in 0.000 seconds - new frequency is -100
Cbc0014I Cut generator 2 (Knapsack) - 0 row cuts average 0.0 elements, 0 column cuts (0 active)  in 0.000 seconds - new frequency is -100
Cbc0014I Cut generator 3 (Clique) - 0 row cuts average 0.0 elements, 0 column cuts (0 active)  in 0.000 seconds - new frequency is -100
Cbc0014I Cut generator 4 (MixedIntegerRounding2) - 0 row cuts average 0.0 elements, 0 column cuts (0 active)  in 0.000 seconds - new frequency is -100
Cbc0014I 
###############################################################
 Daskin 
###############################################################

X 
10×10 Named Array{Float64,2}
A ╲ B │   1    2    3    4    5    6    7    8    9   10
──────┼─────────────────────────────────────────────────
1     │ 0.0  1.0  0.0  0.0  0.0  0.0  0.0  0.0  0.0  0.0
2     │ 0.0  1.0  0.0  0.0  0.0  0.0  0.0  0.0  0.0  0.0
3     │ 0.0  0.0  1.0  0.0  0.0  0.0  0.0  0.0  0.0  0.0
4     │ 0.0  1.0  0.0  0.0  0.0  0.0  0.0  0.0  0.0  0.0
5     │ 0.0  0.0  1.0  0.0  0.0  0.0  0.0  0.0  0.0  0.0
6     │ 0.0  0.0  1.0  0.0  0.0  0.0  0.0  0.0  0.0  0.0
7     │ 0.0  0.0  1.0  0.0  0.0  0.0  0.0  0.0  0.0  0.0
8     │ 0.0  1.0  0.0  0.0  0.0  0.0  0.0  0.0  0.0  0.0
9     │ 0.0  1.0  0.0  0.0  0.0  0.0  0.0  0.0  0.0  0.0
10    │ 0.0  1.0  0.0  0.0  0.0  0.0  0.0  0.0  0.0  0.0

Y 
10-element Named Array{Float64,1}
A  │ 
───┼────
1  │ 0.0
2  │ 1.0
3  │ 1.0
4  │ 0.0
5  │ 0.0
6  │ 0.0
7  │ 0.0
8  │ 0.0
9  │ 0.0
10 │ 0.0

Optimal !
Objective function value is 29.0
Selected nodes: 2, 3

Cut generator 5 (FlowCover) - 0 row cuts average 0.0 elements, 0 column cuts (0 active)  in 0.000 seconds - new frequency is -100
Cbc0030I Thread 0 used 0 times,  waiting to start 2.3841858e-07, 0 cpu time, 0 locks, 0 locked, 0 waiting for locks
Cbc0030I Main thread 0 waiting for threads,  1 locks, 6.4373016e-06 locked, 2.1457672e-06 waiting for locks
Cbc0001I Search completed - best objective 29, took 3 iterations and 0 nodes (0.07 seconds)
Cbc0035I Maximum depth 0, 6 variables fixed on reduced cost
Total time (CPU seconds):       0.07   (Wallclock seconds):       0.07

