
###############################################################
 General Information 
###############################################################

Formulation: DASKIN, loglevel: 1 , ratio: 0, 
timeout: 7200.0, threads: 1 

Problem parameters: 
 n = 20 
 p = 2 

Instance values: 
20×20 Named Array{Int64,2}
A ╲ B │   1    2    3    4    5    6    7  …   14   15   16   17   18   19   20
──────┼────────────────────────────────────────────────────────────────────────
1     │   0   64   16   61   60   80   66  …   43   94    2   84   62   39   26
2     │  22    0    6   74   35   87   75      57    1   85   28   75    0   75
3     │  38   89    0   88   96   58   35      41   34   21   98    5   97   88
4     │  92   74   64    0   40  100    4      19   27   95   78   70   43   66
5     │  79   59   18    7    0   41   37      66   73   82   62   14  100   76
6     │  36   99    4    5   25    0   25      16   78   62    9   70   21   85
7     │  74   72   45   49   54   66    0      59   86   72    3   72   23   34
8     │  51    4   17   36   52   59    4      27   90   22   87   81   77   97
9     │  49   26   68   35   15   75   58      90   42   99   18   53   22   15
⋮         ⋮    ⋮    ⋮    ⋮    ⋮    ⋮    ⋮  ⋱    ⋮    ⋮    ⋮    ⋮    ⋮    ⋮    ⋮
12    │  75   98   14   42   47   44   67      68   34    2   59   94    5   54
13    │  18   38    5   19   71   14    7      31   64   64   48   17   55   99
14    │  41   60   25   54   36    3   71       0   30    3   77   82   22   78
15    │  38   75   91    7   45   69   64      12    0   89   34   36   42   35
16    │  19    2   97   14   82   75   68      67   33    0    4    1    0   77
17    │  95   64   92   14   28   88    0      60   54    5    0   57   24   16
18    │  86   82   42   53   85   23   29      35   21   23   33    0   12   53
19    │  63    8    2   90   97    1   88      84   12   97   51   44    0   64
20    │  53   27   24   44   66   50    0  …   93   86   68   40    0   97    0
Cgl0004I processed model has 441 rows, 421 columns (420 integer (420 of which binary)) and 1613 elements
Cutoff increment increased from 1e-05 to 0.9999
Cbc0038I Initial state - 130 integers unsatisfied sum - 22
Cbc0038I Pass   1: suminf.    0.00000 (0) obj. 100 iterations 364
Cbc0038I Solution found of 100
Cbc0038I Relaxing continuous gives 100
Cbc0038I Before mini branch and bound, 276 integers at bound fixed and 0 continuous
Cbc0038I Full problem 441 rows 421 columns, reduced to 174 rows 145 columns
Cbc0038I Mini branch and bound improved solution from 100 to 42 (0.09 seconds)
Cbc0038I Round again with cutoff of 38.964
Cbc0038I Reduced cost fixing fixed 1 variables on major pass 2
Cbc0038I Pass   2: suminf.   21.21304 (233) obj. 38.964 iterations 195
Cbc0038I Pass   3: suminf.    9.95131 (55) obj. 38.964 iterations 295
Cbc0038I Pass   4: suminf.    9.17889 (55) obj. 38.964 iterations 35
Cbc0038I Pass   5: suminf.    4.19388 (27) obj. 38.964 iterations 133
Cbc0038I Pass   6: suminf.    3.65664 (29) obj. 38.964 iterations 25
Cbc0038I Pass   7: suminf.    2.69360 (27) obj. 38.964 iterations 17
Cbc0038I Pass   8: suminf.    8.46708 (33) obj. 38.964 iterations 69
Cbc0038I Pass   9: suminf.    7.35498 (47) obj. 38.964 iterations 54
Cbc0038I Pass  10: suminf.    7.17889 (45) obj. 38.964 iterations 8
Cbc0038I Pass  11: suminf.    3.70343 (18) obj. 38.964 iterations 112
Cbc0038I Pass  12: suminf.    2.87740 (23) obj. 38.964 iterations 62
Cbc0038I Pass  13: suminf.    8.00000 (29) obj. 38.964 iterations 82
Cbc0038I Pass  14: suminf.    6.80418 (43) obj. 38.964 iterations 45
Cbc0038I Pass  15: suminf.    6.17889 (39) obj. 38.964 iterations 27
Cbc0038I Pass  16: suminf.    6.56168 (21) obj. 38.964 iterations 89
Cbc0038I Pass  17: suminf.    6.14805 (23) obj. 38.964 iterations 64
Cbc0038I Pass  18: suminf.    6.15129 (17) obj. 38.964 iterations 10
Cbc0038I Pass  19: suminf.    4.13213 (26) obj. 38.964 iterations 56
Cbc0038I Pass  20: suminf.    3.08702 (25) obj. 38.964 iterations 56
Cbc0038I Pass  21: suminf.    2.39431 (24) obj. 38.964 iterations 14
Cbc0038I Pass  22: suminf.    7.46708 (29) obj. 38.964 iterations 62
Cbc0038I Pass  23: suminf.    6.56802 (48) obj. 38.964 iterations 45
Cbc0038I Pass  24: suminf.    6.17889 (39) obj. 38.964 iterations 16
Cbc0038I Pass  25: suminf.    6.56168 (21) obj. 38.964 iterations 90
Cbc0038I Pass  26: suminf.    6.14805 (23) obj. 38.964 iterations 63
Cbc0038I Pass  27: suminf.    6.15129 (17) obj. 38.964 iterations 10
Cbc0038I Pass  28: suminf.    3.48923 (24) obj. 38.964 iterations 64
Cbc0038I Pass  29: suminf.    3.08702 (25) obj. 38.964 iterations 57
Cbc0038I Pass  30: suminf.    2.39431 (24) obj. 38.964 iterations 15
Cbc0038I Pass  31: suminf.    7.60307 (29) obj. 38.964 iterations 69
Cbc0038I No solution found this major pass
Cbc0038I Before mini branch and bound, 139 integers at bound fixed and 0 continuous
Cbc0038I Mini branch and bound did not improve solution (0.16 seconds)
Cbc0038I After 0.16 seconds - Feasibility pump exiting with objective of 42 - took 0.14 seconds
Cbc0012I Integer solution of 42 found by feasibility pump after 0 iterations and 0 nodes (0.16 seconds)
Cbc0038I Full problem 441 rows 421 columns, reduced to 160 rows 131 columns

###############################################################
 Daskin 
###############################################################

X 
20×20 Named Array{Float64,2}
A ╲ B │   1    2    3    4    5    6    7  …   14   15   16   17   18   19   20
──────┼────────────────────────────────────────────────────────────────────────
1     │ 0.0  0.0  0.0  0.0  0.0  0.0  0.0  …  0.0  0.0  0.0  0.0  0.0  1.0  0.0
2     │ 0.0  0.0  0.0  0.0  0.0  0.0  0.0     0.0  0.0  0.0  0.0  0.0  1.0  0.0
3     │ 0.0  0.0  0.0  0.0  0.0  0.0  0.0     0.0  0.0  0.0  0.0  0.0  0.0  0.0
4     │ 0.0  0.0  0.0  0.0  0.0  0.0  0.0     0.0  0.0  0.0  0.0  0.0  0.0  0.0
5     │ 0.0  0.0  0.0  0.0  0.0  0.0  0.0     0.0  0.0  0.0  0.0  0.0  0.0  0.0
6     │ 0.0  0.0  0.0  0.0  0.0  0.0  0.0     0.0  0.0  0.0  0.0  0.0  1.0  0.0
7     │ 0.0  0.0  0.0  0.0  0.0  0.0  0.0     0.0  0.0  0.0  0.0  0.0  1.0  0.0
8     │ 0.0  0.0  0.0  0.0  0.0  0.0  0.0     0.0  0.0  0.0  0.0  0.0  0.0  0.0
9     │ 0.0  0.0  0.0  0.0  0.0  0.0  0.0     0.0  0.0  0.0  0.0  0.0  1.0  0.0
⋮         ⋮    ⋮    ⋮    ⋮    ⋮    ⋮    ⋮  ⋱    ⋮    ⋮    ⋮    ⋮    ⋮    ⋮    ⋮
12    │ 0.0  0.0  0.0  0.0  0.0  0.0  0.0     0.0  0.0  0.0  0.0  0.0  0.0  0.0
13    │ 0.0  0.0  0.0  0.0  0.0  0.0  0.0     0.0  0.0  0.0  0.0  0.0  0.0  0.0
14    │ 0.0  0.0  0.0  0.0  0.0  0.0  0.0     0.0  0.0  0.0  0.0  0.0  1.0  0.0
15    │ 0.0  0.0  0.0  0.0  0.0  0.0  0.0     0.0  0.0  0.0  0.0  0.0  0.0  0.0
16    │ 0.0  0.0  0.0  0.0  0.0  0.0  0.0     0.0  0.0  0.0  0.0  0.0  1.0  0.0
17    │ 0.0  0.0  0.0  0.0  0.0  0.0  0.0     0.0  0.0  0.0  0.0  0.0  1.0  0.0
18    │ 0.0  0.0  0.0  0.0  0.0  0.0  0.0     0.0  0.0  0.0  0.0  0.0  1.0  0.0
19    │ 0.0  0.0  0.0  0.0  0.0  0.0  0.0     0.0  0.0  0.0  0.0  0.0  1.0  0.0
20    │ 0.0  0.0  0.0  0.0  0.0  0.0  0.0  …  0.0  0.0  0.0  0.0  0.0  0.0  0.0

Y 
20-element Named Array{Float64,1}
A  │ 
───┼────
1  │ 0.0
2  │ 0.0
3  │ 0.0
4  │ 0.0
5  │ 0.0
6  │ 0.0
7  │ 0.0
8  │ 0.0
9  │ 0.0
⋮      ⋮
12 │ 0.0
13 │ 1.0
14 │ 0.0
15 │ 0.0
16 │ 0.0
17 │ 0.0
18 │ 0.0
19 │ 1.0
20 │ 0.0

Optimal !
Objective function value is 39.0
Selected nodes: 13, 19

Cbc0012I Integer solution of 39 found by DiveCoefficient after 85 iterations and 0 nodes (0.20 seconds)
Cbc0031I 5 added rows had average density of 53.8
Cbc0013I At root node, 5 cuts changed objective from 20.639044 to 38.999999 in 3 passes
Cbc0014I Cut generator 0 (Probing) - 180 row cuts average 2.8 elements, 2 column cuts (2 active)  in 0.005 seconds - new frequency is 1
Cbc0014I Cut generator 1 (Gomory) - 3 row cuts average 87.7 elements, 0 column cuts (0 active)  in 0.002 seconds - new frequency is -100
Cbc0014I Cut generator 2 (Knapsack) - 0 row cuts average 0.0 elements, 0 column cuts (0 active)  in 0.001 seconds - new frequency is -100
Cbc0014I Cut generator 3 (Clique) - 0 row cuts average 0.0 elements, 0 column cuts (0 active)  in 0.000 seconds - new frequency is -100
Cbc0014I Cut generator 4 (MixedIntegerRounding2) - 0 row cuts average 0.0 elements, 0 column cuts (0 active)  in 0.001 seconds - new frequency is -100
Cbc0014I Cut generator 5 (FlowCover) - 0 row cuts average 0.0 elements, 0 column cuts (0 active)  in 0.000 seconds - new frequency is -100
Cbc0014I Cut generator 6 (TwoMirCuts) - 12 row cuts average 70.0 elements, 0 column cuts (0 active)  in 0.006 seconds - new frequency is 1
Cbc0030I Thread 0 used 0 times,  waiting to start 2.3841858e-07, 0 cpu time, 0 locks, 0 locked, 0 waiting for locks
Cbc0030I Main thread 0 waiting for threads,  1 locks, 6.9141388e-06 locked, 2.3841858e-06 waiting for locks
Cbc0001I Search completed - best objective 39, took 85 iterations and 0 nodes (0.20 seconds)
Cbc0035I Maximum depth 0, 4 variables fixed on reduced cost
Total time (CPU seconds):       0.20   (Wallclock seconds):       0.21

