
###############################################################
 General Information 
###############################################################

Formulation: DASKIN, loglevel: 1 , ratio: 0, 
timeout: 7200.0, threads: 1 

Problem parameters: 
 n = 20 
 p = 4 

Instance values: 
20×20 Named Array{Int64,2}
A ╲ B │   1    2    3    4    5    6    7  …   14   15   16   17   18   19   20
──────┼────────────────────────────────────────────────────────────────────────
1     │   0   32   77   85   47   66   97  …   80   95   77   77    8   97   24
2     │  49    0   48   50   44   83   20      69   24   84   29   34   27    2
3     │  84   87    0   93   21   27   49      15    3   91   92    4   19   93
4     │  37   88   71    0   67   35   57      91   69   23   48   29   17   75
5     │  53   64   67   50    0   25   57      81   95   23   25   87   59   82
6     │  24   10   82   14   32    0   83      10   22   15   78   47   81   14
7     │  20   68   12   70   59   22    0      11   77   86   85   11   37    6
8     │  87   67   21   45   36   75    7      53   17   82   22   42   67   73
9     │  11   11   69  100   98   54   80      65   21   81   78   66   94    1
⋮         ⋮    ⋮    ⋮    ⋮    ⋮    ⋮    ⋮  ⋱    ⋮    ⋮    ⋮    ⋮    ⋮    ⋮    ⋮
12    │  74   96   21   84    6   12   19      34   24   94   38   65   57   86
13    │   1   80   69   79   13    3   86       0   69   42   85   57   99   17
14    │  34   48   24   55    6   15    2       0    6    5   10   49   80   95
15    │  92   29   55   22   99   88   43      83    0   30    3   53   79   66
16    │  17   83   88    7   32   72   40      79   27    0   77   91   70   46
17    │  27   66   61    5   96   58   84      70   87   28    0   18   20   94
18    │  95   54   91   32   21   72   15      39   94   69   30    0   12   87
19    │   4    1   31   96   61    5   19      22   44   67    4   89    0   37
20    │  55   60   23   15   24   39    0  …   18   18   79    9   37   33    0
Cgl0004I processed model has 441 rows, 421 columns (420 integer (420 of which binary)) and 1617 elements
Cutoff increment increased from 1e-05 to 0.9999
Cbc0038I Initial state - 101 integers unsatisfied sum - 21.6994
Cbc0038I Pass   1: suminf.    0.00000 (0) obj. 94 iterations 205
Cbc0038I Solution found of 94
Cbc0038I Relaxing continuous gives 94
Cbc0038I Before mini branch and bound, 312 integers at bound fixed and 0 continuous
Cbc0038I Full problem 441 rows 421 columns, reduced to 134 rows 109 columns
Cbc0038I Mini branch and bound improved solution from 94 to 22 (0.07 seconds)
Cbc0038I Round again with cutoff of 19.8533
Cbc0038I Reduced cost fixing fixed 5 variables on major pass 2
Cbc0038I Pass   2: suminf.    8.69478 (41) obj. 19.8533 iterations 92
Cbc0038I Pass   3: suminf.    7.56519 (43) obj. 19.8533 iterations 14
Cbc0038I Pass   4: suminf.    6.82208 (45) obj. 19.8533 iterations 23
Cbc0038I Pass   5: suminf.    3.14156 (34) obj. 19.8533 iterations 53
Cbc0038I Pass   6: suminf.    3.07903 (40) obj. 19.8533 iterations 17
Cbc0038I Pass   7: suminf.    3.45247 (21) obj. 19.8533 iterations 71
Cbc0038I Pass   8: suminf.    1.84441 (24) obj. 19.8533 iterations 41
Cbc0038I Pass   9: suminf.    7.54467 (44) obj. 19.8533 iterations 75
Cbc0038I Pass  10: suminf.    6.57739 (38) obj. 19.8533 iterations 25
Cbc0038I Pass  11: suminf.    5.62879 (35) obj. 19.8533 iterations 61
Cbc0038I Pass  12: suminf.    2.63134 (37) obj. 19.8533 iterations 40
Cbc0038I Pass  13: suminf.    5.51258 (23) obj. 19.8533 iterations 71
Cbc0038I Pass  14: suminf.    2.43085 (18) obj. 19.8533 iterations 48
Cbc0038I Pass  15: suminf.    1.84441 (24) obj. 19.8533 iterations 47
Cbc0038I Pass  16: suminf.    7.54467 (44) obj. 19.8533 iterations 98
Cbc0038I Pass  17: suminf.    6.57739 (38) obj. 19.8533 iterations 35
Cbc0038I Pass  18: suminf.    5.62826 (28) obj. 19.8533 iterations 54
Cbc0038I Pass  19: suminf.    5.57739 (35) obj. 19.8533 iterations 43
Cbc0038I Pass  20: suminf.    5.67684 (29) obj. 19.8533 iterations 72
Cbc0038I Pass  21: suminf.    2.63134 (37) obj. 19.8533 iterations 59
Cbc0038I Pass  22: suminf.    5.54886 (34) obj. 19.8533 iterations 77
Cbc0038I Pass  23: suminf.    4.04683 (26) obj. 19.8533 iterations 13
Cbc0038I Pass  24: suminf.    3.92889 (29) obj. 19.8533 iterations 80
Cbc0038I Pass  25: suminf.    2.71976 (31) obj. 19.8533 iterations 16
Cbc0038I Pass  26: suminf.    2.42761 (33) obj. 19.8533 iterations 16
Cbc0038I Pass  27: suminf.    5.88651 (26) obj. 19.8533 iterations 65
Cbc0038I Pass  28: suminf.    5.29566 (22) obj. 19.8533 iterations 29
Cbc0038I Pass  29: suminf.    2.26436 (23) obj. 19.8533 iterations 39
Cbc0038I Pass  30: suminf.    2.16779 (31) obj. 19.8533 iterations 25
Cbc0038I Pass  31: suminf.    3.14680 (26) obj. 19.8533 iterations 56
Cbc0038I No solution found this major pass
Cbc0038I Before mini branch and bound, 285 integers at bound fixed and 0 continuous
Cbc0038I Full problem 441 rows 421 columns, reduced to 160 rows 136 columns
Cbc0038I Mini branch and bound did not improve solution (0.14 seconds)
Cbc0038I After 0.14 seconds - Feasibility pump exiting with objective of 22 - took 0.12 seconds
Cbc0012I Integer solution of 22 found by feasibility pump after 0 iterations and 0 nodes (0.14 seconds)
Cbc0038I Full problem 441 rows 421 columns, reduced to 127 rows 102 columns

###############################################################
 Daskin 
###############################################################

X 
20×20 Named Array{Float64,2}
A ╲ B │   1    2    3    4    5    6    7  …   14   15   16   17   18   19   20
──────┼────────────────────────────────────────────────────────────────────────
1     │ 1.0  0.0  0.0  0.0  0.0  0.0  0.0  …  0.0  0.0  0.0  0.0  0.0  0.0  0.0
2     │ 0.0  0.0  0.0  0.0  0.0  0.0  0.0     0.0  0.0  0.0  0.0  0.0  0.0  0.0
3     │ 0.0  0.0  0.0  0.0  1.0  0.0  0.0     0.0  0.0  0.0  0.0  0.0  0.0  0.0
4     │ 0.0  0.0  0.0  1.0  0.0  0.0  0.0     0.0  0.0  0.0  0.0  0.0  0.0  0.0
5     │ 0.0  0.0  0.0  0.0  1.0  0.0  0.0     0.0  0.0  0.0  0.0  0.0  0.0  0.0
6     │ 0.0  0.0  0.0  1.0  0.0  0.0  0.0     0.0  0.0  0.0  0.0  0.0  0.0  0.0
7     │ 0.0  0.0  0.0  0.0  0.0  0.0  0.0     0.0  0.0  0.0  0.0  0.0  0.0  0.0
8     │ 0.0  0.0  0.0  0.0  0.0  0.0  0.0     0.0  0.0  0.0  0.0  0.0  0.0  0.0
9     │ 1.0  0.0  0.0  0.0  0.0  0.0  0.0     0.0  0.0  0.0  0.0  0.0  0.0  0.0
⋮         ⋮    ⋮    ⋮    ⋮    ⋮    ⋮    ⋮  ⋱    ⋮    ⋮    ⋮    ⋮    ⋮    ⋮    ⋮
12    │ 0.0  0.0  0.0  0.0  0.0  0.0  0.0     0.0  0.0  0.0  0.0  0.0  0.0  0.0
13    │ 0.0  0.0  0.0  0.0  1.0  0.0  0.0     0.0  0.0  0.0  0.0  0.0  0.0  0.0
14    │ 0.0  0.0  0.0  0.0  1.0  0.0  0.0     0.0  0.0  0.0  0.0  0.0  0.0  0.0
15    │ 0.0  0.0  0.0  1.0  0.0  0.0  0.0     0.0  0.0  0.0  0.0  0.0  0.0  0.0
16    │ 1.0  0.0  0.0  0.0  0.0  0.0  0.0     0.0  0.0  0.0  0.0  0.0  0.0  0.0
17    │ 0.0  0.0  0.0  0.0  0.0  0.0  0.0     0.0  0.0  0.0  0.0  0.0  0.0  0.0
18    │ 0.0  0.0  0.0  0.0  0.0  0.0  0.0     0.0  0.0  0.0  0.0  0.0  0.0  0.0
19    │ 1.0  0.0  0.0  0.0  0.0  0.0  0.0     0.0  0.0  0.0  0.0  0.0  0.0  0.0
20    │ 0.0  0.0  0.0  1.0  0.0  0.0  0.0  …  0.0  0.0  0.0  0.0  0.0  0.0  0.0

Y 
20-element Named Array{Float64,1}
A  │ 
───┼────
1  │ 1.0
2  │ 0.0
3  │ 0.0
4  │ 1.0
5  │ 1.0
6  │ 0.0
7  │ 0.0
8  │ 1.0
9  │ 0.0
⋮      ⋮
12 │ 0.0
13 │ 0.0
14 │ 0.0
15 │ 0.0
16 │ 0.0
17 │ 0.0
18 │ 0.0
19 │ 0.0
20 │ 0.0

Optimal !
Objective function value is 22.0
Selected nodes: 1, 4, 5, 8

Cbc0031I 3 added rows had average density of 16.333333
Cbc0013I At root node, 207 cuts changed objective from 9.5318787 to 22.331429 in 1 passes
Cbc0014I Cut generator 0 (Probing) - 170 row cuts average 7.6 elements, 1 column cuts (1 active)  in 0.002 seconds - new frequency is 1
Cbc0014I Cut generator 1 (Gomory) - 0 row cuts average 0.0 elements, 0 column cuts (0 active)  in 0.001 seconds - new frequency is -100
Cbc0014I Cut generator 2 (Knapsack) - 0 row cuts average 0.0 elements, 0 column cuts (0 active)  in 0.000 seconds - new frequency is -100
Cbc0014I Cut generator 3 (Clique) - 0 row cuts average 0.0 elements, 0 column cuts (0 active)  in 0.000 seconds - new frequency is -100
Cbc0014I Cut generator 4 (MixedIntegerRounding2) - 0 row cuts average 0.0 elements, 0 column cuts (0 active)  in 0.000 seconds - new frequency is -100
Cbc0014I Cut generator 5 (FlowCover) - 0 row cuts average 0.0 elements, 0 column cuts (0 active)  in 0.000 seconds - new frequency is -100
Cbc0014I Cut generator 6 (TwoMirCuts) - 37 row cuts average 45.7 elements, 0 column cuts (0 active)  in 0.006 seconds - new frequency is -100
Cbc0030I Thread 0 used 0 times,  waiting to start 0, 0 cpu time, 0 locks, 0 locked, 0 waiting for locks
Cbc0030I Main thread 0 waiting for threads,  1 locks, 8.1062317e-06 locked, 3.3378601e-06 waiting for locks
Cbc0001I Search completed - best objective 22, took 52 iterations and 0 nodes (0.18 seconds)
Cbc0035I Maximum depth 0, 5 variables fixed on reduced cost
Total time (CPU seconds):       0.18   (Wallclock seconds):       0.19

