
###############################################################
 General Information 
###############################################################

Formulation: DASKIN, loglevel: 1 , ratio: 0, 
timeout: 7200.0, threads: 1 

Problem parameters: 
 n = 10 
 p = 1 

Instance values: 
10×10 Named Array{Int64,2}
A ╲ B │  1   2   3   4   5   6   7   8   9  10
──────┼───────────────────────────────────────
1     │  0  96  77   1   9   9   7   6   0   2
2     │ 15   0  79  45  84  86  97  83   4  71
3     │ 37   4   0  66  23   6  83  44   9  62
4     │  9  48  27   0  28  17  31  16   9  71
5     │ 15  57  27  40   0  74  43  92  69  50
6     │ 94  24   4  17  29   0  93  91  84  43
7     │ 93  90  19   3  59  34   0  12  67  24
8     │ 28  41  92  72  68  88  29   0  18  90
9     │ 40  44  38  47  10  14  49  79   0  31
10    │ 25  65  22  46  86  18  53  34  72   0
Cgl0008I 1 inequality constraints converted to equality constraints
Cgl0005I 11 SOS with 111 members
Cgl0004I processed model has 121 rows, 112 columns (111 integer (111 of which binary)) and 410 elements
Cutoff increment increased from 1e-05 to 0.9999
Cbc0038I Initial state - 77 integers unsatisfied sum - 11
Cbc0038I Pass   1: suminf.    0.00000 (0) obj. 90 iterations 59
Cbc0038I Solution found of 90
Cbc0038I Relaxing continuous gives 90
Cbc0038I Before mini branch and bound, 23 integers at bound fixed and 0 continuous
Cbc0038I Full problem 121 rows 112 columns, reduced to 101 rows 89 columns
Cbc0038I Mini branch and bound improved solution from 90 to 72 (0.02 seconds)
Cbc0038I Round again with cutoff of 68.4621
Cbc0038I Reduced cost fixing fixed 1 variables on major pass 2
Cbc0038I Pass   2: suminf.    7.64250 (22) obj. 68.4621 iterations 14
Cbc0038I Pass   3: suminf.    5.57557 (33) obj. 68.4621 iterations 26
Cbc0038I Pass   4: suminf.    5.57557 (33) obj. 68.4621 iterations 11
Cbc0038I Pass   5: suminf.    5.57557 (33) obj. 68.4621 iterations 7
Cbc0038I Pass   6: suminf.    9.74416 (44) obj. 68.4621 iterations 38
Cbc0038I Pass   7: suminf.    7.96024 (44) obj. 68.4621 iterations 17
Cbc0038I Pass   8: suminf.    5.86513 (33) obj. 68.4621 iterations 21
Cbc0038I Pass   9: suminf.    5.86513 (33) obj. 68.4621 iterations 9
Cbc0038I Pass  10: suminf.    6.66412 (33) obj. 68.4621 iterations 29
Cbc0038I Pass  11: suminf.    6.66412 (33) obj. 68.4621 iterations 5
Cbc0038I Pass  12: suminf.    6.26487 (33) obj. 68.4621 iterations 28
Cbc0038I Pass  13: suminf.    4.10223 (33) obj. 68.4621 iterations 51
Cbc0038I Pass  14: suminf.    4.10223 (33) obj. 68.4621 iterations 0
Cbc0038I Pass  15: suminf.    6.14760 (44) obj. 68.4621 iterations 23
Cbc0038I Pass  16: suminf.    6.14760 (44) obj. 68.4621 iterations 0
Cbc0038I Pass  17: suminf.    4.10223 (33) obj. 68.4621 iterations 27
Cbc0038I Pass  18: suminf.    9.14974 (22) obj. 68.4621 iterations 29
Cbc0038I Pass  19: suminf.    6.66412 (33) obj. 68.4621 iterations 29
Cbc0038I Pass  20: suminf.    6.26487 (33) obj. 68.4621 iterations 27
Cbc0038I Pass  21: suminf.    6.26487 (33) obj. 68.4621 iterations 0
Cbc0038I Pass  22: suminf.    4.10223 (33) obj. 68.4621 iterations 54
Cbc0038I Pass  23: suminf.    4.10223 (33) obj. 68.4621 iterations 2
Cbc0038I Pass  24: suminf.    6.14760 (44) obj. 68.4621 iterations 24
Cbc0038I Pass  25: suminf.    6.14760 (44) obj. 68.4621 iterations 0
Cbc0038I Pass  26: suminf.    4.10223 (33) obj. 68.4621 iterations 28
Cbc0038I Pass  27: suminf.    4.22319 (33) obj. 68.4621 iterations 15
Cbc0038I Pass  28: suminf.    4.10223 (33) obj. 68.4621 iterations 9
Cbc0038I Pass  29: suminf.    4.27293 (22) obj. 68.4621 iterations 21
Cbc0038I Pass  30: suminf.    5.10201 (22) obj. 68.4621 iterations 25
Cbc0038I Pass  31: suminf.    5.38644 (44) obj. 68.4621 iterations 14
Cbc0038I No solution found this major pass
Cbc0038I Before mini branch and bound, 12 integers at bound fixed and 0 continuous
Cbc0038I Mini branch and bound did not improve solution (0.03 seconds)
Cbc0038I After 0.03 seconds - Feasibility pump exiting with objective of 72 - took 0.03 seconds
Cbc0012I Integer solution of 72 found by feasibility pump after 0 iterations and 0 nodes (0.03 seconds)
Cbc0038I Full problem 121 rows 112 columns, reduced to 91 rows 78 columns
Cbc0006I The LP relaxation is infeasible or too expensive
Cbc0013I At root node, 0 cuts changed objective from 45.619669 to 126 in 1 passes
Cbc0014I Cut generator 0 (Probing) - 134 row cuts average 2.8 elements, 1 column cuts (1 active)  in 0.001 seconds - new frequency is 1
Cbc0014I Cut generator 1 (Gomory) - 0 row cuts average 0.0 elements, 0 column cuts (0 active)  in 0.000 seconds - new frequency is -100
Cbc0014I Cut generator 2 (Knapsack) - 0 row cuts average 0.0 elements, 0 column cuts (0 active)  in 0.000 seconds - new frequency is -100
Cbc0014I Cut generator 3 (Clique) - 0 row cuts average 0.0 elements, 0 column cuts (0 active)  in 0.000 seconds - new frequency is -100
Cbc0014I Cut generator 4 (MixedIntegerRounding2) - 0 row cuts 
###############################################################
 Daskin 
###############################################################

X 
10×10 Named Array{Float64,2}
A ╲ B │   1    2    3    4    5    6    7    8    9   10
──────┼─────────────────────────────────────────────────
1     │ 0.0  0.0  0.0  1.0  0.0  0.0  0.0  0.0  0.0  0.0
2     │ 0.0  0.0  0.0  1.0  0.0  0.0  0.0  0.0  0.0  0.0
3     │ 0.0  0.0  0.0  1.0  0.0  0.0  0.0  0.0  0.0  0.0
4     │ 0.0  0.0  0.0  1.0  0.0  0.0  0.0  0.0  0.0  0.0
5     │ 0.0  0.0  0.0  1.0  0.0  0.0  0.0  0.0  0.0  0.0
6     │ 0.0  0.0  0.0  1.0  0.0  0.0  0.0  0.0  0.0  0.0
7     │ 0.0  0.0  0.0  1.0  0.0  0.0  0.0  0.0  0.0  0.0
8     │ 0.0  0.0  0.0  1.0  0.0  0.0  0.0  0.0  0.0  0.0
9     │ 0.0  0.0  0.0  1.0  0.0  0.0  0.0  0.0  0.0  0.0
10    │ 0.0  0.0  0.0  1.0  0.0  0.0  0.0  0.0  0.0  0.0

Y 
10-element Named Array{Float64,1}
A  │ 
───┼────
1  │ 0.0
2  │ 0.0
3  │ 0.0
4  │ 1.0
5  │ 0.0
6  │ 0.0
7  │ 0.0
8  │ 0.0
9  │ 0.0
10 │ 0.0

Optimal !
Objective function value is 72.0
Selected nodes: 4

average 0.0 elements, 0 column cuts (0 active)  in 0.000 seconds - new frequency is -100
Cbc0014I Cut generator 5 (FlowCover) - 0 row cuts average 0.0 elements, 0 column cuts (0 active)  in 0.000 seconds - new frequency is -100
Cbc0030I Thread 0 used 0 times,  waiting to start 2.3841858e-07, 0 cpu time, 0 locks, 0 locked, 0 waiting for locks
Cbc0030I Main thread 0 waiting for threads,  1 locks, 7.6293945e-06 locked, 2.6226044e-06 waiting for locks
Cbc0001I Search completed - best objective 72, took 6 iterations and 0 nodes (0.04 seconds)
Cbc0035I Maximum depth 0, 1 variables fixed on reduced cost
1 bounds tightened after postprocessing

Total time (CPU seconds):       0.04   (Wallclock seconds):       0.04

