
###############################################################
 General Information 
###############################################################

Formulation: DASKIN, loglevel: 1 , ratio: 0, 
timeout: 7200.0, threads: 1 

Problem parameters: 
 n = 10 
 p = 5 

Instance values: 
10×10 Named Array{Int64,2}
A ╲ B │  1   2   3   4   5   6   7   8   9  10
──────┼───────────────────────────────────────
1     │  0  40  72  96  66  82  61  53  17  23
2     │ 51   0  35  31  53  60  17   2  45  67
3     │  5  49   0  10  66  62   3  23  40  93
4     │ 63  40  78   0  22  28  96  28  21  82
5     │ 21  46  12  52   0  12  96  30  29  51
6     │ 67  54  99  62  13   0  46  32  11  92
7     │ 31  73  91  35  20  79   0  85   6  46
8     │ 24  10  98  62  35  83  25   0  37  95
9     │ 32  50  16  13  85  66  51  53   0  53
10    │  6   7  53   5  19   1  58  77  57   0
Cgl0004I processed model has 121 rows, 111 columns (110 integer (110 of which binary)) and 410 elements
Cutoff increment increased from 1e-05 to 0.9999
Cbc0038I Initial state - 32 integers unsatisfied sum - 7.94359
Cbc0038I Pass   1: suminf.    0.00000 (0) obj. 21 iterations 29
Cbc0038I Solution found of 21
Cbc0038I Relaxing continuous gives 21
Cbc0038I Before mini branch and bound, 77 integers at bound fixed and 0 continuous
Cbc0038I Full problem 121 rows 111 columns, reduced to 39 rows 28 columns
Cbc0038I Mini branch and bound improved solution from 21 to 11 (0.02 seconds)
Cbc0038I Round again with cutoff of 9.37616
Cbc0038I Reduced cost fixing fixed 17 variables on major pass 2
Cbc0038I Pass   2: suminf.    2.31907 (7) obj. 9.37616 iterations 7
Cbc0038I Pass   3: suminf.    1.31192 (7) obj. 9.37616 iterations 12
Cbc0038I Pass   4: suminf.    2.31907 (7) obj. 9.37616 iterations 2
Cbc0038I Pass   5: suminf.    4.35920 (17) obj. 9.37616 iterations 20
Cbc0038I Pass   6: suminf.    2.78594 (7) obj. 9.37616 iterations 19
Cbc0038I Pass   7: suminf.    0.88573 (6) obj. 9.37616 iterations 5
Cbc0038I Pass   8: suminf.    0.88573 (6) obj. 9.37616 iterations 0
Cbc0038I Pass   9: suminf.    1.31192 (6) obj. 9.37616 iterations 7
Cbc0038I Pass  10: suminf.    1.31192 (6) obj. 9.37616 iterations 0
Cbc0038I Pass  11: suminf.    0.88573 (6) obj. 9.37616 iterations 5
Cbc0038I Pass  12: suminf.    6.41367 (23) obj. 9.37616 iterations 19
Cbc0038I Pass  13: suminf.    3.21039 (13) obj. 9.37616 iterations 12
Cbc0038I Pass  14: suminf.    2.94030 (11) obj. 9.37616 iterations 8
Cbc0038I Pass  15: suminf.    1.78232 (6) obj. 9.37616 iterations 12
Cbc0038I Pass  16: suminf.    0.88573 (6) obj. 9.37616 iterations 5
Cbc0038I Pass  17: suminf.    1.31192 (6) obj. 9.37616 iterations 3
Cbc0038I Pass  18: suminf.    1.31192 (6) obj. 9.37616 iterations 0
Cbc0038I Pass  19: suminf.    0.88573 (6) obj. 9.37616 iterations 7
Cbc0038I Pass  20: suminf.    2.15922 (11) obj. 9.37616 iterations 15
Cbc0038I Pass  21: suminf.    1.16986 (6) obj. 9.37616 iterations 6
Cbc0038I Pass  22: suminf.    0.88573 (6) obj. 9.37616 iterations 4
Cbc0038I Pass  23: suminf.    0.88573 (6) obj. 9.37616 iterations 0
Cbc0038I Pass  24: suminf.    1.31192 (6) obj. 9.37616 iterations 7
Cbc0038I Pass  25: suminf.    1.31192 (6) obj. 9.37616 iterations 0
Cbc0038I Pass  26: suminf.    0.88573 (6) obj. 9.37616 iterations 9
Cbc0038I Pass  27: suminf.    2.09121 (18) obj. 9.37616 iterations 18
Cbc0038I Pass  28: suminf.    2.01860 (11) obj. 9.37616 iterations 24
Cbc0038I Pass  29: suminf.    2.78883 (13) obj. 9.37616 iterations 8
Cbc0038I Pass  30: suminf.    6.57804 (28) obj. 9.37616 iterations 21
Cbc0038I Pass  31: suminf.    2.26892 (11) obj. 9.37616 iterations 14
Cbc0038I No solution found this major pass
Cbc0038I Before mini branch and bound, 49 integers at bound fixed and 0 continuous
Cbc0038I Full problem 121 rows 111 columns, reduced to 72 rows 62 columns
Cbc0038I Mini branch and bound did not improve solution (0.04 seconds)
Cbc0038I After 0.04 seconds - Feasibility pump exiting with objective of 11 - took 0.03 seconds
Cbc0012I Integer solution of 11 found by feasibility pump after 0 iterations and 0 nodes (0.04 seconds)
Cbc0038I Full problem 121 rows 111 columns, reduced to 37 rows 26 columns
Cbc0006I The LP relaxation is infeasible or too expensive
Cbc0013I At root node, 0 cuts changed objective from 3.7607309 to 3.7607309 in 1 passes
Cbc0014I Cut generator 0 (Probing) - 3 row cuts average 1.3 elements, 6 column cuts (6 active)  in 0.000 seconds - new frequency is 1
Cbc0014I Cut generator 1 (Gomory) - 0 row cuts average 0.0 elements, 0 column cuts (0 active)  in 0.000 seconds - new frequency is -100
Cbc0014I Cut generator 2 (Knapsack) - 0 row cuts average 0.0 elements, 0 column cuts (0 active)  in 0.000 seconds - new frequency is -100
Cbc0014I Cut generator 3 (Clique) - 0 row cuts average 0.0 elements, 0 column cuts (0 active)  in 0.000 seconds - new frequency is -100
Cbc0014I Cut generator 4 (MixedIntegerRounding2) - 0 row cuts average 0.0 elements, 0 column cuts (0 active)  
###############################################################
 Daskin 
###############################################################

X 
10×10 Named Array{Float64,2}
A ╲ B │   1    2    3    4    5    6    7    8    9   10
──────┼─────────────────────────────────────────────────
1     │ 1.0  0.0  0.0  0.0  0.0  0.0  0.0  0.0  0.0  0.0
2     │ 0.0  1.0  0.0  0.0  0.0  0.0  0.0  0.0  0.0  0.0
3     │ 1.0  0.0  0.0  0.0  0.0  0.0  0.0  0.0  0.0  0.0
4     │ 0.0  0.0  0.0  1.0  0.0  0.0  0.0  0.0  0.0  0.0
5     │ 0.0  0.0  0.0  0.0  1.0  0.0  0.0  0.0  0.0  0.0
6     │ 0.0  0.0  0.0  0.0  0.0  0.0  0.0  0.0  1.0  0.0
7     │ 0.0  0.0  0.0  0.0  0.0  0.0  0.0  0.0  1.0  0.0
8     │ 0.0  1.0  0.0  0.0  0.0  0.0  0.0  0.0  0.0  0.0
9     │ 0.0  0.0  0.0  0.0  0.0  0.0  0.0  0.0  1.0  0.0
10    │ 0.0  0.0  0.0  1.0  0.0  0.0  0.0  0.0  0.0  0.0

Y 
10-element Named Array{Float64,1}
A  │ 
───┼────
1  │ 1.0
2  │ 1.0
3  │ 0.0
4  │ 1.0
5  │ 1.0
6  │ 0.0
7  │ 0.0
8  │ 0.0
9  │ 1.0
10 │ 0.0

Optimal !
Objective function value is 11.0
Selected nodes: 1, 4, 5, 9

in 0.000 seconds - new frequency is -100
Cbc0014I Cut generator 5 (FlowCover) - 0 row cuts average 0.0 elements, 0 column cuts (0 active)  in 0.000 seconds - new frequency is -100
Cbc0014I Cut generator 6 (TwoMirCuts) - 0 row cuts average 0.0 elements, 0 column cuts (0 active)  in 0.000 seconds - new frequency is -100
Cbc0030I Thread 0 used 0 times,  waiting to start 2.3841858e-07, 0 cpu time, 0 locks, 0 locked, 0 waiting for locks
Cbc0030I Main thread 0 waiting for threads,  1 locks, 7.1525574e-06 locked, 2.3841858e-06 waiting for locks
Cbc0001I Search completed - best objective 11, took 0 iterations and 0 nodes (0.04 seconds)
Cbc0035I Maximum depth 0, 16 variables fixed on reduced cost
Total time (CPU seconds):       0.05   (Wallclock seconds):       0.05

