
###############################################################
 General Information 
###############################################################

Formulation: DASKIN, loglevel: 1 , ratio: 0, 
timeout: 7200.0, threads: 1 

Problem parameters: 
 n = 100 
 p = 10 

Instance values: 
100×100 Named Array{Int64,2}
A ╲ B │   1    2    3    4    5    6    7  …   94   95   96   97   98   99  100
──────┼────────────────────────────────────────────────────────────────────────
1     │   0   77  139  135  157  174  193  …  174  191  160  160  114  105   66
2     │  77    0   62  107  129  146  161     190  154  158  195  191  182  143
3     │ 139   62    0   90  112  129  117     168   92  123  160  206  209  205
4     │ 135  107   90    0   22   39   58     139  117  148  185  147  138  177
5     │ 157  129  112   22    0   17   36     139  139  161  171  125  116  155
6     │ 174  146  129   39   17    0   19     122  156  167  188  142  133  172
7     │ 193  161  117   58   36   19    0     103  162  148  185  161  152  191
8     │ 204  150  106   69   47   30   11     114  151  137  174  172  163  202
9     │ 206  146  102   73   51   34   15     118  147  133  170  176  167  206
⋮         ⋮    ⋮    ⋮    ⋮    ⋮    ⋮    ⋮  ⋱    ⋮    ⋮    ⋮    ⋮    ⋮    ⋮    ⋮
92    │ 125  161  208  118  140  157  152      49  125  156  177  131  122  161
93    │ 144  180  198  137  159  152  133      30  106  137  174  150  141  180
94    │ 174  190  168  139  139  122  103       0   76  107  144  164  155  194
95    │ 191  154   92  117  139  156  162      76    0   31   68  114  123  162
96    │ 160  158  123  148  161  167  148     107   31    0   37   83   92  131
97    │ 160  195  160  185  171  188  185     144   68   37    0   46   55   94
98    │ 114  191  206  147  125  142  161     164  114   83   46    0    9   48
99    │ 105  182  209  138  116  133  152     155  123   92   55    9    0   39
100   │  66  143  205  177  155  172  191  …  194  162  131   94   48   39    0
Cgl0004I processed model has 10201 rows, 10101 columns (10100 integer (10100 of which binary)) and 40100 elements
Cutoff increment increased from 1e-05 to 0.9999
Cbc0038I Initial state - 737 integers unsatisfied sum - 110
Cbc0038I Pass   1: (4.35 seconds) suminf.  102.01730 (1154) obj. 259.317 iterations 8152
Cbc0038I Pass   2: (5.30 seconds) suminf.    0.00000 (0) obj. 269 iterations 3146
Cbc0038I Solution found of 269
Cbc0038I Relaxing continuous gives 269
Cbc0038I Before mini branch and bound, 8309 integers at bound fixed and 0 continuous
Cbc0038I Full problem 10201 rows 10101 columns, reduced to 1927 rows 1792 columns
Cbc0038I Mini branch and bound improved solution from 269 to 134 (8.74 seconds)
Cbc0038I Round again with cutoff of 125.948
Cbc0038I Pass   3: (10.66 seconds) suminf.  102.79788 (1245) obj. 125.948 iterations 3615
Cbc0038I Pass   4: (12.04 seconds) suminf.   71.59977 (692) obj. 125.948 iterations 3664
Cbc0038I Pass   5: (12.21 seconds) suminf.   66.00873 (694) obj. 125.948 iterations 763
Cbc0038I Pass   6: (12.36 seconds) suminf.   64.46818 (651) obj. 125.948 iterations 509
Cbc0038I Pass   7: (12.70 seconds) suminf.   47.16954 (409) obj. 125.948 iterations 1335
Cbc0038I Pass   8: (12.76 seconds) suminf.   41.86801 (358) obj. 125.948 iterations 449
Cbc0038I Pass   9: (12.80 seconds) suminf.   41.51571 (346) obj. 125.948 iterations 188
Cbc0038I Pass  10: (12.82 seconds) suminf.   40.55451 (342) obj. 125.948 iterations 23
Cbc0038I Pass  11: (12.85 seconds) suminf.   32.63256 (307) obj. 125.948 iterations 319
Cbc0038I Pass  12: (12.89 seconds) suminf.   31.43806 (293) obj. 125.948 iterations 253
Cbc0038I Pass  13: (12.97 seconds) suminf.   23.44262 (210) obj. 125.948 iterations 576
Cbc0038I Pass  14: (12.99 seconds) suminf.   22.44187 (202) obj. 125.948 iterations 109
Cbc0038I Pass  15: (13.01 seconds) suminf.   19.18086 (178) obj. 125.948 iterations 271
Cbc0038I Pass  16: (13.03 seconds) suminf.   19.18086 (178) obj. 125.948 iterations 1
Cbc0038I Pass  17: (13.06 seconds) suminf.   12.37052 (116) obj. 125.948 iterations 556
Cbc0038I Pass  18: (13.08 seconds) suminf.    8.84750 (101) obj. 125.948 iterations 229
Cbc0038I Pass  19: (13.10 seconds) suminf.    6.71327 (73) obj. 125.948 iterations 236
Cbc0038I Pass  20: (13.12 seconds) suminf.    5.42804 (62) obj. 125.948 iterations 106
Cbc0038I Pass  21: (13.14 seconds) suminf.    4.94870 (48) obj. 125.948 iterations 246
Cbc0038I Pass  22: (13.16 seconds) suminf.    2.92511 (40) obj. 125.948 iterations 136
Cbc0038I Pass  23: (13.17 seconds) suminf.    3.19033 (41) obj. 125.948 iterations 103
Cbc0038I Pass  24: (13.19 seconds) suminf.    2.65409 (42) obj. 125.948 iterations 99
Cbc0038I Pass  25: (13.21 seconds) suminf.    4.82354 (23) obj. 125.948 iterations 171
Cbc0038I Pass  26: (13.22 seconds) suminf.    3.80480 (22) obj. 125.948 iterations 38
Cbc0038I Pass  27: (13.24 seconds) suminf.    5.28724 (18) obj. 125.948 iterations 117
Cbc0038I Pass  28: (13.25 seconds) suminf.    2.95696 (21) obj. 125.948 iterations 50
Cbc0038I Pass  29: (13.27 seconds) suminf.    2.73553 (21) obj. 125.948 iterations 18
Cbc0038I Pass  30: (13.28 seconds) suminf.    5.74925 (18) obj. 125.948 iterations 88
Cbc0038I Pass  31: (13.30 seconds) suminf.    5.02916 (18) obj. 125.948 iterations 62
Cbc0038I Pass  32: (13.33 seconds) suminf.    7.04073 (34) obj. 125.948 iterations 580
Cbc0038I No solution found this major pass
Cbc0038I Before mini branch and bound, 7829 integers at bound fixed and 0 continuous
Cbc0038I Full problem 10201 rows 10101 columns, reduced to 2394 rows 2272 columns
Cbc0038I Mini branch and bound improved solution from 134 to 115 (17.96 seconds)
Cbc0038I Round again with cutoff of 103.696
Cbc0038I Pass  32: (19.38 seconds) suminf.  103.85723 (981) obj. 103.696 iterations 2715
Cbc0038I Pass  33: (20.36 seconds) suminf.   82.87651 (728) obj. 103.696 iterations 2354
Cbc0038I Pass  34: (20.48 seconds) suminf.   80.64401 (781) obj. 103.696 iterations 335
Cbc0038I Pass  35: (20.56 seconds) suminf.   79.76184 (726) obj. 103.696 iterations 207
Cbc0038I Pass  36: (20.96 seconds) suminf.   56.10468 (363) obj. 103.696 iterations 1601
Cbc0038I Pass  37: (20.99 seconds) suminf.   50.79301 (334) obj. 103.696 iterations 276
Cbc0038I Pass  38: (21.04 seconds) suminf.   39.06023 (286) obj. 103.696 iterations 518
Cbc0038I Pass  39: (21.06 seconds) suminf.   38.51393 (291) obj. 103.696 iterations 63
Cbc0038I Pass  40: (21.14 seconds) suminf.   27.70503 (251) obj. 103.696 iterations 681
Cbc0038I Pass  41: (21.16 seconds) suminf.   27.09512 (219) obj. 103.696 iterations 162
Cbc0038I Pass  42: (21.20 seconds) suminf.   19.60493 (143) obj. 103.696 iterations 529
Cbc0038I Pass  43: (21.22 seconds) suminf.   17.60733 (142) obj. 103.696 iterations 86
Cbc0038I Pass  44: (21.24 seconds) suminf.   14.70353 (122) obj. 103.696 iterations 170
Cbc0038I Pass  45: (21.26 seconds) suminf.   13.24758 (117) obj. 103.696 iterations 65
Cbc0038I Pass  46: (21.29 seconds) suminf.    9.93937 (73) obj. 103.696 iterations 304
Cbc0038I Pass  47: (21.30 seconds) suminf.    8.16978 (72) obj. 103.696 iterations 126
Cbc0038I Pass  48: (21.32 seconds) suminf.    7.06896 (56) obj. 103.696 iterations 176
Cbc0038I Pass  49: (21.34 seconds) suminf.    4.10891 (50) obj. 103.696 iterations 99
Cbc0038I Pass  50: (21.35 seconds) suminf.    3.99864 (46) obj. 103.696 iterations 32
Cbc0038I Pass  51: (21.37 seconds) suminf.    5.63779 (52) obj. 103.696 iterations 69
Cbc0038I Pass  52: (21.40 seconds) suminf.   15.47474 (113) obj. 103.696 iterations 515
Cbc0038I Pass  53: (21.43 seconds) suminf.    7.43808 (62) obj. 103.696 iterations 521
Cbc0038I Pass  54: (21.45 seconds) suminf.    7.39188 (59) obj. 103.696 iterations 18
Cbc0038I Pass  55: (21.47 seconds) suminf.    7.25013 (43) obj. 103.696 iterations 196
Cbc0038I Pass  56: (21.49 seconds) suminf.    5.31091 (48) obj. 103.696 iterations 114
Cbc0038I Pass  57: (21.50 seconds) suminf.    4.24850 (45) obj. 103.696 iterations 20
Cbc0038I Pass  58: (21.52 seconds) suminf.    4.84625 (37) obj. 103.696 iterations 220
Cbc0038I Pass  59: (21.53 seconds) suminf.    4.79093 (36) obj. 103.696 iterations 66
Cbc0038I Pass  60: (21.55 seconds) suminf.    3.62469 (40) obj. 103.696 iterations 141
Cbc0038I Pass  61: (21.56 seconds) suminf.    3.07171 (38) obj. 103.696 iterations 18
Cbc0038I No solution found this major pass
Cbc0038I Before mini branch and bound, 8138 integers at bound fixed and 0 continuous
Cbc0038I Full problem 10201 rows 10101 columns, reduced to 2083 rows 1963 columns
Cbc0038I Mini branch and bound improved solution from 115 to 113 (24.19 seconds)
Cbc0038I Round again with cutoff of 91.3316
Cbc0038I Pass  61: (24.96 seconds) suminf.  105.02501 (893) obj. 91.3316 iterations 1514
Cbc0038I Pass  62: (25.57 seconds) suminf.   90.42722 (682) obj. 91.3316 iterations 1598
Cbc0038I Pass  63: (25.77 seconds) suminf.   89.58985 (647) obj. 91.3316 iterations 554
Cbc0038I Pass  64: (26.16 seconds) suminf.   66.44896 (508) obj. 91.3316 iterations 1345
Cbc0038I Pass  65: (26.22 seconds) suminf.   63.79392 (465) obj. 91.3316 iterations 213
Cbc0038I Pass  66: (26.32 seconds) suminf.   57.28390 (445) obj. 91.3316 iterations 556
Cbc0038I Pass  67: (26.38 seconds) suminf.   54.41581 (468) obj. 91.3316 iterations 315
Cbc0038I Pass  68: (26.46 seconds) suminf.   40.06690 (307) obj. 91.3316 iterations 587
Cbc0038I Pass  69: (26.48 seconds) suminf.   40.06690 (307) obj. 91.3316 iterations 1
Cbc0038I Pass  70: (26.52 seconds) suminf.   32.83900 (273) obj. 91.3316 iterations 387
Cbc0038I Pass  71: (26.55 seconds) suminf.   28.65523 (233) obj. 91.3316 iterations 227
Cbc0038I Pass  72: (26.57 seconds) suminf.   26.90182 (225) obj. 91.3316 iterations 35
Cbc0038I Pass  73: (26.63 seconds) suminf.   22.20149 (151) obj. 91.3316 iterations 469
Cbc0038I Pass  74: (26.66 seconds) suminf.   20.90008 (181) obj. 91.3316 iterations 190
Cbc0038I Pass  75: (26.72 seconds) suminf.   19.99555 (166) obj. 91.3316 iterations 478
Cbc0038I Pass  76: (26.75 seconds) suminf.   18.28915 (167) obj. 91.3316 iterations 138
Cbc0038I Pass  77: (26.79 seconds) suminf.   14.91293 (118) obj. 91.3316 iterations 295
Cbc0038I Pass  78: (26.80 seconds) suminf.   13.89560 (112) obj. 91.3316 iterations 60
Cbc0038I Pass  79: (26.83 seconds) suminf.   11.27630 (94) obj. 91.3316 iterations 238
Cbc0038I Pass  80: (26.85 seconds) suminf.   10.98597 (95) obj. 91.3316 iterations 71
Cbc0038I Pass  81: (26.87 seconds) suminf.   10.77255 (86) obj. 91.3316 iterations 194
Cbc0038I Pass  82: (26.89 seconds) suminf.    8.18953 (75) obj. 91.3316 iterations 101
Cbc0038I Pass  83: (26.91 seconds) suminf.    7.68101 (75) obj. 91.3316 iterations 67
Cbc0038I Pass  84: (26.94 seconds) suminf.    9.76523 (71) obj. 91.3316 iterations 124
Cbc0038I Pass  85: (26.96 seconds) suminf.    8.72883 (83) obj. 91.3316 iterations 157
Cbc0038I Pass  86: (26.98 seconds) suminf.    6.53394 (54) obj. 91.3316 iterations 301
Cbc0038I Pass  87: (27.00 seconds) suminf.    6.47059 (59) obj. 91.3316 iterations 70
Cbc0038I Pass  88: (27.02 seconds) suminf.    4.43154 (53) obj. 91.3316 iterations 134
Cbc0038I Pass  89: (27.04 seconds) suminf.    3.88561 (42) obj. 91.3316 iterations 111
Cbc0038I Pass  90: (27.05 seconds) suminf.    3.77663 (38) obj. 91.3316 iterations 30
Cbc0038I No solution found this major pass
Cbc0038I Before mini branch and bound, 8282 integers at bound fixed and 0 continuous
Cbc0038I Full problem 10201 rows 10101 columns, reduced to 1938 rows 1819 columns
Cbc0038I Mini branch and bound improved solution from 113 to 110 (30.86 seconds)
Cbc0038I Round again with cutoff of 82.6763
Cbc0038I Pass  90: (31.38 seconds) suminf.  106.10696 (799) obj. 82.6763 iterations 956
Cbc0038I Pass  91: (31.86 seconds) suminf.   89.88951 (702) obj. 82.6763 iterations 1265
Cbc0038I Pass  92: (31.89 seconds) suminf.   88.97173 (675) obj. 82.6763 iterations 26
Cbc0038I Pass  93: (32.12 seconds) suminf.   72.73534 (450) obj. 82.6763 iterations 961
Cbc0038I Pass  94: (32.17 seconds) suminf.   68.40882 (458) obj. 82.6763 iterations 203
Cbc0038I Pass  95: (32.29 seconds) suminf.   61.28773 (407) obj. 82.6763 iterations 647
Cbc0038I Pass  96: (32.34 seconds) suminf.   61.07634 (416) obj. 82.6763 iterations 167
Cbc0038I Pass  97: (32.44 seconds) suminf.   50.23274 (309) obj. 82.6763 iterations 392
Cbc0038I Pass  98: (32.46 seconds) suminf.   50.23274 (309) obj. 82.6763 iterations 13
Cbc0038I Pass  99: (32.53 seconds) suminf.   36.23482 (258) obj. 82.6763 iterations 609
Cbc0038I Pass 100: (32.57 seconds) suminf.   35.11176 (252) obj. 82.6763 iterations 114
Cbc0038I Pass 101: (32.59 seconds) suminf.   34.81350 (250) obj. 82.6763 iterations 5
Cbc0038I Pass 102: (32.64 seconds) suminf.   28.05666 (203) obj. 82.6763 iterations 379
Cbc0038I Pass 103: (32.66 seconds) suminf.   27.16114 (198) obj. 82.6763 iterations 32
Cbc0038I Pass 104: (32.71 seconds) suminf.   24.93925 (157) obj. 82.6763 iterations 303
Cbc0038I Pass 105: (32.73 seconds) suminf.   23.96712 (140) obj. 82.6763 iterations 96
Cbc0038I Pass 106: (32.75 seconds) suminf.   23.87228 (151) obj. 82.6763 iterations 25
Cbc0038I Pass 107: (32.78 seconds) suminf.   24.75501 (143) obj. 82.6763 iterations 249
Cbc0038I Pass 108: (32.81 seconds) suminf.   23.82645 (146) obj. 82.6763 iterations 108
Cbc0038I Pass 109: (32.83 seconds) suminf.   23.82645 (146) obj. 82.6763 iterations 6
Cbc0038I Pass 110: (32.86 seconds) suminf.   23.29285 (157) obj. 82.6763 iterations 162
Cbc0038I Pass 111: (32.88 seconds) suminf.   22.92909 (157) obj. 82.6763 iterations 39
Cbc0038I Pass 112: (32.91 seconds) suminf.   21.72622 (127) obj. 82.6763 iterations 297
Cbc0038I Pass 113: (32.93 seconds) suminf.   20.71673 (116) obj. 82.6763 iterations 57
Cbc0038I Pass 114: (32.96 seconds) suminf.   19.09150 (117) obj. 82.6763 iterations 133
Cbc0038I Pass 115: (32.98 seconds) suminf.   17.98235 (106) obj. 82.6763 iterations 94
Cbc0038I Pass 116: (33.00 seconds) suminf.   17.01417 (97) obj. 82.6763 iterations 83
Cbc0038I Pass 117: (33.02 seconds) suminf.   16.70487 (103) obj. 82.6763 iterations 72
Cbc0038I Pass 118: (33.04 seconds) suminf.   17.11166 (98) obj. 82.6763 iterations 157
Cbc0038I Pass 119: (33.06 seconds) suminf.   16.68304 (100) obj. 82.6763 iterations 82
Cbc0038I No solution found this major pass
Cbc0038I Before mini branch and bound, 8530 integers at bound fixed and 0 continuous
Cbc0038I Full problem 10201 rows 10101 columns, reduced to 1692 rows 1571 columns
Cbc0038I Mini branch and bound improved solution from 110 to 109 (36.92 seconds)
Cbc0038I Round again with cutoff of 74.5981
Cbc0038I Pass 119: (37.45 seconds) suminf.  107.47459 (774) obj. 74.5981 iterations 987
Cbc0038I Pass 120: (37.80 seconds) suminf.   86.68773 (489) obj. 74.5981 iterations 1080
Cbc0038I Pass 121: (37.89 seconds) suminf.   83.85437 (463) obj. 74.5981 iterations 377
Cbc0038I Pass 122: (38.01 seconds) suminf.   73.57030 (458) obj. 74.5981 iterations 513
Cbc0038I Pass 123: (38.05 seconds) suminf.   72.92029 (443) obj. 74.5981 iterations 79
Cbc0038I Pass 124: (38.20 seconds) suminf.   66.10930 (370) obj. 74.5981 iterations 623
Cbc0038I Pass 125: (38.22 seconds) suminf.   66.10930 (370) obj. 74.5981 iterations 17
Cbc0038I Pass 126: (38.36 seconds) suminf.   56.62574 (311) obj. 74.5981 iterations 668
Cbc0038I Pass 127: (38.40 seconds) suminf.   51.38554 (263) obj. 74.5981 iterations 223
Cbc0038I Pass 128: (38.42 seconds) suminf.   51.38554 (263) obj. 74.5981 iterations 1
Cbc0038I Pass 129: (38.48 seconds) suminf.   46.67735 (264) obj. 74.5981 iterations 309
Cbc0038I Pass 130: (38.50 seconds) suminf.   46.43451 (248) obj. 74.5981 iterations 40
Cbc0038I Pass 131: (38.55 seconds) suminf.   44.97602 (226) obj. 74.5981 iterations 254
Cbc0038I Pass 132: (38.58 seconds) suminf.   43.87151 (259) obj. 74.5981 iterations 117
Cbc0038I Pass 133: (38.61 seconds) suminf.   43.82983 (249) obj. 74.5981 iterations 83
Cbc0038I Pass 134: (38.66 seconds) suminf.   43.84466 (222) obj. 74.5981 iterations 238
Cbc0038I Pass 135: (38.68 seconds) suminf.   43.52808 (227) obj. 74.5981 iterations 82
Cbc0038I Pass 136: (38.71 seconds) suminf.   43.52477 (233) obj. 74.5981 iterations 18
Cbc0038I Pass 137: (38.75 seconds) suminf.   43.01659 (247) obj. 74.5981 iterations 233
Cbc0038I Pass 138: (38.77 seconds) suminf.   42.75329 (245) obj. 74.5981 iterations 49
Cbc0038I Pass 139: (38.81 seconds) suminf.   42.73767 (213) obj. 74.5981 iterations 175
Cbc0038I Pass 140: (38.84 seconds) suminf.   42.40136 (205) obj. 74.5981 iterations 56
Cbc0038I Pass 141: (38.86 seconds) suminf.   42.40136 (205) obj. 74.5981 iterations 5
Cbc0038I Pass 142: (38.93 seconds) suminf.   38.97503 (235) obj. 74.5981 iterations 418
Cbc0038I Pass 143: (38.95 seconds) suminf.   38.97098 (228) obj. 74.5981 iterations 17
Cbc0038I Pass 144: (39.00 seconds) suminf.   37.69264 (194) obj. 74.5981 iterations 334
Cbc0038I Pass 145: (39.05 seconds) suminf.   36.21210 (195) obj. 74.5981 iterations 244
Cbc0038I Pass 146: (39.08 seconds) suminf.   35.45642 (188) obj. 74.5981 iterations 128
Cbc0038I Pass 147: (39.14 seconds) suminf.   28.10633 (140) obj. 74.5981 iterations 287
Cbc0038I Pass 148: (39.16 seconds) suminf.   24.94063 (130) obj. 74.5981 iterations 165
Cbc0038I No solution found this major pass
Cbc0038I Before mini branch and bound, 8661 integers at bound fixed and 0 continuous
Cbc0038I Full problem 10201 rows 10101 columns, reduced to 1564 rows 1440 columns
Cbc0038I Mini branch and bound improved solution from 109 to 103 (42.79 seconds)
Cbc0038I After 42.80 seconds - Feasibility pump exiting with objective of 103 - took 41.84 seconds
Cbc0012I Integer solution of 103 found by feasibility pump after 0 iterations and 0 nodes (42.80 seconds)
Cbc0038I Full problem 10201 rows 10101 columns, reduced to 904 rows 762 columns
Cbc0012I Integer solution of 99 found by RINS after 0 iterations and 0 nodes (45.24 seconds)
Cbc0013I At root node, 0 cuts changed objective from 62.480691 to 66.384586 in 1 passes
Cbc0014I Cut generator 0 (Probing) - 532 row cuts average 2.9 elements, 1 column cuts (1 active)  in 0.048 seconds - new frequency is 1
Cbc0014I Cut generator 1 (Gomory) - 0 row cuts average 0.0 elements, 0 column cuts (0 active)  in 0.075 seconds - new frequency is -100
Cbc0014I Cut generator 2 (Knapsack) - 0 row cuts average 0.0 elements, 0 column cuts (0 active)  in 0.007 seconds - new frequency is -100
Cbc0014I Cut generator 3 (Clique) - 0 row cuts average 0.0 elements, 0 column cuts (0 active)  in 0.003 seconds - new frequency is -100
Cbc0014I Cut generator 4 (MixedIntegerRounding2) - 0 row cuts average 0.0 elements, 0 column cuts (0 active)  in 0.007 seconds - new frequency is -100
Cbc0014I Cut generator 5 (FlowCover) - 0 row cuts average 0.0 elements, 0 column cuts (0 active)  in 0.001 seconds - new frequency is -100
Cbc0010I After 0 nodes, 1 on tree, 99 best solution, best possible 66.384586 (46.20 seconds)
Cbc0012I Integer solution of 98 found by DiveCoefficient after 2336 iterations and 5 nodes (48.27 seconds)
Cbc0012I Integer solution of 98 found by heuristic after 2036 iterations and 4 nodes (48.27 seconds)
Cbc0012I Integer solution of 97 found by DiveCoefficient after 3110 iterations and 6 nodes (48.45 seconds)
Cbc0012I Integer solution of 97 found by heuristic after 2336 iterations and 5 nodes (48.67 seconds)
Cbc0004I Integer solution of 96 found after 6094 iterations and 18 nodes (49.73 seconds)
Cbc0012I Integer solution of 96 found by heuristic after 5993 iterations and 17 nodes (49.73 seconds)
Cbc0004I Integer solution of 95 found after 8232 iterations and 30 nodes (50.19 seconds)
Cbc0012I Integer solution of 95 found by heuristic after 7856 iterations and 29 nodes (50.19 seconds)
Cbc0038I Full problem 10201 rows 10101 columns, reduced to 2183 rows 2083 columns
Cbc0044I Reduced cost fixing - 2183 rows, 2083 columns - restarting search
Cbc0012I Integer solution of 95 found by Previous solution after 0 iterations and 0 nodes (52.74 seconds)
Cbc0038I Full problem 2183 rows 2083 columns, reduced to 773 rows 629 columns

###############################################################
 Daskin 
###############################################################

X 
100×100 Named Array{Float64,2}
A ╲ B │   1    2    3    4    5    6    7  …   94   95   96   97   98   99  100
──────┼────────────────────────────────────────────────────────────────────────
1     │ 0.0  0.0  0.0  0.0  0.0  0.0  0.0  …  0.0  0.0  0.0  0.0  0.0  0.0  0.0
2     │ 0.0  0.0  0.0  0.0  0.0  0.0  0.0     0.0  0.0  0.0  0.0  0.0  0.0  0.0
3     │ 0.0  0.0  0.0  0.0  0.0  0.0  0.0     0.0  0.0  0.0  0.0  0.0  0.0  0.0
4     │ 0.0  0.0  0.0  0.0  0.0  0.0  0.0     0.0  0.0  0.0  0.0  0.0  0.0  0.0
5     │ 0.0  0.0  0.0  0.0  0.0  0.0  0.0     0.0  0.0  0.0  0.0  0.0  0.0  0.0
6     │ 0.0  0.0  0.0  0.0  0.0  0.0  0.0     0.0  0.0  0.0  0.0  0.0  0.0  0.0
7     │ 0.0  0.0  0.0  0.0  0.0  0.0  0.0     0.0  0.0  0.0  0.0  0.0  0.0  0.0
8     │ 0.0  0.0  0.0  0.0  0.0  0.0  0.0     0.0  0.0  0.0  0.0  0.0  0.0  0.0
9     │ 0.0  0.0  0.0  0.0  0.0  0.0  0.0     0.0  0.0  0.0  0.0  0.0  0.0  0.0
⋮         ⋮    ⋮    ⋮    ⋮    ⋮    ⋮    ⋮  ⋱    ⋮    ⋮    ⋮    ⋮    ⋮    ⋮    ⋮
92    │ 0.0  0.0  0.0  0.0  0.0  0.0  0.0     0.0  0.0  0.0  0.0  0.0  0.0  0.0
93    │ 0.0  0.0  0.0  0.0  0.0  0.0  0.0     0.0  0.0  0.0  0.0  0.0  0.0  0.0
94    │ 0.0  0.0  0.0  0.0  0.0  0.0  0.0     0.0  0.0  0.0  0.0  0.0  0.0  0.0
95    │ 0.0  0.0  0.0  0.0  0.0  0.0  0.0     0.0  0.0  0.0  0.0  0.0  0.0  0.0
96    │ 0.0  0.0  0.0  0.0  0.0  0.0  0.0     0.0  0.0  0.0  0.0  0.0  0.0  0.0
97    │ 0.0  0.0  0.0  0.0  0.0  0.0  0.0     0.0  0.0  0.0  0.0  0.0  0.0  0.0
98    │ 0.0  0.0  0.0  0.0  0.0  0.0  0.0     0.0  0.0  0.0  0.0  0.0  0.0  0.0
99    │ 0.0  0.0  0.0  0.0  0.0  0.0  0.0     0.0  0.0  0.0  0.0  0.0  0.0  0.0
100   │ 0.0  0.0  0.0  0.0  0.0  0.0  0.0  …  0.0  0.0  0.0  0.0  0.0  0.0  0.0

Y 
100-element Named Array{Float64,1}
A   │ 
────┼────
1   │ 0.0
2   │ 0.0
3   │ 0.0
4   │ 0.0
5   │ 0.0
6   │ 0.0
7   │ 0.0
8   │ 0.0
9   │ 0.0
⋮       ⋮
92  │ 0.0
93  │ 0.0
94  │ 0.0
95  │ 0.0
96  │ 0.0
97  │ 0.0
98  │ 0.0
99  │ 0.0
100 │ 0.0

Optimal !
Objective function value is 93.0
Selected nodes: 18, 32, 36, 48, 49, 52, 77, 81, 82, 87

Cbc0012I Integer solution of 93 found by DiveCoefficient after 981 iterations and 0 nodes (53.21 seconds)
Cbc0031I 1 added rows had average density of 213
Cbc0013I At root node, 1 cuts changed objective from 66.384586 to 93 in 2 passes
Cbc0014I Cut generator 0 (Probing) - 339 row cuts average 2.8 elements, 1 column cuts (1 active)  in 0.024 seconds - new frequency is 1
Cbc0014I Cut generator 1 (Gomory) - 8 row cuts average 225.4 elements, 0 column cuts (0 active)  in 0.006 seconds - new frequency is -100
Cbc0014I Cut generator 2 (Knapsack) - 0 row cuts average 0.0 elements, 0 column cuts (0 active)  in 0.006 seconds - new frequency is -100
Cbc0014I Cut generator 3 (Clique) - 0 row cuts average 0.0 elements, 0 column cuts (0 active)  in 0.000 seconds - new frequency is -100
Cbc0014I Cut generator 4 (MixedIntegerRounding2) - 0 row cuts average 0.0 elements, 0 column cuts (0 active)  in 0.002 seconds - new frequency is -100
Cbc0014I Cut generator 5 (FlowCover) - 0 row cuts average 0.0 elements, 0 column cuts (0 active)  in 0.001 seconds - new frequency is -100
Cbc0014I Cut generator 6 (TwoMirCuts) - 16 row cuts average 254.5 elements, 0 column cuts (0 active)  in 0.025 seconds - new frequency is -100
Cbc0030I Thread 0 used 0 times,  waiting to start 0, 0 cpu time, 0 locks, 0 locked, 0 waiting for locks
Cbc0030I Main thread 0 waiting for threads,  1 locks, 2.6226044e-06 locked, 7.1525574e-07 waiting for locks
Cbc0001I Search completed - best objective 93, took 981 iterations and 0 nodes (53.21 seconds)
Cbc0035I Maximum depth 0, 45 variables fixed on reduced cost
Cbc0038I Probing was tried 4 times and created 679 cuts of which 0 were active after adding rounds of cuts (0.048 seconds)
Cbc0038I Gomory was tried 4 times and created 16 cuts of which 0 were active after adding rounds of cuts (0.012 seconds)
Cbc0038I Knapsack was tried 4 times and created 0 cuts of which 0 were active after adding rounds of cuts (0.013 seconds)
Cbc0038I Clique was tried 4 times and created 0 cuts of which 0 were active after adding rounds of cuts (0.000 seconds)
Cbc0038I MixedIntegerRounding2 was tried 4 times and created 0 cuts of which 0 were active after adding rounds of cuts (0.005 seconds)
Cbc0038I FlowCover was tried 4 times and created 0 cuts of which 0 were active after adding rounds of cuts (0.001 seconds)
Cbc0038I TwoMirCuts was tried 4 times and created 32 cuts of which 0 were active after adding rounds of cuts (0.050 seconds)
Cbc0012I Integer solution of 93 found by Reduced search after 17318 iterations and 50 nodes (53.34 seconds)
Cbc0030I Thread 0 used 50 times,  waiting to start 1.0172415, 6.171355 cpu time, 238 locks, 0.014810085 locked, 5.7458878e-05 waiting for locks
Cbc0030I Main thread 6.1781471 waiting for threads,  110 locks, 0.00019478798 locked, 2.1934509e-05 waiting for locks
Cbc0001I Search completed - best objective 93, took 17318 iterations and 50 nodes (53.35 seconds)
Cbc0032I Strong branching done 662 times (28432 iterations), fathomed 0 nodes and fixed 0 variables
Cbc0035I Maximum depth 13, 230 variables fixed on reduced cost
Total time (CPU seconds):       53.45   (Wallclock seconds):       53.78

