
###############################################################
 General Information 
###############################################################

Formulation: ELLOUMI, loglevel: 1 , ratio: 0, 
timeout: 7200.0, threads: 1 

Problem parameters: 
 n = 10 
 p = 1 

Instance values: 
10×10 Named Array{Int64,2}
A ╲ B │  1   2   3   4   5   6   7   8   9  10
──────┼───────────────────────────────────────
1     │  0  96  77   1   9   9   7   6   0   2
2     │ 15   0  79  45  84  86  97  83   4  71
3     │ 37   4   0  66  23   6  83  44   9  62
4     │  9  48  27   0  28  17  31  16   9  71
5     │ 15  57  27  40   0  74  43  92  69  50
6     │ 94  24   4  17  29   0  93  91  84  43
7     │ 93  90  19   3  59  34   0  12  67  24
8     │ 28  41  92  72  68  88  29   0  18  90
9     │ 40  44  38  47  10  14  49  79   0  31
10    │ 25  65  22  46  86  18  53  34  72   0

D = [0, 1, 2, 3, 4, 6, 7, 9, 10, 12, 14, 15, 16, 17, 18, 19, 22, 23, 24, 25, 27, 28, 29, 31, 34, 37, 38, 40, 41, 43, 44, 45, 46, 47, 48, 49, 50, 53, 57, 59, 62, 65, 66, 67, 68, 69, 71, 72, 74, 77, 79, 83, 84, 86, 88, 90, 91, 92, 93, 94, 96, 97]
k = 62

###############################################################
 Elloumi 
###############################################################

Y 
10-element Named Array{Float64,1}
A  │ 
───┼────
1  │ 0.0
2  │ 0.0
3  │ 0.0
4  │ 1.0
5  │ 0.0
6  │ 0.0
7  │ 0.0
8  │ 0.0
9  │ 0.0
10 │ 0.0

uk: 1 dimensions:
[ 2] = 1.0
[ 3] = 1.0
[ 4] = 1.0
[ 5] = 1.0
[ 6] = 1.0
[ 7] = 1.0
[ 8] = 1.0
[ 9] = 1.0
[10] = 1.0
[11] = 1.0
[12] = 1.0
[13] = 1.0
[14] = 1.0
[15] = 1.0
[16] = 1.0
[17] = 1.0
[18] = 1.0
[19] = 1.0
[20] = 1.0
[21] = 1.0
[22] = 1.0
[23] = 1.0
[24] = 1.0
[25] = 1.0
[26] = 1.0
[27] = 1.0
[28] = 1.0
[29] = 1.0
[30] = 1.0
[31] = 1.0
[32] = 1.0
[33] = 1.0
[34] = 1.0
[35] = 1.0
[36] = 1.0
[37] = 1.0
[38] = 1.0
[39] = 1.0
[40] = 1.0
[41] = 1.0
[42] = 1.0
[43] = 1.0
[44] = 1.0
[45] = 1.0
[46] = 1.0
[47] = 1.0
[48] = 1.0
[49] = 0.0
[50] = 0.0
[51] = 0.0
[52] = 0.0
[53] = 0.0
[54] = 0.0
[55] = 0.0
[56] = 0.0
[57] = 0.0
[58] = 0.0
[59] = 0.0
[60] = 0.0
[61] = 0.0
[62] = 0.0

Optimal !
Objective function value is 72.0
Selected nodes: 4
Cgl0003I 14 fixed, 0 tightened bounds, 0 strengthened rows, 0 substitutions
Cgl0003I 0 fixed, 0 tightened bounds, 115 strengthened rows, 0 substitutions
Cgl0003I 7 fixed, 0 tightened bounds, 164 strengthened rows, 0 substitutions
Cgl0003I 10 fixed, 0 tightened bounds, 0 strengthened rows, 0 substitutions
Cgl0003I 0 fixed, 0 tightened bounds, 103 strengthened rows, 0 substitutions
Cgl0003I 15 fixed, 0 tightened bounds, 0 strengthened rows, 0 substitutions
Cgl0004I processed model has 105 rows, 25 columns (25 integer (25 of which binary)) and 892 elements
Cutoff increment increased from 1e-05 to 0.9999
Cbc0038I Initial state - 0 integers unsatisfied sum - 0
Cbc0038I Solution found of 72
Cbc0038I Before mini branch and bound, 25 integers at bound fixed and 0 continuous
Cbc0038I Mini branch and bound did not improve solution (0.04 seconds)
Cbc0038I After 0.04 seconds - Feasibility pump exiting with objective of 72 - took 0.00 seconds
Cbc0012I Integer solution of 72 found by feasibility pump after 0 iterations and 0 nodes (0.04 seconds)
Cbc0030I Thread 0 used 0 times,  waiting to start 0, 0 cpu time, 0 locks, 0 locked, 0 waiting for locks
Cbc0030I Main thread 0 waiting for threads,  1 locks, 6.4373016e-06 locked, 1.0728836e-05 waiting for locks
Cbc0001I Search completed - best objective 72, took 0 iterations and 0 nodes (0.04 seconds)
Cbc0035I Maximum depth 0, 0 variables fixed on reduced cost
Total time (CPU seconds):       0.05   (Wallclock seconds):       0.05

