
###############################################################
 General Information 
###############################################################

Formulation: ELLOUMI, loglevel: 1 , ratio: 0, 
timeout: 7200.0, threads: 1 

Problem parameters: 
 n = 10 
 p = 1 

Instance values: 
10×10 Named Array{Int64,2}
A ╲ B │   1    2    3    4    5    6    7    8    9   10
──────┼─────────────────────────────────────────────────
1     │   0   66   63   82    7    2   96    7   43   54
2     │  52    0   24    3   32   26   57   72   98   79
3     │ 100   81    0   94   59   47   25   61   11   89
4     │   6    8   31    0   99   98   72   65   64   80
5     │  83    9   38    1    0   66   88    8   79   23
6     │  45   57    2   89   49    0   58   37   97   49
7     │  90   17   92   80   97    5    0   39   16   59
8     │  76   51   90   73   14   80   41    0   66   35
9     │  60   46   46   92    1    6   92   20    0   16
10    │  23   65   87   90   92   50    5   45   83    0

D = [0, 1, 2, 3, 5, 6, 7, 8, 9, 11, 14, 16, 17, 20, 23, 24, 25, 26, 31, 32, 35, 37, 38, 39, 41, 43, 45, 46, 47, 49, 50, 51, 52, 54, 57, 58, 59, 60, 61, 63, 64, 65, 66, 72, 73, 76, 79, 80, 81, 82, 83, 87, 88, 89, 90, 92, 94, 96, 97, 98, 99, 100]
k = 62

###############################################################
 Elloumi 
###############################################################

Y 
10-element Named Array{Float64,1}
A  │ 
───┼────
1  │ 0.0
2  │ 0.0
3  │ 0.0
4  │ 0.0
5  │ 0.0
6  │ 0.0
7  │ 0.0
8  │ 1.0
9  │ 0.0
10 │ 0.0

uk: 1 dimensions:
[ 2] = 1.0
[ 3] = 1.0
[ 4] = 1.0
[ 5] = 1.0
[ 6] = 1.0
[ 7] = 1.0
[ 8] = 1.0
[ 9] = 1.0
[10] = 1.0
[11] = 1.0
[12] = 1.0
[13] = 1.0
[14] = 1.0
[15] = 1.0
[16] = 1.0
[17] = 1.0
[18] = 1.0
[19] = 1.0
[20] = 1.0
[21] = 1.0
[22] = 1.0
[23] = 1.0
[24] = 1.0
[25] = 1.0
[26] = 1.0
[27] = 1.0
[28] = 1.0
[29] = 1.0
[30] = 1.0
[31] = 1.0
[32] = 1.0
[33] = 1.0
[34] = 1.0
[35] = 1.0
[36] = 1.0
[37] = 1.0
[38] = 1.0
[39] = 1.0
[40] = 1.0
[41] = 1.0
[42] = 1.0
[43] = 1.0
[44] = 1.0
[45] = 0.0
[46] = 0.0
[47] = 0.0
[48] = 0.0
[49] = 0.0
[50] = 0.0
[51] = 0.0
[52] = 0.0
[53] = 0.0
[54] = 0.0
[55] = 0.0
[56] = 0.0
[57] = 0.0
[58] = 0.0
[59] = 0.0
[60] = 0.0
[61] = 0.0
[62] = 0.0

Optimal !
Objective function value is 72.0
Selected nodes: 8
Cgl0003I 10 fixed, 0 tightened bounds, 116 strengthened rows, 0 substitutions
Cgl0003I 9 fixed, 0 tightened bounds, 0 strengthened rows, 0 substitutions
Cgl0003I 0 fixed, 0 tightened bounds, 245 strengthened rows, 0 substitutions
Cgl0003I 7 fixed, 0 tightened bounds, 0 strengthened rows, 0 substitutions
Cgl0003I 0 fixed, 0 tightened bounds, 129 strengthened rows, 0 substitutions
Cgl0003I 14 fixed, 0 tightened bounds, 0 strengthened rows, 0 substitutions
Cgl0004I processed model has 164 rows, 31 columns (31 integer (31 of which binary)) and 1193 elements
Cutoff increment increased from 1e-05 to 0.9999
Cbc0038I Initial state - 0 integers unsatisfied sum - 0
Cbc0038I Solution found of 72
Cbc0038I Before mini branch and bound, 31 integers at bound fixed and 0 continuous
Cbc0038I Mini branch and bound did not improve solution (0.05 seconds)
Cbc0038I After 0.05 seconds - Feasibility pump exiting with objective of 72 - took 0.00 seconds
Cbc0012I Integer solution of 72 found by feasibility pump after 0 iterations and 0 nodes (0.05 seconds)
Cbc0030I Thread 0 used 0 times,  waiting to start 2.3841858e-07, 0 cpu time, 0 locks, 0 locked, 0 waiting for locks
Cbc0030I Main thread 0 waiting for threads,  1 locks, 6.1988831e-06 locked, 2.8610229e-06 waiting for locks
Cbc0001I Search completed - best objective 72, took 0 iterations and 0 nodes (0.05 seconds)
Cbc0035I Maximum depth 0, 0 variables fixed on reduced cost
Total time (CPU seconds):       0.05   (Wallclock seconds):       0.05

