
###############################################################
 General Information 
###############################################################

Formulation: ELLOUMI, loglevel: 1 , ratio: 0, 
timeout: 7200.0, threads: 1 

Problem parameters: 
 n = 20 
 p = 10 

Instance values: 
20×20 Named Array{Int64,2}
A ╲ B │   1    2    3    4    5    6    7  …   14   15   16   17   18   19   20
──────┼────────────────────────────────────────────────────────────────────────
1     │   0   96   28   84   73    2   23  …   50   51    9   80   91   73   85
2     │  67    0   26   62   76   49   30      23    6   44   75   41   99    1
3     │  56   22    0   25   33   59   22      59   87    1   51   45   83   40
4     │  83   29   93    0   86    3   76       7   10   58   97   75   87   55
5     │  94   22   56   58    0   49   40      64   24   70   67   83    5   44
6     │  14   27   18   95   52    0   94      83   14   84   10   52   89   11
7     │  21    6   59   25   21   80    0      51   59    4   28   17    4   26
8     │   7   64   97   65   47   10   10       7   39   12   33   51   64   17
9     │  11   73   18    9   98   30   65      52   90   48    6    4   97   25
⋮         ⋮    ⋮    ⋮    ⋮    ⋮    ⋮    ⋮  ⋱    ⋮    ⋮    ⋮    ⋮    ⋮    ⋮    ⋮
12    │  87  100    6   80    5   37   43      13   30   74   11   25   42   38
13    │   3   81   97    6   91   47   99      70    4    5   30   26   54   73
14    │  49   33   30   30   94   16   25       0   15    0    9   72   39   83
15    │  34  100    3   78   72   35    7      20    0    7   74   47   95   22
16    │  26   45   40    6   83   14   29      40   10    0   41   52   15   12
17    │  41   90    3    9   61   14   73      71  100   88    0   75   35    7
18    │  13   42   38   24   90   72   11      53   37   98   75    0    8   62
19    │  98   38   23   67  100   70   60      54   53   39   94   57    0   64
20    │  71   18   76   43   93   33   17  …   25    5   87   40   39   66    0

D = [0, 1, 2, 3, 4, 5, 6, 7, 8, 9, 10, 11, 12, 13, 14, 15, 16, 17, 18, 19, 20, 21, 22, 23, 24, 25, 26, 27, 28, 29, 30, 31, 32, 33, 34, 35, 36, 37, 38, 39, 40, 41, 42, 43, 44, 45, 46, 47, 48, 49, 50, 51, 52, 53, 54, 55, 56, 57, 58, 59, 60, 61, 62, 63, 64, 65, 66, 67, 68, 69, 70, 71, 72, 73, 74, 75, 76, 77, 78, 80, 81, 82, 83, 84, 85, 86, 87, 88, 89, 90, 91, 92, 93, 94, 95, 96, 97, 98, 99, 100]
k = 100

###############################################################
 Elloumi 
###############################################################

Y 
20-element Named Array{Float64,1}
A  │ 
───┼────
1  │ 0.0
2  │ 0.0
3  │ 1.0
4  │ 0.0
5  │ 1.0
6  │ 1.0
7  │ 0.0
8  │ 1.0
9  │ 0.0
⋮      ⋮
12 │ 1.0
13 │ 1.0
14 │ 0.0
15 │ 0.0
16 │ 1.0
17 │ 0.0
18 │ 1.0
19 │ 1.0
20 │ 1.0

uk: 1 dimensions:
[  2] = 1.0
[  3] = 1.0
[  4] = 1.0
[  5] = 1.0
[  6] = 0.0
[  7] = 0.0
[  8] = 0.0
[  9] = 0.0
[ 10] = 0.0
[ 11] = 0.0
[ 12] = 0.0
[ 13] = 0.0
[ 14] = 0.0
[ 15] = 0.0
[ 16] = 0.0
[ 17] = 0.0
[ 18] = 0.0
[ 19] = 0.0
[ 20] = 0.0
[ 21] = 0.0
[ 22] = 0.0
[ 23] = 0.0
[ 24] = 0.0
[ 25] = 0.0
[ 26] = 0.0
[ 27] = 0.0
[ 28] = 0.0
[ 29] = 0.0
[ 30] = 0.0
[ 31] = 0.0
[ 32] = 0.0
[ 33] = 0.0
[ 34] = 0.0
[ 35] = 0.0
[ 36] = 0.0
[ 37] = 0.0
[ 38] = 0.0
[ 39] = 0.0
[ 40] = 0.0
[ 41] = 0.0
[ 42] = 0.0
[ 43] = 0.0
[ 44] = 0.0
[ 45] = 0.0
[ 46] = 0.0
[ 47] = 0.0
[ 48] = 0.0
[ 49] = 0.0
[ 50] = 0.0
[ 51] = 0.0
[ 52] = 0.0
[ 53] = 0.0
[ 54] = 0.0
[ 55] = 0.0
[ 56] = 0.0
[ 57] = 0.0
[ 58] = 0.0
[ 59] = 0.0
[ 60] = 0.0
[ 61] = 0.0
[ 62] = 0.0
[ 63] = 0.0
[ 64] = 0.0
[ 65] = 0.0
[ 66] = 0.0
[ 67] = 0.0
[ 68] = 0.0
[ 69] = 0.0
[ 70] = 0.0
[ 71] = 0.0
[ 72] = 0.0
[ 73] = 0.0
[ 74] = 0.0
[ 75] = 0.0
[ 76] = 0.0
[ 77] = 0.0
[ 78] = 0.0
[ 79] = 0.0
[ 80] = 0.0
[ 81] = 0.0
[ 82] = 0.0
[ 83] = 0.0
[ 84] = 0.0
[ 85] = 0.0
[ 86] = 0.0
[ 87] = 0.0
[ 88] = 0.0
[ 89] = 0.0
[ 90] = 0.0
[ 91] = 0.0
[ 92] = 0.0
[ 93] = 0.0
[ 94] = 0.0
[ 95] = 0.0
[ 96] = 0.0
[ 97] = 0.0
[ 98] = 0.0
[ 99] = 0.0
[100] = 0.0

Optimal !
Objective function value is 4.0
Selected nodes: 3, 5, 6, 8, 12, 13, 16, 18, 19, 20
Cgl0003I 3 fixed, 0 tightened bounds, 522 strengthened rows, 0 substitutions
Cgl0003I 0 fixed, 0 tightened bounds, 1543 strengthened rows, 0 substitutions
Cgl0004I processed model has 1841 rows, 116 columns (116 integer (116 of which binary)) and 23964 elements
Cutoff increment increased from 1e-05 to 0.9999
Cbc0038I Initial state - 11 integers unsatisfied sum - 3.53846
Cbc0038I Pass   1: suminf.    1.66667 (5) obj. 4.33333 iterations 20
Cbc0038I Solution found of 5
Cbc0038I Before mini branch and bound, 105 integers at bound fixed and 0 continuous
Cbc0038I Full problem 1841 rows 116 columns, reduced to 124 rows 11 columns
Cbc0038I Mini branch and bound improved solution from 5 to 4 (0.10 seconds)
Cbc0038I After 0.10 seconds - Feasibility pump exiting with objective of 4 - took 0.02 seconds
Cbc0012I Integer solution of 4 found by feasibility pump after 0 iterations and 0 nodes (0.10 seconds)
Cbc0030I Thread 0 used 0 times,  waiting to start 0.0039727688, 0 cpu time, 0 locks, 0 locked, 0 waiting for locks
Cbc0030I Main thread 0 waiting for threads,  1 locks, 1.001358e-05 locked, 1.6689301e-06 waiting for locks
Cbc0001I Search completed - best objective 4, took 0 iterations and 0 nodes (0.12 seconds)
Cbc0035I Maximum depth 0, 95 variables fixed on reduced cost
Total time (CPU seconds):       0.14   (Wallclock seconds):       0.14

