
###############################################################
 General Information 
###############################################################

Formulation: ELLOUMI, loglevel: 1 , ratio: 0, 
timeout: 7200.0, threads: 1 

Problem parameters: 
 n = 10 
 p = 1 

Instance values: 
10×10 Named Array{Int64,2}
A ╲ B │  1   2   3   4   5   6   7   8   9  10
──────┼───────────────────────────────────────
1     │  0   6  53  65  92  25   0  21  79  46
2     │ 54   0   8  72  46  50  59  48  95  19
3     │ 39  93   0  94  63  88  54  61  67  83
4     │ 38  75  85   0  85  56  51  26  63  85
5     │ 91  41  49  10   0  15   0  73   8  48
6     │ 58  19   0  38  30   0  32  86  36  60
7     │ 51  94  91  60  44  92   0  65  68  27
8     │ 58  81  52  62  19  67  50   0  89  54
9     │ 22   5  57  93  30   6  97  18   0  84
10    │ 98  99  41  95  25   1  79  43  50   0

D = [0, 1, 5, 6, 8, 10, 15, 18, 19, 21, 22, 25, 26, 27, 30, 32, 36, 38, 39, 41, 43, 44, 46, 48, 49, 50, 51, 52, 53, 54, 56, 57, 58, 59, 60, 61, 62, 63, 65, 67, 68, 72, 73, 75, 79, 81, 83, 84, 85, 86, 88, 89, 91, 92, 93, 94, 95, 97, 98, 99]
k = 60

###############################################################
 Elloumi 
###############################################################

Y 
10-element Named Array{Float64,1}
A  │ 
───┼────
1  │ 0.0
2  │ 0.0
3  │ 0.0
4  │ 0.0
5  │ 0.0
6  │ 0.0
7  │ 0.0
8  │ 0.0
9  │ 0.0
10 │ 1.0

uk: 1 dimensions:
[ 2] = 1.0
[ 3] = 1.0
[ 4] = 1.0
[ 5] = 1.0
[ 6] = 1.0
[ 7] = 1.0
[ 8] = 1.0
[ 9] = 1.0
[10] = 1.0
[11] = 1.0
[12] = 1.0
[13] = 1.0
[14] = 1.0
[15] = 1.0
[16] = 1.0
[17] = 1.0
[18] = 1.0
[19] = 1.0
[20] = 1.0
[21] = 1.0
[22] = 1.0
[23] = 1.0
[24] = 1.0
[25] = 1.0
[26] = 1.0
[27] = 1.0
[28] = 1.0
[29] = 1.0
[30] = 1.0
[31] = 1.0
[32] = 1.0
[33] = 1.0
[34] = 1.0
[35] = 1.0
[36] = 1.0
[37] = 1.0
[38] = 1.0
[39] = 1.0
[40] = 1.0
[41] = 1.0
[42] = 1.0
[43] = 1.0
[44] = 1.0
[45] = 1.0
[46] = 1.0
[47] = 1.0
[48] = 1.0
[49] = 1.0
[50] = 0.0
[51] = 0.0
[52] = 0.0
[53] = 0.0
[54] = 0.0
[55] = 0.0
[56] = 0.0
[57] = 0.0
[58] = 0.0
[59] = 0.0
[60] = 0.0

Optimal !
Objective function value is 85.0
Selected nodes: 10
Cgl0003I 18 fixed, 0 tightened bounds, 203 strengthened rows, 0 substitutions
Cgl0003I 11 fixed, 0 tightened bounds, 0 strengthened rows, 0 substitutions
Cgl0003I 0 fixed, 0 tightened bounds, 126 strengthened rows, 0 substitutions
Cgl0003I 6 fixed, 0 tightened bounds, 0 strengthened rows, 0 substitutions
Cgl0003I 0 fixed, 0 tightened bounds, 78 strengthened rows, 0 substitutions
Cgl0003I 2 fixed, 0 tightened bounds, 63 strengthened rows, 0 substitutions
Cgl0003I 2 fixed, 0 tightened bounds, 0 strengthened rows, 0 substitutions
Cgl0003I 0 fixed, 0 tightened bounds, 58 strengthened rows, 0 substitutions
Cgl0003I 7 fixed, 0 tightened bounds, 0 strengthened rows, 0 substitutions
Cgl0004I processed model has 80 rows, 23 columns (23 integer (23 of which binary)) and 593 elements
Cutoff increment increased from 1e-05 to 0.9999
Cbc0038I Initial state - 0 integers unsatisfied sum - 0
Cbc0038I Solution found of 85
Cbc0038I Before mini branch and bound, 23 integers at bound fixed and 0 continuous
Cbc0038I Mini branch and bound did not improve solution (0.04 seconds)
Cbc0038I After 0.04 seconds - Feasibility pump exiting with objective of 85 - took 0.00 seconds
Cbc0012I Integer solution of 85 found by feasibility pump after 0 iterations and 0 nodes (0.04 seconds)
Cbc0030I Thread 0 used 0 times,  waiting to start 0, 0 cpu time, 0 locks, 0 locked, 0 waiting for locks
Cbc0030I Main thread 0 waiting for threads,  1 locks, 6.9141388e-06 locked, 1.9073486e-06 waiting for locks
Cbc0001I Search completed - best objective 85, took 0 iterations and 0 nodes (0.04 seconds)
Cbc0035I Maximum depth 0, 0 variables fixed on reduced cost
Total time (CPU seconds):       0.05   (Wallclock seconds):       0.05

