
###############################################################
 General Information 
###############################################################

Formulation: ELLOUMI, loglevel: 1 , ratio: 0, 
timeout: 7200.0, threads: 1 

Problem parameters: 
 n = 200 
 p = 40 

Instance values: 
200×200 Named Array{Int64,2}
A ╲ B │   1    2    3    4    5    6    7  …  194  195  196  197  198  199  200
──────┼────────────────────────────────────────────────────────────────────────
1     │   0   45   78   96  104   76   93  …   93  106   40   66   72   48   71
2     │  45    0   34   86   80   40   55      67   77   11   37   72   47  103
3     │  78   34    0   91   90   64   89      63   72   44   70   54   58  114
4     │  96   86   91    0    8   83   69      80  111   87  113  104   86  142
5     │ 104   80   90    8    0   75   77      88  109   81  107   96   94  150
6     │  76   40   64   83   75    0   70      81  105   51   77   76   87  143
7     │  93   55   89   69   77   70    0      58   79   66   92   77   92  148
8     │  60   62   74   91   99   75   33      41   56   63   89   77   69  125
9     │  73   73   39   89   81   77   78      54   73   68   51   15   74  130
⋮         ⋮    ⋮    ⋮    ⋮    ⋮    ⋮    ⋮  ⋱    ⋮    ⋮    ⋮    ⋮    ⋮    ⋮    ⋮
192   │ 103   88  122   81   89  119   77      91   87   89  115  103  116  172
193   │  85   79   83   93   91   66   24      38   69   88   77   69   84  140
194   │  93   67   63   80   88   81   58       0   31   62   71   53   98  154
195   │ 106   77   72  111  109  105   79      31    0   66   40   72   79  135
196   │  40   11   44   87   81   51   66      62   66    0   26   62   40   96
197   │  66   37   70  113  107   77   92      71   40   26    0   36   66  122
198   │  72   72   54  104   96   76   77      53   72   62   36    0   73  129
199   │  48   47   58   86   94   87   92      98   79   40   66   73    0   56
200   │  71  103  114  142  150  143  148  …  154  135   96  122  129   56    0

D = [0, 1, 2, 3, 4, 5, 6, 7, 8, 9, 10, 11, 12, 13, 14, 15, 16, 17, 18, 19, 20, 21, 22, 23, 24, 25, 26, 27, 28, 29, 30, 31, 32, 33, 34, 35, 36, 37, 38, 39, 40, 41, 42, 43, 44, 45, 46, 47, 48, 49, 50, 51, 52, 53, 54, 55, 56, 57, 58, 59, 60, 61, 62, 63, 64, 65, 66, 67, 68, 69, 70, 71, 72, 73, 74, 75, 76, 77, 78, 79, 80, 81, 82, 83, 84, 85, 86, 87, 88, 89, 90, 91, 92, 93, 94, 95, 96, 97, 98, 99, 100, 101, 102, 103, 104, 105, 106, 107, 108, 109, 110, 111, 112, 113, 114, 115, 116, 117, 118, 119, 120, 121, 122, 123, 124, 125, 126, 127, 128, 129, 130, 131, 132, 133, 134, 135, 136, 137, 138, 139, 140, 141, 142, 143, 144, 145, 146, 147, 148, 149, 150, 151, 152, 153, 154, 155, 156, 157, 158, 159, 160, 161, 162, 163, 164, 165, 166, 167, 168, 169, 170, 171, 172, 173, 174, 175, 176, 177, 178, 180, 181, 183, 184, 185, 186, 195, 197, 198, 214, 215]
k = 190
Cgl0003I 0 fixed, 0 tightened bounds, 11469 strengthened rows, 0 substitutions
Cgl0003I 0 fixed, 0 tightened bounds, 9957 strengthened rows, 0 substitutions
Cgl0003I 0 fixed, 0 tightened bounds, 8821 strengthened rows, 0 substitutions
Cgl0003I 0 fixed, 0 tightened bounds, 8047 strengthened rows, 0 substitutions
Cgl0003I 0 fixed, 0 tightened bounds, 7187 strengthened rows, 0 substitutions
Cgl0003I 0 fixed, 0 tightened bounds, 6367 strengthened rows, 0 substitutions
Cgl0003I 0 fixed, 0 tightened bounds, 5711 strengthened rows, 0 substitutions
Cgl0003I 0 fixed, 0 tightened bounds, 5142 strengthened rows, 0 substitutions
Cgl0003I 0 fixed, 0 tightened bounds, 4599 strengthened rows, 0 substitutions
Cgl0004I processed model has 26064 rows, 389 columns (389 integer (389 of which binary)) and 2367816 elements
Cutoff increment increased from 1e-05 to 0.9999
Cbc0038I Initial state - 233 integers unsatisfied sum - 39.4604
Cbc0038I Pass   1: (59.22 seconds) suminf.   17.56364 (92) obj. 38.4273 iterations 675
Cbc0038I Pass   2: (60.10 seconds) suminf.   12.06250 (58) obj. 42.0125 iterations 175
Cbc0038I Pass   3: (60.96 seconds) suminf.    2.50000 (5) obj. 40.5 iterations 207
Cbc0038I Pass   4: (61.37 seconds) suminf.    0.00000 (0) obj. 40 iterations 68
Cbc0038I Solution found of 40
Cbc0038I Before mini branch and bound, 151 integers at bound fixed and 0 continuous
Cbc0038I Full problem 26064 rows 389 columns, reduced to 17534 rows 238 columns - 19 fixed gives 10356, 219 - ok now
Cbc0038I Full problem 26064 rows 389 columns, reduced to 10356 rows 219 columns
Cbc0038I Mini branch and bound improved solution from 40 to 39 (108.33 seconds)
Cbc0038I Round again with cutoff of 37.3553
Cbc0038I Reduced cost fixing fixed 3 variables on major pass 2
Cbc0038I Pass   5: (109.30 seconds) suminf.   17.70484 (87) obj. 37.3553 iterations 43
Cbc0038I Pass   6: (110.74 seconds) suminf.    6.48681 (19) obj. 37.3553 iterations 286
Cbc0038I Pass   7: (111.76 seconds) suminf.    5.28948 (15) obj. 37.3553 iterations 199
Cbc0038I Pass   8: (112.39 seconds) suminf.    1.93423 (6) obj. 37.3553 iterations 162
Cbc0038I Pass   9: (112.99 seconds) suminf.    1.35526 (4) obj. 37.3553 iterations 147
Cbc0038I Pass  10: (114.06 seconds) suminf.    1.25000 (5) obj. 37.25 iterations 225
Cbc0038I Pass  11: (117.15 seconds) suminf.    2.06577 (6) obj. 37.3553 iterations 732
Cbc0038I Pass  12: (118.92 seconds) suminf.    0.00000 (0) obj. 37 iterations 316
Cbc0038I Solution found of 37
Cbc0038I Before mini branch and bound, 153 integers at bound fixed and 0 continuous
Cbc0038I Full problem 26064 rows 389 columns, reduced to 17408 rows 236 columns - 53 fixed gives 1049, 169 - ok now
Cbc0038I Full problem 26064 rows 389 columns, reduced to 705 rows 156 columns
Cbc0038I Mini branch and bound did not improve solution (137.67 seconds)
Cbc0038I Round again with cutoff of 35.1104
Cbc0038I Reduced cost fixing fixed 5 variables on major pass 3
Cbc0038I Pass  13: (140.80 seconds) suminf.   17.55625 (85) obj. 35.1104 iterations 333
Cbc0038I Pass  14: (143.23 seconds) suminf.   11.83751 (60) obj. 35.1104 iterations 381
Cbc0038I Pass  15: (146.13 seconds) suminf.   10.26917 (61) obj. 35.1104 iterations 450
Cbc0038I Pass  16: (146.99 seconds) suminf.    9.99394 (62) obj. 35.1104 iterations 114
Cbc0038I Pass  17: (150.11 seconds) suminf.   13.32448 (141) obj. 35.1104 iterations 441
Cbc0038I Pass  18: (152.55 seconds) suminf.   10.60261 (156) obj. 35.1104 iterations 346
Cbc0038I Pass  19: (154.66 seconds) suminf.    9.67798 (65) obj. 35.1104 iterations 310
Cbc0038I Pass  20: (157.76 seconds) suminf.   11.41910 (155) obj. 35.1104 iterations 470
Cbc0038I Pass  21: (160.77 seconds) suminf.    9.34438 (64) obj. 35.1104 iterations 425
Cbc0038I Pass  22: (161.41 seconds) suminf.    9.29495 (63) obj. 35.1104 iterations 66
Cbc0038I Pass  23: (164.06 seconds) suminf.   10.31597 (143) obj. 35.1104 iterations 430
Cbc0038I Pass  24: (166.62 seconds) suminf.    9.33284 (55) obj. 35.1104 iterations 396
Cbc0038I Pass  25: (170.45 seconds) suminf.   14.16360 (140) obj. 35.1104 iterations 581
Cbc0038I Pass  26: (171.73 seconds) suminf.   14.07166 (170) obj. 35.1104 iterations 152
Cbc0038I Pass  27: (173.83 seconds) suminf.   12.98995 (155) obj. 35.1104 iterations 293
Cbc0038I Pass  28: (175.13 seconds) suminf.   10.89913 (160) obj. 35.1104 iterations 164
Cbc0038I Pass  29: (176.26 seconds) suminf.    9.95424 (108) obj. 35.1104 iterations 147
Cbc0038I Pass  30: (179.14 seconds) suminf.   10.52543 (157) obj. 35.1104 iterations 391
Cbc0038I Pass  31: (180.09 seconds) suminf.    9.66653 (62) obj. 35.1104 iterations 116
Cbc0038I Pass  32: (181.83 seconds) suminf.   10.78912 (160) obj. 35.1104 iterations 239
Cbc0038I Pass  33: (184.01 seconds) suminf.    9.59127 (61) obj. 35.1104 iterations 309
Cbc0038I Pass  34: (188.02 seconds) suminf.   13.39427 (146) obj. 35.1104 iterations 668
Cbc0038I Pass  35: (189.29 seconds) suminf.   13.07353 (144) obj. 35.1104 iterations 155
Cbc0038I Pass  36: (190.25 seconds) suminf.   12.89724 (148) obj. 35.1104 iterations 94
Cbc0038I Pass  37: (194.45 seconds) suminf.   14.19457 (73) obj. 35.1104 iterations 699
Cbc0038I Pass  38: (196.82 seconds) suminf.   12.58332 (145) obj. 35.1104 iterations 320
Cbc0038I Pass  39: (197.83 seconds) suminf.   11.14396 (149) obj. 35.1104 iterations 113
Cbc0038I Pass  40: (201.69 seconds) suminf.   13.35052 (47) obj. 35.1104 iterations 749
Cbc0038I Pass  41: (202.73 seconds) suminf.    9.94980 (56) obj. 35.1104 iterations 155
Cbc0038I Pass  42: (204.87 seconds) suminf.    9.32353 (60) obj. 35.1104 iterations 306
Cbc0038I No solution found this major pass
Cbc0038I Before mini branch and bound, 152 integers at bound fixed and 0 continuous
Cbc0038I Full problem 26064 rows 389 columns, reduced to 17419 rows 237 columns - 53 fixed gives 1050, 170 - ok now
Cbc0038I Full problem 26064 rows 389 columns, reduced to 706 rows 157 columns
Cbc0038I Mini branch and bound did not improve solution (225.25 seconds)
Cbc0038I After 225.25 seconds - Feasibility pump exiting with objective of 37 - took 170.38 seconds
Cbc0012I Integer solution of 37 found by feasibility pump after 0 iterations and 0 nodes (225.33 seconds)
Cbc0038I Full problem 26064 rows 389 columns, reduced to 17372 rows 233 columns - 53 fixed gives 1044, 166 - ok now
Cbc0031I 19 added rows had average density of 88.842105
Cbc0013I At root node, 19 cuts changed objective from 31.551681 to 34.30967 in 8 passes
Cbc0014I Cut generator 0 (Probing) - 629 row cuts average 5.4 elements, 32 column cuts (32 active)  in 1.242 seconds - new frequency is 1
Cbc0014I Cut generator 1 (Gomory) - 0 row cuts average 0.0 elements, 0 column cuts (0 active)  in 2.523 seconds - new frequency is -100
Cbc0014I Cut generator 2 (Knapsack) - 0 row cuts average 0.0 elements, 0 column cuts (0 active)  in 0.098 seconds - new frequency is -100
Cbc0014I Cut generator 3 (Clique) - 0 row cuts average 0.0 elements, 0 column cuts (0 active)  in 0.034 seconds - new frequency is -100
Cbc0014I Cut generator 4 (MixedIntegerRounding2) - 0 row cuts average 0.0 elements, 0 column cuts (0 active)  in 13.261 seconds - new frequency is -100
Cbc0014I Cut generator 5 (FlowCover) - 0 row cuts average 0.0 elements, 0 column cuts (0 active)  in 0.153 seconds - new frequency is -100
Cbc0014I Cut generator 6 (TwoMirCuts) - 440 row cuts average 180.7 elements, 0 column cuts (0 active)  in 4.868 seconds - new frequency is 1
Cbc0010I After 0 nodes, 1 on tree, 37 best solution, best possible 34.30967 (451.37 seconds)
