
###############################################################
 General Information 
###############################################################

Formulation: ELLOUMI, loglevel: 1 , ratio: 0, 
timeout: 7200.0, threads: 1 

Problem parameters: 
 n = 20 
 p = 4 

Instance values: 
20×20 Named Array{Int64,2}
A ╲ B │   1    2    3    4    5    6    7  …   14   15   16   17   18   19   20
──────┼────────────────────────────────────────────────────────────────────────
1     │   0   33   37   76   74   40   73  …    4   13   97   32   68   95   71
2     │  56    0   63   84   80   20   46      50   81   18   21   67   39   28
3     │  28   50    0   82   47   91   82      12   74    9   73   21   93    7
4     │  82   88   38    0   88   45   23      70   80   49   10   18  100   20
5     │  58   19    7   14    0   45   79      92    5   41   72   16   38   59
6     │  28   85   64   53   12    0    6      89   65   13    7   25   48   52
7     │  74   40    9    2   28   94    0     100   74   16   72   15   16   73
8     │  73   27   14   17   22   79   86      83   11   30   74   79   30   92
9     │  88   34   87   41    9   74   99      81   79   99   38   71   50    3
⋮         ⋮    ⋮    ⋮    ⋮    ⋮    ⋮    ⋮  ⋱    ⋮    ⋮    ⋮    ⋮    ⋮    ⋮    ⋮
12    │  42   33   35   34   33   14   15      14    9   24   49   16   94    6
13    │  76   15   73    8   82   71   54      30   21   76   34   13   84   53
14    │  75   40   73   51   53   31   86       0   34   25   51   37   19   58
15    │  50   46   95    7   24    5   73      17    0   24   74   29   31   39
16    │  98   87   61   41   69   47    8      87   37    0   13   60   14   12
17    │  18   94   64   27   68   44   44      86   72   56    0   96   19   17
18    │  61   75   69   13   31   53   71       0   61    9   95    0   92    2
19    │  65   25   76   24   56   31   93      30   28   40   78   88    0   77
20    │  10   40   10   18   88   97   62  …    9   16   96    6   21   33    0

D = [0, 1, 2, 3, 4, 5, 6, 7, 8, 9, 10, 11, 12, 13, 14, 15, 16, 17, 18, 19, 20, 21, 22, 23, 24, 25, 26, 27, 28, 29, 30, 31, 32, 33, 34, 35, 36, 37, 38, 39, 40, 41, 42, 44, 45, 46, 47, 48, 49, 50, 51, 52, 53, 54, 55, 56, 57, 58, 59, 60, 61, 62, 63, 64, 65, 66, 67, 68, 69, 70, 71, 72, 73, 74, 75, 76, 77, 78, 79, 80, 81, 82, 83, 84, 85, 86, 87, 88, 89, 91, 92, 93, 94, 95, 96, 97, 98, 99, 100]
k = 99
Cgl0003I 10 fixed, 0 tightened bounds, 0 strengthened rows, 0 substitutions
Cgl0003I 0 fixed, 0 tightened bounds, 949 strengthened rows, 0 substitutions
Cgl0003I 0 fixed, 0 tightened bounds, 277 strengthened rows, 0 substitutions
Cgl0004I processed model has 1675 rows, 108 columns (108 integer (108 of which binary)) and 21368 elements
Cutoff increment increased from 1e-05 to 0.9999
Cbc0038I Initial state - 30 integers unsatisfied sum - 7.70968
Cbc0038I Pass   1: suminf.    4.87500 (21) obj. 19.1964 iterations 47
Cbc0038I Pass   2: suminf.    0.00000 (0) obj. 21 iterations 35
Cbc0038I Solution found of 21
Cbc0038I Before mini branch and bound, 76 integers at bound fixed and 0 continuous
Cbc0038I Full problem 1675 rows 108 columns, reduced to 516 rows 32 columns
Cbc0038I Mini branch and bound did not improve solution (0.24 seconds)
Cbc0038I Round again with cutoff of 19.7227
Cbc0038I Reduced cost fixing fixed 1 variables on major pass 2
Cbc0038I Pass   3: suminf.    4.87500 (21) obj. 19.1964 iterations 0
Cbc0038I Pass   4: suminf.    7.11093 (26) obj. 19.7227 iterations 65
Cbc0038I Pass   5: suminf.    3.67733 (14) obj. 19.7227 iterations 35
Cbc0038I Pass   6: suminf.    3.67733 (14) obj. 19.7227 iterations 5
Cbc0038I Pass   7: suminf.    3.47733 (18) obj. 19.7227 iterations 16
Cbc0038I Pass   8: suminf.    3.27733 (15) obj. 19.7227 iterations 25
Cbc0038I Pass   9: suminf.    3.27733 (10) obj. 19.7227 iterations 12
Cbc0038I Pass  10: suminf.    4.27733 (9) obj. 19.7227 iterations 27
Cbc0038I Pass  11: suminf.    4.27733 (9) obj. 19.7227 iterations 10
Cbc0038I Pass  12: suminf.    4.27733 (9) obj. 19.7227 iterations 25
Cbc0038I Pass  13: suminf.    3.27733 (10) obj. 19.7227 iterations 20
Cbc0038I Pass  14: suminf.    3.27733 (10) obj. 19.7227 iterations 18
Cbc0038I Pass  15: suminf.    4.27733 (9) obj. 19.7227 iterations 37
Cbc0038I Pass  16: suminf.    4.27733 (9) obj. 19.7227 iterations 19
Cbc0038I Pass  17: suminf.    4.27733 (9) obj. 19.7227 iterations 28
Cbc0038I Pass  18: suminf.    3.27733 (10) obj. 19.7227 iterations 9
Cbc0038I Pass  19: suminf.    3.27733 (10) obj. 19.7227 iterations 27
Cbc0038I Pass  20: suminf.    4.27733 (9) obj. 19.7227 iterations 35
Cbc0038I Pass  21: suminf.    4.27733 (9) obj. 19.7227 iterations 24
Cbc0038I Pass  22: suminf.    4.27733 (9) obj. 19.7227 iterations 11
Cbc0038I Pass  23: suminf.    4.27733 (9) obj. 19.7227 iterations 21
Cbc0038I Pass  24: suminf.    3.27733 (10) obj. 19.7227 iterations 11
Cbc0038I Pass  25: suminf.    3.27733 (10) obj. 19.7227 iterations 8
Cbc0038I Pass  26: suminf.    4.27733 (9) obj. 19.7227 iterations 25
Cbc0038I Pass  27: suminf.    4.27733 (9) obj. 19.7227 iterations 23
Cbc0038I Pass  28: suminf.    3.90666 (19) obj. 19.7227 iterations 14
Cbc0038I Pass  29: suminf.    3.67733 (14) obj. 19.7227 iterations 5
Cbc0038I Pass  30: suminf.    4.70590 (14) obj. 19.7227 iterations 27
Cbc0038I Pass  31: suminf.    3.84876 (14) obj. 19.7227 iterations 16
Cbc0038I Pass  32: suminf.    4.27733 (13) obj. 19.7227 iterations 32
Cbc0038I No solution found this major pass
Cbc0038I Before mini branch and bound, 74 integers at bound fixed and 0 continuous
Cbc0038I Full problem 1675 rows 108 columns, reduced to 541 rows 34 columns
Cbc0038I Mini branch and bound did not improve solution (2.18 seconds)
Cbc0038I After 2.18 seconds - Feasibility pump exiting with objective of 21 - took 2.03 seconds
Cbc0012I Integer solution of 21 found by feasibility pump after 0 iterations and 0 nodes (2.18 seconds)
Cbc0038I Full problem 1675 rows 108 columns, reduced to 494 rows 30 columns

###############################################################
 Elloumi 
###############################################################

Y 
20-element Named Array{Float64,1}
A  │ 
───┼────
1  │ 0.0
2  │ 0.0
3  │ 0.0
4  │ 0.0
5  │ 0.0
6  │ 0.0
7  │ 0.0
8  │ 0.0
9  │ 0.0
⋮      ⋮
12 │ 0.0
13 │ 0.0
14 │ 0.0
15 │ 1.0
16 │ 0.0
17 │ 1.0
18 │ 0.0
19 │ 1.0
20 │ 1.0

uk: 1 dimensions:
[ 2] = 1.0
[ 3] = 1.0
[ 4] = 1.0
[ 5] = 1.0
[ 6] = 1.0
[ 7] = 1.0
[ 8] = 1.0
[ 9] = 1.0
[10] = 1.0
[11] = 1.0
[12] = 1.0
[13] = 1.0
[14] = 1.0
[15] = 1.0
[16] = 1.0
[17] = 1.0
[18] = 1.0
[19] = 1.0
[20] = 1.0
[21] = 1.0
[22] = 1.0
[23] = 0.0
[24] = 0.0
[25] = 0.0
[26] = 0.0
[27] = 0.0
[28] = 0.0
[29] = 0.0
[30] = 0.0
[31] = 0.0
[32] = 0.0
[33] = 0.0
[34] = 0.0
[35] = 0.0
[36] = 0.0
[37] = 0.0
[38] = 0.0
[39] = 0.0
[40] = 0.0
[41] = 0.0
[42] = 0.0
[43] = 0.0
[44] = 0.0
[45] = 0.0
[46] = 0.0
[47] = 0.0
[48] = 0.0
[49] = 0.0
[50] = 0.0
[51] = 0.0
[52] = 0.0
[53] = 0.0
[54] = 0.0
[55] = 0.0
[56] = 0.0
[57] = 0.0
[58] = 0.0
[59] = 0.0
[60] = 0.0
[61] = 0.0
[62] = 0.0
[63] = 0.0
[64] = 0.0
[65] = 0.0
[66] = 0.0
[67] = 0.0
[68] = 0.0
[69] = 0.0
[70] = 0.0
[71] = 0.0
[72] = 0.0
[73] = 0.0
[74] = 0.0
[75] = 0.0
[76] = 0.0
[77] = 0.0
[78] = 0.0
[79] = 0.0
[80] = 0.0
[81] = 0.0
[82] = 0.0
[83] = 0.0
[84] = 0.0
[85] = 0.0
[86] = 0.0
[87] = 0.0
[88] = 0.0
[89] = 0.0
[90] = 0.0
[91] = 0.0
[92] = 0.0
[93] = 0.0
[94] = 0.0
[95] = 0.0
[96] = 0.0
[97] = 0.0
[98] = 0.0
[99] = 0.0

Optimal !
Objective function value is 21.0
Selected nodes: 15, 17, 19, 20
Cbc0031I 13 added rows had average density of 34.538462
Cbc0013I At root node, 13 cuts changed objective from 17.225806 to 18.780287 in 100 passes
Cbc0014I Cut generator 0 (Probing) - 0 row cuts average 0.0 elements, 0 column cuts (0 active)  in 0.253 seconds - new frequency is -100
Cbc0014I Cut generator 1 (Gomory) - 923 row cuts average 42.9 elements, 0 column cuts (0 active)  in 0.162 seconds - new frequency is 1
Cbc0014I Cut generator 2 (Knapsack) - 0 row cuts average 0.0 elements, 0 column cuts (0 active)  in 0.066 seconds - new frequency is -100
Cbc0014I Cut generator 3 (Clique) - 0 row cuts average 0.0 elements, 0 column cuts (0 active)  in 0.009 seconds - new frequency is -100
Cbc0014I Cut generator 4 (MixedIntegerRounding2) - 0 row cuts average 0.0 elements, 0 column cuts (0 active)  in 0.575 seconds - new frequency is -100
Cbc0014I Cut generator 5 (FlowCover) - 0 row cuts average 0.0 elements, 0 column cuts (0 active)  in 0.026 seconds - new frequency is -100
Cbc0014I Cut generator 6 (TwoMirCuts) - 130 row cuts average 36.8 elements, 0 column cuts (0 active)  in 0.165 seconds - new frequency is 1
Cbc0030I Thread 0 used 0 times,  waiting to start 2.3841858e-07, 0 cpu time, 0 locks, 0 locked, 0 waiting for locks
Cbc0030I Main thread 0 waiting for threads,  1 locks, 7.6293945e-06 locked, 2.6226044e-06 waiting for locks
Cbc0001I Search completed - best objective 21, took 5606 iterations and 0 nodes (5.54 seconds)
Cbc0032I Strong branching done 24 times (1810 iterations), fathomed 2 nodes and fixed 0 variables
Cbc0035I Maximum depth 0, 4 variables fixed on reduced cost
Total time (CPU seconds):       5.56   (Wallclock seconds):       5.63

