
###############################################################
 General Information 
###############################################################

Formulation: ELLOUMI, loglevel: 1 , ratio: 0, 
timeout: 7200.0, threads: 1 

Problem parameters: 
 n = 10 
 p = 5 

Instance values: 
10×10 Named Array{Int64,2}
A ╲ B │  1   2   3   4   5   6   7   8   9  10
──────┼───────────────────────────────────────
1     │  0  40  72  96  66  82  61  53  17  23
2     │ 51   0  35  31  53  60  17   2  45  67
3     │  5  49   0  10  66  62   3  23  40  93
4     │ 63  40  78   0  22  28  96  28  21  82
5     │ 21  46  12  52   0  12  96  30  29  51
6     │ 67  54  99  62  13   0  46  32  11  92
7     │ 31  73  91  35  20  79   0  85   6  46
8     │ 24  10  98  62  35  83  25   0  37  95
9     │ 32  50  16  13  85  66  51  53   0  53
10    │  6   7  53   5  19   1  58  77  57   0

D = [0, 1, 2, 3, 5, 6, 7, 10, 11, 12, 13, 16, 17, 19, 20, 21, 22, 23, 24, 25, 28, 29, 30, 31, 32, 35, 37, 40, 45, 46, 49, 50, 51, 52, 53, 54, 57, 58, 60, 61, 62, 63, 66, 67, 72, 73, 77, 78, 79, 82, 83, 85, 91, 92, 93, 95, 96, 98, 99]
k = 59

###############################################################
 Elloumi 
###############################################################

Y 
10-element Named Array{Float64,1}
A  │ 
───┼────
1  │ 1.0
2  │ 0.0
3  │ 0.0
4  │ 1.0
5  │ 1.0
6  │ 0.0
7  │ 0.0
8  │ 1.0
9  │ 1.0
10 │ 0.0

uk: 1 dimensions:
[ 2] = 1.0
[ 3] = 1.0
[ 4] = 1.0
[ 5] = 1.0
[ 6] = 1.0
[ 7] = 1.0
[ 8] = 1.0
[ 9] = 1.0
[10] = 0.0
[11] = 0.0
[12] = 0.0
[13] = 0.0
[14] = 0.0
[15] = 0.0
[16] = 0.0
[17] = 0.0
[18] = 0.0
[19] = 0.0
[20] = 0.0
[21] = 0.0
[22] = 0.0
[23] = 0.0
[24] = 0.0
[25] = 0.0
[26] = 0.0
[27] = 0.0
[28] = 0.0
[29] = 0.0
[30] = 0.0
[31] = 0.0
[32] = 0.0
[33] = 0.0
[34] = 0.0
[35] = 0.0
[36] = 0.0
[37] = 0.0
[38] = 0.0
[39] = 0.0
[40] = 0.0
[41] = 0.0
[42] = 0.0
[43] = 0.0
[44] = 0.0
[45] = 0.0
[46] = 0.0
[47] = 0.0
[48] = 0.0
[49] = 0.0
[50] = 0.0
[51] = 0.0
[52] = 0.0
[53] = 0.0
[54] = 0.0
[55] = 0.0
[56] = 0.0
[57] = 0.0
[58] = 0.0
[59] = 0.0

Optimal !
Objective function value is 11.0
Selected nodes: 1, 4, 5, 8, 9
Cgl0003I 8 fixed, 0 tightened bounds, 227 strengthened rows, 0 substitutions
Cgl0003I 0 fixed, 0 tightened bounds, 362 strengthened rows, 0 substitutions
Cgl0003I 0 fixed, 0 tightened bounds, 203 strengthened rows, 0 substitutions
Cgl0004I processed model has 447 rows, 60 columns (60 integer (60 of which binary)) and 3790 elements
Cutoff increment increased from 1e-05 to 0.9999
Cbc0038I Initial state - 0 integers unsatisfied sum - 0
Cbc0038I Solution found of 11
Cbc0038I Before mini branch and bound, 60 integers at bound fixed and 0 continuous
Cbc0038I Mini branch and bound did not improve solution (0.03 seconds)
Cbc0038I After 0.03 seconds - Feasibility pump exiting with objective of 11 - took 0.00 seconds
Cbc0012I Integer solution of 11 found by feasibility pump after 0 iterations and 0 nodes (0.03 seconds)
Cbc0030I Thread 0 used 0 times,  waiting to start 2.3841858e-07, 0 cpu time, 0 locks, 0 locked, 0 waiting for locks
Cbc0030I Main thread 0 waiting for threads,  1 locks, 7.6293945e-06 locked, 2.3841858e-06 waiting for locks
Cbc0001I Search completed - best objective 11, took 0 iterations and 0 nodes (0.03 seconds)
Cbc0035I Maximum depth 0, 0 variables fixed on reduced cost
Total time (CPU seconds):       0.03   (Wallclock seconds):       0.04

