
###############################################################
 General Information 
###############################################################

Formulation: ELLOUMI, loglevel: 1 , ratio: 0, 
timeout: 7200.0, threads: 1 

Problem parameters: 
 n = 20 
 p = 10 

Instance values: 
20×20 Named Array{Int64,2}
A ╲ B │   1    2    3    4    5    6    7  …   14   15   16   17   18   19   20
──────┼────────────────────────────────────────────────────────────────────────
1     │   0   58   35   67    6   63   22  …   86   80    5   90   82   53   66
2     │  22    0   21   75   62   78   58      31   69   73   50   73   54   38
3     │  43   92    0   83   77  100   91      87   39    0   84   50   58   74
4     │  85   91   38    0   59   74   58      54   59   92    1   31   86   88
5     │  99    4   18   56    0   64   49       4   50   64   63   22   31    1
6     │  52   19   58   47   77    0   58      37   20   87   19   80   87   28
7     │  76   99   93   99   70    8    0      74    0   34    7   24   64   57
8     │   3   53   68   70   33   59   92      50   48   84   55   20   26   22
9     │  69   61   26   35    0   68   37      90   15   50   76   29   87   97
⋮         ⋮    ⋮    ⋮    ⋮    ⋮    ⋮    ⋮  ⋱    ⋮    ⋮    ⋮    ⋮    ⋮    ⋮    ⋮
12    │  25   93   26   55   97    7   73      72   78   77   44   71   27   19
13    │  39   42   13  100   97   11   57       4   12   71   74    5   58   13
14    │  96   26   54   22   53   65   30       0   63   51    2   10   21   59
15    │  89   38   58    8   47    1   16      71    0   22   86   45   99   37
16    │  38   65   30   97   86   95   28      34    4    0   59  100  100   46
17    │  26   68   70   93   65   53   14      83   53   31    0   50   91   18
18    │  11   52   45   20    1   71   92      90   84   50   19    0   65   51
19    │   5   18   67   86   48   99   44      76    0   20   37   31    0   36
20    │  67   42   94   32   25   42   62  …   23   19   62   31   80   13    0

D = [0, 1, 2, 3, 4, 5, 6, 7, 8, 9, 10, 11, 12, 13, 14, 15, 16, 17, 18, 19, 20, 21, 22, 23, 24, 25, 26, 27, 28, 29, 30, 31, 32, 33, 34, 35, 36, 37, 38, 39, 41, 42, 43, 44, 45, 46, 47, 48, 49, 50, 51, 52, 53, 54, 55, 56, 57, 58, 59, 61, 62, 63, 64, 65, 66, 67, 68, 69, 70, 71, 72, 73, 74, 75, 76, 77, 78, 79, 80, 81, 82, 83, 84, 85, 86, 87, 88, 89, 90, 91, 92, 93, 94, 95, 96, 97, 98, 99, 100]
k = 99

###############################################################
 Elloumi 
###############################################################

Y 
20-element Named Array{Float64,1}
A  │ 
───┼────
1  │ 1.0
2  │ 0.0
3  │ 0.0
4  │ 0.0
5  │ 1.0
6  │ 1.0
7  │ 0.0
8  │ 0.0
9  │ 0.0
⋮      ⋮
12 │ 1.0
13 │ 1.0
14 │ 0.0
15 │ 1.0
16 │ 1.0
17 │ 1.0
18 │ 0.0
19 │ 0.0
20 │ 1.0

uk: 1 dimensions:
[ 2] = 1.0
[ 3] = 1.0
[ 4] = 1.0
[ 5] = 0.0
[ 6] = 0.0
[ 7] = 0.0
[ 8] = 0.0
[ 9] = 0.0
[10] = 0.0
[11] = 0.0
[12] = 0.0
[13] = 0.0
[14] = 0.0
[15] = 0.0
[16] = 0.0
[17] = 0.0
[18] = 0.0
[19] = 0.0
[20] = 0.0
[21] = 0.0
[22] = 0.0
[23] = 0.0
[24] = 0.0
[25] = 0.0
[26] = 0.0
[27] = 0.0
[28] = 0.0
[29] = 0.0
[30] = 0.0
[31] = 0.0
[32] = 0.0
[33] = 0.0
[34] = 0.0
[35] = 0.0
[36] = 0.0
[37] = 0.0
[38] = 0.0
[39] = 0.0
[40] = 0.0
[41] = 0.0
[42] = 0.0
[43] = 0.0
[44] = 0.0
[45] = 0.0
[46] = 0.0
[47] = 0.0
[48] = 0.0
[49] = 0.0
[50] = 0.0
[51] = 0.0
[52] = 0.0
[53] = 0.0
[54] = 0.0
[55] = 0.0
[56] = 0.0
[57] = 0.0
[58] = 0.0
[59] = 0.0
[60] = 0.0
[61] = 0.0
[62] = 0.0
[63] = 0.0
[64] = 0.0
[65] = 0.0
[66] = 0.0
[67] = 0.0
[68] = 0.0
[69] = 0.0
[70] = 0.0
[71] = 0.0
[72] = 0.0
[73] = 0.0
[74] = 0.0
[75] = 0.0
[76] = 0.0
[77] = 0.0
[78] = 0.0
[79] = 0.0
[80] = 0.0
[81] = 0.0
[82] = 0.0
[83] = 0.0
[84] = 0.0
[85] = 0.0
[86] = 0.0
[87] = 0.0
[88] = 0.0
[89] = 0.0
[90] = 0.0
[91] = 0.0
[92] = 0.0
[93] = 0.0
[94] = 0.0
[95] = 0.0
[96] = 0.0
[97] = 0.0
[98] = 0.0
[99] = 0.0

Optimal !
Objective function value is 3.0
Selected nodes: 1, 5, 6, 10, 12, 13, 15, 16, 17, 20
Cgl0003I 3 fixed, 0 tightened bounds, 0 strengthened rows, 0 substitutions
Cgl0003I 0 fixed, 0 tightened bounds, 1508 strengthened rows, 0 substitutions
Cgl0004I processed model has 1822 rows, 115 columns (115 integer (115 of which binary)) and 21805 elements
Cutoff increment increased from 1e-05 to 0.9999
Cbc0038I Initial state - 0 integers unsatisfied sum - 1.55431e-15
Cbc0038I Solution found of 3
Cbc0038I Before mini branch and bound, 115 integers at bound fixed and 0 continuous
Cbc0038I Mini branch and bound did not improve solution (0.09 seconds)
Cbc0038I After 0.09 seconds - Feasibility pump exiting with objective of 3 - took 0.01 seconds
Cbc0012I Integer solution of 3 found by feasibility pump after 0 iterations and 0 nodes (0.09 seconds)
Cbc0030I Thread 0 used 0 times,  waiting to start 0.002676487, 0 cpu time, 0 locks, 0 locked, 0 waiting for locks
Cbc0030I Main thread 0 waiting for threads,  1 locks, 6.9141388e-06 locked, 1.1920929e-06 waiting for locks
Cbc0001I Search completed - best objective 3, took 0 iterations and 0 nodes (0.10 seconds)
Cbc0035I Maximum depth 0, 0 variables fixed on reduced cost
Total time (CPU seconds):       0.11   (Wallclock seconds):       0.11

