
###############################################################
 General Information 
###############################################################

Formulation: ELLOUMI, loglevel: 1 , ratio: 0, 
timeout: 7200.0, threads: 1 

Problem parameters: 
 n = 20 
 p = 10 

Instance values: 
20×20 Named Array{Int64,2}
A ╲ B │   1    2    3    4    5    6    7  …   14   15   16   17   18   19   20
──────┼────────────────────────────────────────────────────────────────────────
1     │   0   69   60   90   15   58    1  …   51   44   44   95   32   28   77
2     │  86    0   90   77   78   12   86      75   79    8   91   86   34   57
3     │   1   64    0   74   37   81   35      75   33   85   66   64   21   29
4     │  86   50    4    0   97   80   96      56   96   28   12   92   27   22
5     │  51   25   21   40    0    9   41      22   17   41   77    4   45   92
6     │  43    4   48   79   52    0    4      98   93   26   86   25   12   25
7     │  76   12   42   44   29   74    0      90   97    4   45   29   52   63
8     │  14   39   87   21   66    3    7      66    0   60  100   28   49   20
9     │  30   64   49   55   98   20   55      44    9   84   61    7   99   42
⋮         ⋮    ⋮    ⋮    ⋮    ⋮    ⋮    ⋮  ⋱    ⋮    ⋮    ⋮    ⋮    ⋮    ⋮    ⋮
12    │  79   42   93   42    8   27    1      16   12   25   78   78   31   70
13    │  96   24   47   73   86   26   53       8   76    8   25    9   90   33
14    │  65   77   99   59   78   35   28       0   18   49   53    4    6   70
15    │  19   64   38   32   84   99    3      28    0   24   42   65   86   57
16    │  19   99   55   66   40   86   20       9   87    0   90   92   14   64
17    │  26   33   18   75   76   24   49      37    3   28    0   14   53    4
18    │  44   84    6   95   28   73  100      34    2    6   37    0   69   49
19    │  11   74   30   18   99   59   45      69   33   73   81   47    0   48
20    │  99   14   64   48   92   71    4  …    9   31    7   67   68   85    0

D = [0, 1, 2, 3, 4, 5, 6, 7, 8, 9, 10, 11, 12, 13, 14, 15, 16, 17, 18, 19, 20, 21, 22, 23, 24, 25, 26, 27, 28, 29, 30, 31, 32, 33, 34, 35, 36, 37, 38, 39, 40, 41, 42, 43, 44, 45, 47, 48, 49, 50, 51, 52, 53, 54, 55, 56, 57, 58, 59, 60, 61, 62, 63, 64, 65, 66, 67, 68, 69, 70, 71, 72, 73, 74, 75, 76, 77, 78, 79, 80, 81, 83, 84, 85, 86, 87, 89, 90, 91, 92, 93, 94, 95, 96, 97, 98, 99, 100]
k = 98

###############################################################
 Elloumi 
###############################################################

Y 
20-element Named Array{Float64,1}
A  │ 
───┼────
1  │ 0.0
2  │ 1.0
3  │ 1.0
4  │ 0.0
5  │ 0.0
6  │ 0.0
7  │ 1.0
8  │ 0.0
9  │ 1.0
⋮      ⋮
12 │ 0.0
13 │ 0.0
14 │ 0.0
15 │ 1.0
16 │ 1.0
17 │ 0.0
18 │ 1.0
19 │ 1.0
20 │ 0.0

uk: 1 dimensions:
[ 2] = 1.0
[ 3] = 1.0
[ 4] = 1.0
[ 5] = 1.0
[ 6] = 0.0
[ 7] = 0.0
[ 8] = 0.0
[ 9] = 0.0
[10] = 0.0
[11] = 0.0
[12] = 0.0
[13] = 0.0
[14] = 0.0
[15] = 0.0
[16] = 0.0
[17] = 0.0
[18] = 0.0
[19] = 0.0
[20] = 0.0
[21] = 0.0
[22] = 0.0
[23] = 0.0
[24] = 0.0
[25] = 0.0
[26] = 0.0
[27] = 0.0
[28] = 0.0
[29] = 0.0
[30] = 0.0
[31] = 0.0
[32] = 0.0
[33] = 0.0
[34] = 0.0
[35] = 0.0
[36] = 0.0
[37] = 0.0
[38] = 0.0
[39] = 0.0
[40] = 0.0
[41] = 0.0
[42] = 0.0
[43] = 0.0
[44] = 0.0
[45] = 0.0
[46] = 0.0
[47] = 0.0
[48] = 0.0
[49] = 0.0
[50] = 0.0
[51] = 0.0
[52] = 0.0
[53] = 0.0
[54] = 0.0
[55] = 0.0
[56] = 0.0
[57] = 0.0
[58] = 0.0
[59] = 0.0
[60] = 0.0
[61] = 0.0
[62] = 0.0
[63] = 0.0
[64] = 0.0
[65] = 0.0
[66] = 0.0
[67] = 0.0
[68] = 0.0
[69] = 0.0
[70] = 0.0
[71] = 0.0
[72] = 0.0
[73] = 0.0
[74] = 0.0
[75] = 0.0
[76] = 0.0
[77] = 0.0
[78] = 0.0
[79] = 0.0
[80] = 0.0
[81] = 0.0
[82] = 0.0
[83] = 0.0
[84] = 0.0
[85] = 0.0
[86] = 0.0
[87] = 0.0
[88] = 0.0
[89] = 0.0
[90] = 0.0
[91] = 0.0
[92] = 0.0
[93] = 0.0
[94] = 0.0
[95] = 0.0
[96] = 0.0
[97] = 0.0
[98] = 0.0

Optimal !
Objective function value is 4.0
Selected nodes: 2, 3, 7, 9, 10, 15, 16, 18, 19
Cgl0003I 3 fixed, 0 tightened bounds, 1574 strengthened rows, 0 substitutions
Cgl0004I processed model has 1809 rows, 114 columns (114 integer (114 of which binary)) and 22268 elements
Cutoff increment increased from 1e-05 to 0.9999
Cbc0038I Initial state - 11 integers unsatisfied sum - 5.5
Cbc0038I Solution found of 4
Cbc0038I Before mini branch and bound, 103 integers at bound fixed and 0 continuous
Cbc0038I Mini branch and bound did not improve solution (0.11 seconds)
Cbc0038I After 0.11 seconds - Feasibility pump exiting with objective of 4 - took 0.00 seconds
Cbc0012I Integer solution of 4 found by feasibility pump after 0 iterations and 0 nodes (0.11 seconds)
Cbc0030I Thread 0 used 0 times,  waiting to start 0.0035572052, 0 cpu time, 0 locks, 0 locked, 0 waiting for locks
Cbc0030I Main thread 0 waiting for threads,  1 locks, 9.059906e-06 locked, 2.1457672e-06 waiting for locks
Cbc0001I Search completed - best objective 4, took 0 iterations and 0 nodes (0.13 seconds)
Cbc0035I Maximum depth 0, 90 variables fixed on reduced cost
Total time (CPU seconds):       0.14   (Wallclock seconds):       0.16

