
###############################################################
 General Information 
###############################################################

Formulation: ELLOUMI, loglevel: 1 , ratio: 0, 
timeout: 7200.0, threads: 1 

Problem parameters: 
 n = 200 
 p = 5 

Instance values: 
200×200 Named Array{Int64,2}
A ╲ B │   1    2    3    4    5    6    7  …  194  195  196  197  198  199  200
──────┼────────────────────────────────────────────────────────────────────────
1     │   0   95  164  138  111  123   56  …  147  124  142  128  123   68   17
2     │  95    0   82   94  106  105   99      52   47   80   93   97   87  112
3     │ 164   82    0   50   91  121  108      62   63   96   73   78   96  164
4     │ 138   94   50    0   41  101   96      70   65   60   23   28   70  138
5     │ 111  106   91   41    0   65   55      83   73  101   64   69  102  128
6     │ 123  105  121  101   65    0   67      94   76  109  100  105   55  123
7     │  56   99  108   96   55   67    0      93   68  101   81   76   78   73
8     │  87   90  115   77   86   86   31      69   99  106   76   81   80  104
9     │ 120   68   90   60   87  103   64      44   68   96   59   64   69  137
⋮         ⋮    ⋮    ⋮    ⋮    ⋮    ⋮    ⋮  ⋱    ⋮    ⋮    ⋮    ⋮    ⋮    ⋮    ⋮
192   │ 178   94   94   90   71  122  126      82   95  126   89   94  110  178
193   │ 141   60   54   62   75   98   85       8   64   93   61   66   76  144
194   │ 147   52   62   70   83   94   93       0   70  101   69   74   84  152
195   │ 124   47   63   65   73   76   68      70    0   33   64   60   56  124
196   │ 142   80   96   60  101  109  101     101   33    0   37   42   89  157
197   │ 128   93   73   23   64  100   81      69   64   37    0    5   60  128
198   │ 123   97   78   28   69  105   76      74   60   42    5    0   55  123
199   │  68   87   96   70  102   55   78      84   56   89   60   55    0   68
200   │  17  112  164  138  128  123   73  …  152  124  157  128  123   68    0

D = [0, 1, 2, 3, 4, 5, 6, 7, 8, 9, 10, 11, 12, 13, 14, 15, 16, 17, 18, 19, 20, 21, 22, 23, 24, 25, 26, 27, 28, 29, 30, 31, 32, 33, 34, 35, 36, 37, 38, 39, 40, 41, 42, 43, 44, 45, 46, 47, 48, 49, 50, 51, 52, 53, 54, 55, 56, 57, 58, 59, 60, 61, 62, 63, 64, 65, 66, 67, 68, 69, 70, 71, 72, 73, 74, 75, 76, 77, 78, 79, 80, 81, 82, 83, 84, 85, 86, 87, 88, 89, 90, 91, 92, 93, 94, 95, 96, 97, 98, 99, 100, 101, 102, 103, 104, 105, 106, 107, 108, 109, 110, 111, 112, 113, 114, 115, 116, 117, 118, 119, 120, 121, 122, 123, 124, 125, 126, 127, 128, 129, 130, 131, 132, 133, 134, 135, 136, 137, 138, 139, 140, 141, 142, 143, 144, 145, 146, 147, 148, 149, 150, 151, 152, 153, 154, 155, 156, 157, 158, 159, 160, 161, 162, 163, 164, 165, 166, 167, 168, 169, 170, 171, 172, 173, 174, 177, 178, 179, 180, 181, 182, 183, 185, 186, 187, 191, 192, 195, 198]
k = 189
Cgl0003I 0 fixed, 0 tightened bounds, 12317 strengthened rows, 0 substitutions
Cgl0003I 0 fixed, 0 tightened bounds, 10610 strengthened rows, 0 substitutions
Cgl0003I 0 fixed, 0 tightened bounds, 9349 strengthened rows, 0 substitutions
Cgl0003I 0 fixed, 0 tightened bounds, 8416 strengthened rows, 0 substitutions
Cgl0003I 0 fixed, 0 tightened bounds, 7583 strengthened rows, 0 substitutions
Cgl0003I 0 fixed, 0 tightened bounds, 6763 strengthened rows, 0 substitutions
Cgl0003I 0 fixed, 0 tightened bounds, 6047 strengthened rows, 0 substitutions
Cgl0003I 0 fixed, 0 tightened bounds, 5449 strengthened rows, 0 substitutions
Cgl0003I 0 fixed, 0 tightened bounds, 4952 strengthened rows, 0 substitutions
Cgl0004I processed model has 26742 rows, 388 columns (388 integer (388 of which binary)) and 2403925 elements
Cutoff increment increased from 1e-05 to 0.9999
Cbc0038I Initial state - 118 integers unsatisfied sum - 15.8366
Cbc0038I Pass   1: (55.30 seconds) suminf.    7.49287 (52) obj. 79.7978 iterations 1272
Cbc0038I Pass   2: (55.99 seconds) suminf.    7.07529 (51) obj. 80.1486 iterations 126
Cbc0038I Pass   3: (64.03 seconds) suminf.    0.00000 (0) obj. 90 iterations 1237
Cbc0038I Solution found of 90
Cbc0038I Before mini branch and bound, 256 integers at bound fixed and 0 continuous
Cbc0038I Full problem 26742 rows 388 columns, reduced to 12423 rows 132 columns
Cbc0038I Mini branch and bound improved solution from 90 to 84 (117.76 seconds)
Cbc0038I Round again with cutoff of 82.2038
Cbc0038I Reduced cost fixing fixed 17 variables on major pass 2
Cbc0038I Pass   4: (118.24 seconds) suminf.    7.49287 (52) obj. 79.7978 iterations 0
Cbc0038I Pass   5: (118.83 seconds) suminf.    7.07529 (51) obj. 80.1486 iterations 113
Cbc0038I Pass   6: (122.86 seconds) suminf.    8.99393 (35) obj. 82.2038 iterations 892
Cbc0038I Pass   7: (124.83 seconds) suminf.    5.32157 (44) obj. 82.2038 iterations 387
Cbc0038I Pass   8: (125.53 seconds) suminf.    5.01350 (51) obj. 82.2038 iterations 175
Cbc0038I Pass   9: (129.18 seconds) suminf.    6.99800 (51) obj. 82.2038 iterations 767
Cbc0038I Pass  10: (130.25 seconds) suminf.    5.00587 (36) obj. 82.2038 iterations 264
Cbc0038I Pass  11: (131.38 seconds) suminf.    4.54955 (34) obj. 82.2038 iterations 245
Cbc0038I Pass  12: (131.90 seconds) suminf.    3.95003 (33) obj. 82.2038 iterations 95
Cbc0038I Pass  13: (132.41 seconds) suminf.    3.86504 (49) obj. 82.2038 iterations 112
Cbc0038I Pass  14: (135.70 seconds) suminf.    6.28611 (43) obj. 82.2038 iterations 814
Cbc0038I Pass  15: (136.46 seconds) suminf.    5.17227 (34) obj. 82.021 iterations 199
Cbc0038I Pass  16: (137.60 seconds) suminf.    5.88521 (36) obj. 82.2038 iterations 271
Cbc0038I Pass  17: (138.34 seconds) suminf.    5.29937 (38) obj. 82.2038 iterations 159
Cbc0038I Pass  18: (138.76 seconds) suminf.    5.07367 (38) obj. 82.2038 iterations 61
Cbc0038I Pass  19: (140.35 seconds) suminf.    5.87883 (34) obj. 82.2038 iterations 379
Cbc0038I Pass  20: (142.35 seconds) suminf.    4.48501 (43) obj. 82.2038 iterations 426
Cbc0038I Pass  21: (143.05 seconds) suminf.    4.22217 (40) obj. 82.2038 iterations 114
Cbc0038I Pass  22: (145.35 seconds) suminf.    6.71456 (39) obj. 82.2038 iterations 578
Cbc0038I Pass  23: (146.34 seconds) suminf.    5.78610 (43) obj. 82.2038 iterations 203
Cbc0038I Pass  24: (146.83 seconds) suminf.    5.56317 (38) obj. 82.2038 iterations 89
Cbc0038I Pass  25: (150.22 seconds) suminf.    7.63822 (28) obj. 82.2038 iterations 771
Cbc0038I Pass  26: (152.21 seconds) suminf.    4.43848 (32) obj. 82.2038 iterations 433
Cbc0038I Pass  27: (153.58 seconds) suminf.    3.91709 (47) obj. 82.2038 iterations 318
Cbc0038I Pass  28: (154.95 seconds) suminf.    6.88152 (33) obj. 82.2038 iterations 312
Cbc0038I Pass  29: (155.79 seconds) suminf.    5.11985 (41) obj. 82.2038 iterations 190
Cbc0038I Pass  30: (156.23 seconds) suminf.    4.97864 (37) obj. 82.2038 iterations 51
Cbc0038I Pass  31: (159.30 seconds) suminf.    9.10547 (36) obj. 82.2038 iterations 754
Cbc0038I Pass  32: (161.12 seconds) suminf.    6.66824 (38) obj. 82.2038 iterations 397
Cbc0038I Pass  33: (161.72 seconds) suminf.    5.87339 (34) obj. 82.2038 iterations 149
Cbc0038I No solution found this major pass
Cbc0038I Before mini branch and bound, 244 integers at bound fixed and 0 continuous
Cbc0038I Full problem 26742 rows 388 columns, reduced to 12767 rows 144 columns
Cbc0038I Mini branch and bound did not improve solution (219.23 seconds)
Cbc0038I After 219.23 seconds - Feasibility pump exiting with objective of 84 - took 172.20 seconds
Cbc0012I Integer solution of 84 found by feasibility pump after 0 iterations and 0 nodes (219.30 seconds)
Cbc0038I Full problem 26742 rows 388 columns, reduced to 12193 rows 119 columns
Cbc0031I 12 added rows had average density of 252.41667
Cbc0013I At root node, 12 cuts changed objective from 75.03722 to 75.928352 in 9 passes
Cbc0014I Cut generator 0 (Probing) - 0 row cuts average 0.0 elements, 21 column cuts (21 active)  in 1.619 seconds - new frequency is 1
Cbc0014I Cut generator 1 (Gomory) - 0 row cuts average 0.0 elements, 0 column cuts (0 active)  in 2.418 seconds - new frequency is -100
Cbc0014I Cut generator 2 (Knapsack) - 0 row cuts average 0.0 elements, 0 column cuts (0 active)  in 0.133 seconds - new frequency is -100
Cbc0014I Cut generator 3 (Clique) - 0 row cuts average 0.0 elements, 0 column cuts (0 active)  in 0.019 seconds - new frequency is -100
Cbc0014I Cut generator 4 (MixedIntegerRounding2) - 0 row cuts average 0.0 elements, 0 column cuts (0 active)  in 7.553 seconds - new frequency is -100
Cbc0014I Cut generator 5 (FlowCover) - 0 row cuts average 0.0 elements, 0 column cuts (0 active)  in 0.175 seconds - new frequency is -100
Cbc0014I Cut generator 6 (TwoMirCuts) - 542 row cuts average 249.6 elements, 0 column cuts (0 active)  in 3.543 seconds - new frequency is 1
Cbc0010I After 0 nodes, 1 on tree, 84 best solution, best possible 75.928352 (486.40 seconds)
