
###############################################################
 General Information 
###############################################################

Formulation: ELLOUMI, loglevel: 1 , ratio: 0, 
timeout: 7200.0, threads: 1 

Problem parameters: 
 n = 10 
 p = 2 

Instance values: 
10×10 Named Array{Int64,2}
A ╲ B │   1    2    3    4    5    6    7    8    9   10
──────┼─────────────────────────────────────────────────
1     │   0   16   50   81   99   53   67   90   50   75
2     │  57    0   38    1   72  100   57   45   61   95
3     │  89   55    0    8   19   88   54   86   93    1
4     │  44   14   61    0   95    6   96   20   90   82
5     │  49   92    5    2    0   63   60    0   41   14
6     │  29   54   29   91   55    0   39   72   12   31
7     │  10   93   22   91   16   83    0   61   52   17
8     │  49    9    6   41   67   69   91    0   75   52
9     │   9    3   63   26   72   26   31   77    0   85
10    │  12   18   93   34   77   42   39    2   12    0

D = [0, 1, 2, 3, 5, 6, 8, 9, 10, 12, 14, 16, 17, 18, 19, 20, 22, 26, 29, 31, 34, 38, 39, 41, 42, 44, 45, 49, 50, 52, 53, 54, 55, 57, 60, 61, 63, 67, 69, 72, 75, 77, 81, 82, 83, 85, 86, 88, 89, 90, 91, 92, 93, 95, 96, 99, 100]
k = 57
Cgl0003I 9 fixed, 0 tightened bounds, 0 strengthened rows, 0 substitutions
Cgl0004I processed model has 437 rows, 57 columns (57 integer (57 of which binary)) and 3020 elements
Cutoff increment increased from 1e-05 to 0.9999
Cbc0038I Initial state - 29 integers unsatisfied sum - 8.4
Cbc0038I Pass   1: suminf.    2.00000 (4) obj. 29 iterations 11
Cbc0038I Pass   2: suminf.    0.00000 (0) obj. 29 iterations 2
Cbc0038I Solution found of 29
Cbc0038I Before mini branch and bound, 28 integers at bound fixed and 0 continuous
Cbc0038I Full problem 437 rows 57 columns, reduced to 210 rows 29 columns
Cbc0038I Mini branch and bound did not improve solution (0.03 seconds)
Cbc0038I Round again with cutoff of 27.9401
Cbc0038I Reduced cost fixing fixed 28 variables on major pass 2
Cbc0038I Pass   3: suminf.    6.23964 (28) obj. 27.9401 iterations 9
Cbc0038I Pass   4: suminf.    9.49245 (29) obj. 27.9401 iterations 15
Cbc0038I Pass   5: suminf.    8.14009 (27) obj. 27.9401 iterations 3
Cbc0038I Pass   6: suminf.    8.14009 (27) obj. 27.9401 iterations 13
Cbc0038I Pass   7: suminf.    8.45991 (28) obj. 27.9401 iterations 9
Cbc0038I Pass   8: suminf.    6.23964 (28) obj. 27.9401 iterations 12
Cbc0038I Pass   9: suminf.    5.82950 (28) obj. 27.9401 iterations 1
Cbc0038I Pass  10: suminf.    5.82950 (28) obj. 27.9401 iterations 1
Cbc0038I Pass  11: suminf.    9.49245 (29) obj. 27.9401 iterations 10
Cbc0038I Pass  12: suminf.    6.23964 (28) obj. 27.9401 iterations 11
Cbc0038I Pass  13: suminf.    9.49245 (29) obj. 27.9401 iterations 13
Cbc0038I Pass  14: suminf.    8.45991 (29) obj. 27.9401 iterations 4
Cbc0038I Pass  15: suminf.    6.23964 (28) obj. 27.9401 iterations 12
Cbc0038I Pass  16: suminf.    6.23964 (28) obj. 27.9401 iterations 1
Cbc0038I Pass  17: suminf.    8.45991 (28) obj. 27.9401 iterations 4
Cbc0038I Pass  18: suminf.    6.23964 (28) obj. 27.9401 iterations 4
Cbc0038I Pass  19: suminf.    5.82950 (28) obj. 27.9401 iterations 2
Cbc0038I Pass  20: suminf.    5.82950 (28) obj. 27.9401 iterations 1
Cbc0038I Pass  21: suminf.    8.40000 (28) obj. 27.4 iterations 8
Cbc0038I Pass  22: suminf.    6.23964 (28) obj. 27.9401 iterations 8
Cbc0038I Pass  23: suminf.    8.45991 (28) obj. 27.9401 iterations 10
Cbc0038I Pass  24: suminf.    6.23964 (28) obj. 27.9401 iterations 8
Cbc0038I Pass  25: suminf.    8.45991 (28) obj. 27.9401 iterations 3
Cbc0038I Pass  26: suminf.    6.23964 (28) obj. 27.9401 iterations 3
Cbc0038I Pass  27: suminf.    8.45991 (29) obj. 27.9401 iterations 8
Cbc0038I Pass  28: suminf.    6.23964 (28) obj. 27.9401 iterations 5
Cbc0038I Pass  29: suminf.    6.23964 (28) obj. 27.9401 iterations 0
Cbc0038I Pass  30: suminf.    8.45991 (28) obj. 27.9401 iterations 8
Cbc0038I Pass  31: suminf.    6.23964 (28) obj. 27.9401 iterations 6
Cbc0038I Pass  32: suminf.    6.23964 (28) obj. 27.9401 iterations 1
Cbc0038I No solution found this major pass
Cbc0038I Before mini branch and bound, 28 integers at bound fixed and 0 continuous
Cbc0038I Full problem 437 rows 57 columns, reduced to 210 rows 29 columns
Cbc0038I Mini branch and bound did not improve solution (0.06 seconds)
Cbc0038I After 0.06 seconds - Feasibility pump exiting with objective of 29 - took 0.04 seconds
Cbc0012I Integer solution of 29 found by feasibility pump after 0 iterations and 0 nodes (0.06 seconds)
Cbc0038I Full problem 437 rows 57 columns, reduced to 210 rows 29 columns

###############################################################
 Elloumi 
###############################################################

Y 
10-element Named Array{Float64,1}
A  │ 
───┼────
1  │ 0.0
2  │ 1.0
3  │ 1.0
4  │ 0.0
5  │ 0.0
6  │ 0.0
7  │ 0.0
8  │ 0.0
9  │ 0.0
10 │ 0.0

uk: 1 dimensions:
[ 2] = 1.0
[ 3] = 1.0
[ 4] = 1.0
[ 5] = 1.0
[ 6] = 1.0
[ 7] = 1.0
[ 8] = 1.0
[ 9] = 1.0
[10] = 1.0
[11] = 1.0
[12] = 1.0
[13] = 1.0
[14] = 1.0
[15] = 1.0
[16] = 1.0
[17] = 1.0
[18] = 1.0
[19] = 1.0
[20] = 0.0
[21] = 0.0
[22] = 0.0
[23] = 0.0
[24] = 0.0
[25] = 0.0
[26] = 0.0
[27] = 0.0
[28] = 0.0
[29] = 0.0
[30] = 0.0
[31] = 0.0
[32] = 0.0
[33] = 0.0
[34] = 0.0
[35] = 0.0
[36] = 0.0
[37] = 0.0
[38] = 0.0
[39] = 0.0
[40] = 0.0
[41] = 0.0
[42] = 0.0
[43] = 0.0
[44] = 0.0
[45] = 0.0
[46] = 0.0
[47] = 0.0
[48] = 0.0
[49] = 0.0
[50] = 0.0
[51] = 0.0
[52] = 0.0
[53] = 0.0
[54] = 0.0
[55] = 0.0
[56] = 0.0
[57] = 0.0

Optimal !
Objective function value is 29.0
Selected nodes: 2, 3
Cbc0031I 1 added rows had average density of 6
Cbc0013I At root node, 4 cuts changed objective from 27.4 to 29 in 1 passes
Cbc0014I Cut generator 0 (Probing) - 0 row cuts average 0.0 elements, 0 column cuts (0 active)  in 0.000 seconds - new frequency is -100
Cbc0014I Cut generator 1 (Gomory) - 2 row cuts average 6.0 elements, 0 column cuts (0 active)  in 0.000 seconds - new frequency is 1
Cbc0014I Cut generator 2 (Knapsack) - 0 row cuts average 0.0 elements, 0 column cuts (0 active)  in 0.001 seconds - new frequency is -100
Cbc0014I Cut generator 3 (Clique) - 0 row cuts average 0.0 elements, 0 column cuts (0 active)  in 0.000 seconds - new frequency is -100
Cbc0014I Cut generator 4 (MixedIntegerRounding2) - 0 row cuts average 0.0 elements, 0 column cuts (0 active)  in 0.001 seconds - new frequency is -100
Cbc0014I Cut generator 5 (FlowCover) - 0 row cuts average 0.0 elements, 0 column cuts (0 active)  in 0.000 seconds - new frequency is -100
Cbc0014I Cut generator 6 (TwoMirCuts) - 2 row cuts average 6.0 elements, 0 column cuts (0 active)  in 0.001 seconds - new frequency is -100
Cbc0030I Thread 0 used 0 times,  waiting to start 0, 0 cpu time, 0 locks, 0 locked, 0 waiting for locks
Cbc0030I Main thread 0 waiting for threads,  1 locks, 7.390976e-06 locked, 2.6226044e-06 waiting for locks
Cbc0001I Search completed - best objective 29, took 0 iterations and 0 nodes (0.07 seconds)
Cbc0035I Maximum depth 0, 28 variables fixed on reduced cost
Total time (CPU seconds):       0.07   (Wallclock seconds):       0.08

