
###############################################################
 General Information 
###############################################################

Formulation: ELLOUMI, loglevel: 1 , ratio: 0, 
timeout: 7200.0, threads: 1 

Problem parameters: 
 n = 20 
 p = 10 

Instance values: 
20×20 Named Array{Int64,2}
A ╲ B │   1    2    3    4    5    6    7  …   14   15   16   17   18   19   20
──────┼────────────────────────────────────────────────────────────────────────
1     │   0   20   28   84   62   83   21  …   15   44   78   33   55    7   35
2     │  28    0   91   50    4   43   18      97   53   49   31   97   94   37
3     │  78   26    0   58   22   28   27      29   80    4   14   31   76   92
4     │  36   53   63    0   94   80    2      11   66   14   79   43   16   42
5     │  54   46   25   59    0   75   58      69   52   39  100    3   10   44
6     │  13   36   38   80   17    0   88      95   62   64   52   82   82   40
7     │  99   12   73   58   26   34    0      66   18   44   81   78   27   12
8     │  25   54   57   27   71   77   97      57   70   94   19   96   93   34
9     │  46   44   56   42   40    9   32      24   97   11   26    1   51   67
⋮         ⋮    ⋮    ⋮    ⋮    ⋮    ⋮    ⋮  ⋱    ⋮    ⋮    ⋮    ⋮    ⋮    ⋮    ⋮
12    │  92   78   90   78   17   34   69      42   78   20   51   20   71   58
13    │  86   20   48    7   94   77   90      11  100   33   37   46   32   33
14    │  93    4   75   98   35   88   78       0   96   15   61   41   10   66
15    │  23    2   39   81   34   84   54      65    0   33   33   21   59   29
16    │  12   17   96   52   11   73   93      13   27    0   14   93   50   86
17    │  99   93   91   47   30   35    7      82   11   13    0   47   97  100
18    │  32   20   79    5   57   54   12      32   26   86   34    0   19   13
19    │  51   90  100   52   68   59   92      13  100   18   72   77    0   38
20    │   3   20   96   60   49   42   16  …   73   74   70   78   87   51    0

D = [0, 1, 2, 3, 4, 5, 6, 7, 8, 9, 10, 11, 12, 13, 14, 15, 16, 17, 18, 19, 20, 21, 22, 23, 24, 25, 26, 27, 28, 29, 30, 31, 32, 33, 34, 35, 36, 37, 38, 39, 40, 41, 42, 43, 44, 45, 46, 47, 48, 49, 50, 51, 52, 53, 54, 55, 56, 57, 58, 59, 60, 61, 62, 63, 64, 65, 66, 67, 68, 69, 70, 71, 72, 73, 74, 75, 76, 77, 78, 79, 80, 81, 82, 83, 84, 85, 86, 87, 88, 89, 90, 91, 92, 93, 94, 95, 96, 97, 98, 99, 100]
k = 101

###############################################################
 Elloumi 
###############################################################

Y 
20-element Named Array{Float64,1}
A  │ 
───┼────
1  │ 1.0
2  │ 1.0
3  │ 1.0
4  │ 0.0
5  │ 1.0
6  │ 1.0
7  │ 1.0
8  │ 1.0
9  │ 0.0
⋮      ⋮
12 │ 1.0
13 │ 0.0
14 │ 0.0
15 │ 0.0
16 │ 0.0
17 │ 0.0
18 │ 1.0
19 │ 1.0
20 │ 0.0

uk: 1 dimensions:
[  2] = 1.0
[  3] = 1.0
[  4] = 1.0
[  5] = 1.0
[  6] = 1.0
[  7] = 1.0
[  8] = 1.0
[  9] = 0.0
[ 10] = 0.0
[ 11] = 0.0
[ 12] = 0.0
[ 13] = 0.0
[ 14] = 0.0
[ 15] = 0.0
[ 16] = 0.0
[ 17] = 0.0
[ 18] = 0.0
[ 19] = 0.0
[ 20] = 0.0
[ 21] = 0.0
[ 22] = 0.0
[ 23] = 0.0
[ 24] = 0.0
[ 25] = 0.0
[ 26] = 0.0
[ 27] = 0.0
[ 28] = 0.0
[ 29] = 0.0
[ 30] = 0.0
[ 31] = 0.0
[ 32] = 0.0
[ 33] = 0.0
[ 34] = 0.0
[ 35] = 0.0
[ 36] = 0.0
[ 37] = 0.0
[ 38] = 0.0
[ 39] = 0.0
[ 40] = 0.0
[ 41] = 0.0
[ 42] = 0.0
[ 43] = 0.0
[ 44] = 0.0
[ 45] = 0.0
[ 46] = 0.0
[ 47] = 0.0
[ 48] = 0.0
[ 49] = 0.0
[ 50] = 0.0
[ 51] = 0.0
[ 52] = 0.0
[ 53] = 0.0
[ 54] = 0.0
[ 55] = 0.0
[ 56] = 0.0
[ 57] = 0.0
[ 58] = 0.0
[ 59] = 0.0
[ 60] = 0.0
[ 61] = 0.0
[ 62] = 0.0
[ 63] = 0.0
[ 64] = 0.0
[ 65] = 0.0
[ 66] = 0.0
[ 67] = 0.0
[ 68] = 0.0
[ 69] = 0.0
[ 70] = 0.0
[ 71] = 0.0
[ 72] = 0.0
[ 73] = 0.0
[ 74] = 0.0
[ 75] = 0.0
[ 76] = 0.0
[ 77] = 0.0
[ 78] = 0.0
[ 79] = 0.0
[ 80] = 0.0
[ 81] = 0.0
[ 82] = 0.0
[ 83] = 0.0
[ 84] = 0.0
[ 85] = 0.0
[ 86] = 0.0
[ 87] = 0.0
[ 88] = 0.0
[ 89] = 0.0
[ 90] = 0.0
[ 91] = 0.0
[ 92] = 0.0
[ 93] = 0.0
[ 94] = 0.0
[ 95] = 0.0
[ 96] = 0.0
[ 97] = 0.0
[ 98] = 0.0
[ 99] = 0.0
[100] = 0.0
[101] = 0.0

Optimal !
Objective function value is 7.0
Selected nodes: 1, 2, 3, 5, 6, 7, 8, 12, 18, 19
Cgl0003I 4 fixed, 0 tightened bounds, 1381 strengthened rows, 0 substitutions
Cgl0003I 0 fixed, 0 tightened bounds, 1392 strengthened rows, 0 substitutions
Cgl0004I processed model has 1855 rows, 116 columns (116 integer (116 of which binary)) and 24341 elements
Cutoff increment increased from 1e-05 to 0.9999
Cbc0038I Initial state - 27 integers unsatisfied sum - 2.5
Cbc0038I Pass   1: suminf.    2.28571 (16) obj. 6.28571 iterations 22
Cbc0038I Pass   2: suminf.    0.00000 (0) obj. 14 iterations 44
Cbc0038I Solution found of 14
Cbc0038I Rounding solution of 13 is better than previous of 14

Cbc0038I Before mini branch and bound, 89 integers at bound fixed and 0 continuous
Cbc0038I Full problem 1855 rows 116 columns, reduced to 438 rows 27 columns
Cbc0038I Mini branch and bound improved solution from 13 to 7 (0.17 seconds)
Cbc0038I After 0.17 seconds - Feasibility pump exiting with objective of 7 - took 0.03 seconds
Cbc0012I Integer solution of 7 found by feasibility pump after 0 iterations and 0 nodes (0.18 seconds)
Cbc0038I Full problem 1855 rows 116 columns, reduced to 438 rows 27 columns
Cbc0030I Thread 0 used 0 times,  waiting to start 0.0040616989, 0 cpu time, 0 locks, 0 locked, 0 waiting for locks
Cbc0030I Main thread 0 waiting for threads,  1 locks, 8.1062317e-06 locked, 1.6689301e-06 waiting for locks
Cbc0001I Search completed - best objective 7, took 0 iterations and 0 nodes (0.20 seconds)
Cbc0035I Maximum depth 0, 82 variables fixed on reduced cost
Total time (CPU seconds):       0.21   (Wallclock seconds):       0.23

