
###############################################################
 General Information 
###############################################################

Formulation: ELLOUMI, loglevel: 1 , ratio: 0, 
timeout: 7200.0, threads: 1 

Problem parameters: 
 n = 10 
 p = 2 

Instance values: 
10×10 Named Array{Int64,2}
A ╲ B │  1   2   3   4   5   6   7   8   9  10
──────┼───────────────────────────────────────
1     │  0  63  19  37  53  65  48  59  60  70
2     │ 30   0  50  72  81  27  48  89  27  22
3     │ 71  67   0  88  37   8   1  65  56  42
4     │ 39  83  31   0  86  68  52  86  28  84
5     │ 67  96  39  68   0  25  93  28  16  47
6     │ 81  73  71  74  90   0  85  39  36  88
7     │ 63  77  91  25  39  27   0  42  54  73
8     │  4  31  61  73   2   0  11   0  37  51
9     │ 90  24  94  46  48  64  46  59   0  52
10    │ 10  58   7  26   9  35  38  78  83   0

D = [0, 1, 2, 4, 7, 8, 9, 10, 11, 16, 19, 22, 24, 25, 26, 27, 28, 30, 31, 35, 36, 37, 38, 39, 42, 46, 47, 48, 50, 51, 52, 53, 54, 56, 58, 59, 60, 61, 63, 64, 65, 67, 68, 70, 71, 72, 73, 74, 77, 78, 81, 83, 84, 85, 86, 88, 89, 90, 91, 93, 94, 96]
k = 62
Cgl0003I 16 fixed, 0 tightened bounds, 0 strengthened rows, 0 substitutions
Cgl0004I processed model has 397 rows, 55 columns (55 integer (55 of which binary)) and 2857 elements
Cutoff increment increased from 1e-05 to 0.9999
Cbc0038I Initial state - 13 integers unsatisfied sum - 6.5
Cbc0038I Pass   1: suminf.    6.50000 (13) obj. 37 iterations 8
Cbc0038I Pass   2: suminf.    0.00000 (0) obj. 46 iterations 29
Cbc0038I Solution found of 46
Cbc0038I Before mini branch and bound, 42 integers at bound fixed and 0 continuous
Cbc0038I Full problem 397 rows 55 columns, reduced to 80 rows 13 columns
Cbc0038I Mini branch and bound did not improve solution (0.05 seconds)
Cbc0038I Round again with cutoff of 44.2001
Cbc0038I Reduced cost fixing fixed 1 variables on major pass 2
Cbc0038I Pass   3: suminf.    6.50000 (13) obj. 37 iterations 0
Cbc0038I Pass   4: suminf.    1.34993 (6) obj. 44.2001 iterations 25
Cbc0038I Pass   5: suminf.    1.10764 (8) obj. 44.2001 iterations 4
Cbc0038I Pass   6: suminf.    4.00000 (8) obj. 39.5 iterations 8
Cbc0038I Pass   7: suminf.    3.50000 (7) obj. 41.5 iterations 7
Cbc0038I Pass   8: suminf.    3.00000 (6) obj. 43.5 iterations 5
Cbc0038I Pass   9: suminf.    2.69998 (6) obj. 44.2001 iterations 3
Cbc0038I Pass  10: suminf.    2.50000 (5) obj. 44 iterations 6
Cbc0038I Pass  11: suminf.    2.50000 (5) obj. 44 iterations 5
Cbc0038I Pass  12: suminf.    2.50000 (5) obj. 44 iterations 4
Cbc0038I Pass  13: suminf.    1.34993 (6) obj. 44.2001 iterations 8
Cbc0038I Pass  14: suminf.    1.10764 (8) obj. 44.2001 iterations 5
Cbc0038I Pass  15: suminf.    4.00000 (8) obj. 39.5 iterations 8
Cbc0038I Pass  16: suminf.    3.00000 (6) obj. 43.5 iterations 6
Cbc0038I Pass  17: suminf.    4.29991 (9) obj. 44.2001 iterations 12
Cbc0038I Pass  18: suminf.    4.29991 (9) obj. 44.2001 iterations 3
Cbc0038I Pass  19: suminf.    4.29991 (9) obj. 44.2001 iterations 1
Cbc0038I Pass  20: suminf.    4.29991 (9) obj. 44.2001 iterations 15
Cbc0038I Pass  21: suminf.    4.29991 (9) obj. 44.2001 iterations 3
Cbc0038I Pass  22: suminf.    4.29991 (9) obj. 44.2001 iterations 4
Cbc0038I Pass  23: suminf.    4.29991 (9) obj. 44.2001 iterations 1
Cbc0038I Pass  24: suminf.    4.29991 (9) obj. 44.2001 iterations 2
Cbc0038I Pass  25: suminf.    4.29991 (9) obj. 44.2001 iterations 6
Cbc0038I Pass  26: suminf.    4.29991 (9) obj. 44.2001 iterations 2
Cbc0038I Pass  27: suminf.    3.64995 (8) obj. 44.2001 iterations 6
Cbc0038I Pass  28: suminf.    3.64995 (8) obj. 44.2001 iterations 5
Cbc0038I Pass  29: suminf.    3.64995 (8) obj. 44.2001 iterations 1
Cbc0038I Pass  30: suminf.    3.64995 (8) obj. 44.2001 iterations 1
Cbc0038I Pass  31: suminf.    5.70009 (12) obj. 44.2001 iterations 16
Cbc0038I Pass  32: suminf.    5.29991 (11) obj. 44.2001 iterations 14
Cbc0038I No solution found this major pass
Cbc0038I Before mini branch and bound, 32 integers at bound fixed and 0 continuous
Cbc0038I Full problem 397 rows 55 columns, reduced to 129 rows 23 columns
Cbc0038I Mini branch and bound did not improve solution (0.13 seconds)
Cbc0038I After 0.13 seconds - Feasibility pump exiting with objective of 46 - took 0.11 seconds
Cbc0012I Integer solution of 46 found by feasibility pump after 0 iterations and 0 nodes (0.13 seconds)
Cbc0038I Full problem 397 rows 55 columns, reduced to 80 rows 13 columns

###############################################################
 Elloumi 
###############################################################

Y 
10-element Named Array{Float64,1}
A  │ 
───┼────
1  │ 0.0
2  │ 0.0
3  │ 0.0
4  │ 1.0
5  │ 0.0
6  │ 1.0
7  │ 0.0
8  │ 0.0
9  │ 0.0
10 │ 0.0

uk: 1 dimensions:
[ 2] = 1.0
[ 3] = 1.0
[ 4] = 1.0
[ 5] = 1.0
[ 6] = 1.0
[ 7] = 1.0
[ 8] = 1.0
[ 9] = 1.0
[10] = 1.0
[11] = 1.0
[12] = 1.0
[13] = 1.0
[14] = 1.0
[15] = 1.0
[16] = 1.0
[17] = 1.0
[18] = 1.0
[19] = 1.0
[20] = 1.0
[21] = 1.0
[22] = 1.0
[23] = 1.0
[24] = 1.0
[25] = 1.0
[26] = 1.0
[27] = 0.0
[28] = 0.0
[29] = 0.0
[30] = 0.0
[31] = 0.0
[32] = 0.0
[33] = 0.0
[34] = 0.0
[35] = 0.0
[36] = 0.0
[37] = 0.0
[38] = 0.0
[39] = 0.0
[40] = 0.0
[41] = 0.0
[42] = 0.0
[43] = 0.0
[44] = 0.0
[45] = 0.0
[46] = 0.0
[47] = 0.0
[48] = 0.0
[49] = 0.0
[50] = 0.0
[51] = 0.0
[52] = 0.0
[53] = 0.0
[54] = 0.0
[55] = 0.0
[56] = 0.0
[57] = 0.0
[58] = 0.0
[59] = 0.0
[60] = 0.0
[61] = 0.0
[62] = 0.0

Optimal !
Objective function value is 46.0
Selected nodes: 4, 6
Cbc0031I 12 added rows had average density of 12.333333
Cbc0013I At root node, 30 cuts changed objective from 37 to 45.025641 in 19 passes
Cbc0014I Cut generator 0 (Probing) - 6 row cuts average 4.0 elements, 0 column cuts (0 active)  in 0.007 seconds - new frequency is -100
Cbc0014I Cut generator 1 (Gomory) - 89 row cuts average 19.9 elements, 0 column cuts (0 active)  in 0.005 seconds - new frequency is 1
Cbc0014I Cut generator 2 (Knapsack) - 0 row cuts average 0.0 elements, 0 column cuts (0 active)  in 0.005 seconds - new frequency is -100
Cbc0014I Cut generator 3 (Clique) - 0 row cuts average 0.0 elements, 0 column cuts (0 active)  in 0.001 seconds - new frequency is -100
Cbc0014I Cut generator 4 (MixedIntegerRounding2) - 0 row cuts average 0.0 elements, 0 column cuts (0 active)  in 0.011 seconds - new frequency is -100
Cbc0014I Cut generator 5 (FlowCover) - 0 row cuts average 0.0 elements, 0 column cuts (0 active)  in 0.001 seconds - new frequency is -100
Cbc0014I Cut generator 6 (TwoMirCuts) - 11 row cuts average 11.7 elements, 0 column cuts (0 active)  in 0.009 seconds - new frequency is -100
Cbc0030I Thread 0 used 0 times,  waiting to start 0, 0 cpu time, 0 locks, 0 locked, 0 waiting for locks
Cbc0030I Main thread 0 waiting for threads,  1 locks, 7.6293945e-06 locked, 2.6226044e-06 waiting for locks
Cbc0001I Search completed - best objective 46, took 317 iterations and 0 nodes (0.21 seconds)
Cbc0035I Maximum depth 0, 22 variables fixed on reduced cost
Total time (CPU seconds):       0.21   (Wallclock seconds):       0.22

