
###############################################################
 General Information 
###############################################################

Formulation: ELLOUMI, loglevel: 1 , ratio: 0, 
timeout: 7200.0, threads: 1 

Problem parameters: 
 n = 10 
 p = 1 

Instance values: 
10×10 Named Array{Int64,2}
A ╲ B │   1    2    3    4    5    6    7    8    9   10
──────┼─────────────────────────────────────────────────
1     │   0   62   92   14   49   94   16   18    3   42
2     │  79    0   37   30   15   63   46   36   79   31
3     │  50   80    0    2    2   12   67   78    4    0
4     │  81   23   26    0    5   65   75   97   16   13
5     │ 100   26   86   39    0   61   55   57   61   12
6     │  54   20    0   43   37    0   75   55   77   82
7     │  21    7   31   23   16   93    0   46   84   14
8     │  57   46   51   69   98   74   36    0   25   95
9     │  44   60   42   86   99   13   44   62    0   99
10    │   4   61   49    2   68   75   34   66   64    0

D = [0, 2, 3, 4, 5, 7, 12, 13, 14, 15, 16, 18, 20, 21, 23, 25, 26, 30, 31, 34, 36, 37, 39, 42, 43, 44, 46, 49, 50, 51, 54, 55, 57, 60, 61, 62, 63, 64, 65, 66, 67, 68, 69, 74, 75, 77, 78, 79, 80, 81, 82, 84, 86, 92, 93, 94, 95, 97, 98, 99, 100]
k = 61

###############################################################
 Elloumi 
###############################################################

Y 
10-element Named Array{Float64,1}
A  │ 
───┼────
1  │ 0.0
2  │ 0.0
3  │ 0.0
4  │ 0.0
5  │ 0.0
6  │ 0.0
7  │ 1.0
8  │ 0.0
9  │ 0.0
10 │ 0.0

uk: 1 dimensions:
[ 2] = 1.0
[ 3] = 1.0
[ 4] = 1.0
[ 5] = 1.0
[ 6] = 1.0
[ 7] = 1.0
[ 8] = 1.0
[ 9] = 1.0
[10] = 1.0
[11] = 1.0
[12] = 1.0
[13] = 1.0
[14] = 1.0
[15] = 1.0
[16] = 1.0
[17] = 1.0
[18] = 1.0
[19] = 1.0
[20] = 1.0
[21] = 1.0
[22] = 1.0
[23] = 1.0
[24] = 1.0
[25] = 1.0
[26] = 1.0
[27] = 1.0
[28] = 1.0
[29] = 1.0
[30] = 1.0
[31] = 1.0
[32] = 1.0
[33] = 1.0
[34] = 1.0
[35] = 1.0
[36] = 1.0
[37] = 1.0
[38] = 1.0
[39] = 1.0
[40] = 1.0
[41] = 1.0
[42] = 1.0
[43] = 1.0
[44] = 1.0
[45] = 1.0
[46] = 0.0
[47] = 0.0
[48] = 0.0
[49] = 0.0
[50] = 0.0
[51] = 0.0
[52] = 0.0
[53] = 0.0
[54] = 0.0
[55] = 0.0
[56] = 0.0
[57] = 0.0
[58] = 0.0
[59] = 0.0
[60] = 0.0
[61] = 0.0

Optimal !
Objective function value is 75.0
Selected nodes: 7
Cgl0003I 15 fixed, 0 tightened bounds, 0 strengthened rows, 0 substitutions
Cgl0003I 0 fixed, 0 tightened bounds, 224 strengthened rows, 0 substitutions
Cgl0003I 8 fixed, 0 tightened bounds, 174 strengthened rows, 0 substitutions
Cgl0003I 3 fixed, 0 tightened bounds, 34 strengthened rows, 0 substitutions
Cgl0003I 3 fixed, 0 tightened bounds, 156 strengthened rows, 0 substitutions
Cgl0003I 3 fixed, 0 tightened bounds, 0 strengthened rows, 0 substitutions
Cgl0003I 0 fixed, 0 tightened bounds, 121 strengthened rows, 0 substitutions
Cgl0003I 10 fixed, 0 tightened bounds, 0 strengthened rows, 0 substitutions
Cgl0004I processed model has 123 rows, 28 columns (28 integer (28 of which binary)) and 877 elements
Cutoff increment increased from 1e-05 to 0.9999
Cbc0038I Initial state - 0 integers unsatisfied sum - 0
Cbc0038I Solution found of 75
Cbc0038I Before mini branch and bound, 28 integers at bound fixed and 0 continuous
Cbc0038I Mini branch and bound did not improve solution (0.05 seconds)
Cbc0038I After 0.05 seconds - Feasibility pump exiting with objective of 75 - took 0.00 seconds
Cbc0012I Integer solution of 75 found by feasibility pump after 0 iterations and 0 nodes (0.05 seconds)
Cbc0030I Thread 0 used 0 times,  waiting to start 2.3841858e-07, 0 cpu time, 0 locks, 0 locked, 0 waiting for locks
Cbc0030I Main thread 0 waiting for threads,  1 locks, 6.6757202e-06 locked, 1.9073486e-06 waiting for locks
Cbc0001I Search completed - best objective 75, took 0 iterations and 0 nodes (0.05 seconds)
Cbc0035I Maximum depth 0, 0 variables fixed on reduced cost
Total time (CPU seconds):       0.05   (Wallclock seconds):       0.06

