
###############################################################
 General Information 
###############################################################

Formulation: ELLOUMI, loglevel: 1 , ratio: 0, 
timeout: 7200.0, threads: 1 

Problem parameters: 
 n = 10 
 p = 1 

Instance values: 
10×10 Named Array{Int64,2}
A ╲ B │  1   2   3   4   5   6   7   8   9  10
──────┼───────────────────────────────────────
1     │  0  67  67  15  67   0  26  81  40  24
2     │ 33   0  46   7  80  18  24  44  55  86
3     │  6  21   0  21  36  34  38  27  64  91
4     │ 69  78  70   0  42  20  47  78  43  37
5     │ 70  81  98  28   0   4  11  99  98  53
6     │ 21  21   2   5  94   0  76  47  71   7
7     │ 37  47  60  53  30  47   0  32  81   8
8     │ 55  65  12  44  57  17  43   0  82  25
9     │ 22  35  21  76  27  80   6  87   0   7
10    │ 57  64  92   0  38  14  46  19  66   0

D = [0, 2, 4, 5, 6, 7, 8, 11, 12, 14, 15, 17, 18, 19, 20, 21, 22, 24, 25, 26, 27, 28, 30, 32, 33, 34, 35, 36, 37, 38, 40, 42, 43, 44, 46, 47, 53, 55, 57, 60, 64, 65, 66, 67, 69, 70, 71, 76, 78, 80, 81, 82, 86, 87, 91, 92, 94, 98, 99]
k = 59

###############################################################
 Elloumi 
###############################################################

Y 
10-element Named Array{Float64,1}
A  │ 
───┼────
1  │ 1.0
2  │ 0.0
3  │ 0.0
4  │ 0.0
5  │ 0.0
6  │ 0.0
7  │ 0.0
8  │ 0.0
9  │ 0.0
10 │ 0.0

uk: 1 dimensions:
[ 2] = 1.0
[ 3] = 1.0
[ 4] = 1.0
[ 5] = 1.0
[ 6] = 1.0
[ 7] = 1.0
[ 8] = 1.0
[ 9] = 1.0
[10] = 1.0
[11] = 1.0
[12] = 1.0
[13] = 1.0
[14] = 1.0
[15] = 1.0
[16] = 1.0
[17] = 1.0
[18] = 1.0
[19] = 1.0
[20] = 1.0
[21] = 1.0
[22] = 1.0
[23] = 1.0
[24] = 1.0
[25] = 1.0
[26] = 1.0
[27] = 1.0
[28] = 1.0
[29] = 1.0
[30] = 1.0
[31] = 1.0
[32] = 1.0
[33] = 1.0
[34] = 1.0
[35] = 1.0
[36] = 1.0
[37] = 1.0
[38] = 1.0
[39] = 1.0
[40] = 1.0
[41] = 1.0
[42] = 1.0
[43] = 1.0
[44] = 1.0
[45] = 1.0
[46] = 1.0
[47] = 0.0
[48] = 0.0
[49] = 0.0
[50] = 0.0
[51] = 0.0
[52] = 0.0
[53] = 0.0
[54] = 0.0
[55] = 0.0
[56] = 0.0
[57] = 0.0
[58] = 0.0
[59] = 0.0

Optimal !
Objective function value is 70.0
Selected nodes: 1
Cgl0003I 14 fixed, 0 tightened bounds, 219 strengthened rows, 0 substitutions
Cgl0003I 14 fixed, 0 tightened bounds, 0 strengthened rows, 0 substitutions
Cgl0003I 0 fixed, 0 tightened bounds, 140 strengthened rows, 0 substitutions
Cgl0003I 3 fixed, 0 tightened bounds, 56 strengthened rows, 0 substitutions
Cgl0003I 1 fixed, 0 tightened bounds, 0 strengthened rows, 0 substitutions
Cgl0003I 0 fixed, 0 tightened bounds, 49 strengthened rows, 0 substitutions
Cgl0003I 9 fixed, 0 tightened bounds, 0 strengthened rows, 0 substitutions
Cgl0004I processed model has 119 rows, 27 columns (27 integer (27 of which binary)) and 885 elements
Cutoff increment increased from 1e-05 to 0.9999
Cbc0038I Initial state - 0 integers unsatisfied sum - 0
Cbc0038I Solution found of 70
Cbc0038I Before mini branch and bound, 27 integers at bound fixed and 0 continuous
Cbc0038I Mini branch and bound did not improve solution (0.04 seconds)
Cbc0038I After 0.04 seconds - Feasibility pump exiting with objective of 70 - took 0.00 seconds
Cbc0012I Integer solution of 70 found by feasibility pump after 0 iterations and 0 nodes (0.04 seconds)
Cbc0030I Thread 0 used 0 times,  waiting to start 0, 0 cpu time, 0 locks, 0 locked, 0 waiting for locks
Cbc0030I Main thread 0 waiting for threads,  1 locks, 6.4373016e-06 locked, 1.6689301e-06 waiting for locks
Cbc0001I Search completed - best objective 70, took 0 iterations and 0 nodes (0.04 seconds)
Cbc0035I Maximum depth 0, 0 variables fixed on reduced cost
Total time (CPU seconds):       0.04   (Wallclock seconds):       0.04

