
###############################################################
 General Information 
###############################################################

Formulation: ELLOUMI, loglevel: 1 , ratio: 0, 
timeout: 7200.0, threads: 1 

Problem parameters: 
 n = 200 
 p = 67 

Instance values: 
200×200 Named Array{Int64,2}
A ╲ B │   1    2    3    4    5    6    7  …  194  195  196  197  198  199  200
──────┼────────────────────────────────────────────────────────────────────────
1     │   0   47   58   55   80   50   13  …   58   54   71   63   81   56   21
2     │  47    0   48   44   79   97   60      69   60   93   73   97  103   68
3     │  58   48    0   63   57   96   45      51   66  103   85   63   88   79
4     │  55   44   63    0   44   97   60      51   66   49   64   78  103   76
5     │  80   79   57   44    0   76   74      22   37   81   56   34   59   94
6     │  50   97   96   97   76    0   55      90   82  113   88  107  106   71
7     │  13   60   45   60   74   55    0      52   59   76   68   80   69   34
8     │  43   76   53   66   68   73   30      46   56   80   58   74   99   64
9     │  47   62   89   74   47   69   44      64   49   93   55   81  103   68
⋮         ⋮    ⋮    ⋮    ⋮    ⋮    ⋮    ⋮  ⋱    ⋮    ⋮    ⋮    ⋮    ⋮    ⋮    ⋮
192   │  85   38   86   82  106  125   82      84   81  102   95  112  137  106
193   │  82   71  113  100   94  113   87      72   57  101   65  100  125  103
194   │  58   69   51   51   22   90   52       0   15   59   34   28   53   79
195   │  54   60   66   66   37   82   59      15    0   44   34   43   68   75
196   │  71   93  103   49   81  113   76      59   44    0   50   70   95   92
197   │  63   73   85   64   56   88   68      34   34   50    0   62   87   84
198   │  81   97   63   78   34  107   80      28   43   70   62    0   25   60
199   │  56  103   88  103   59  106   69      53   68   95   87   25    0   35
200   │  21   68   79   76   94   71   34  …   79   75   92   84   60   35    0

D = [0, 1, 2, 3, 4, 5, 6, 7, 8, 9, 10, 11, 12, 13, 14, 15, 16, 17, 18, 19, 20, 21, 22, 23, 24, 25, 26, 27, 28, 29, 30, 31, 32, 33, 34, 35, 36, 37, 38, 39, 40, 41, 42, 43, 44, 45, 46, 47, 48, 49, 50, 51, 52, 53, 54, 55, 56, 57, 58, 59, 60, 61, 62, 63, 64, 65, 66, 67, 68, 69, 70, 71, 72, 73, 74, 75, 76, 77, 78, 79, 80, 81, 82, 83, 84, 85, 86, 87, 88, 89, 90, 91, 92, 93, 94, 95, 96, 97, 98, 99, 100, 101, 102, 103, 104, 105, 106, 107, 108, 109, 110, 111, 112, 113, 114, 115, 116, 117, 118, 119, 120, 121, 122, 123, 124, 125, 126, 127, 128, 129, 130, 131, 132, 133, 134, 135, 136, 137, 138, 139, 140, 141, 142, 143, 144, 145, 146, 147, 148, 149, 150, 151, 152, 153, 154, 155, 158, 159, 160, 161, 162, 168, 169]
k = 163
Cgl0003I 0 fixed, 0 tightened bounds, 9421 strengthened rows, 0 substitutions
Cgl0003I 0 fixed, 0 tightened bounds, 8146 strengthened rows, 0 substitutions
Cgl0003I 0 fixed, 0 tightened bounds, 7150 strengthened rows, 0 substitutions
Cgl0003I 0 fixed, 0 tightened bounds, 6320 strengthened rows, 0 substitutions
Cgl0003I 0 fixed, 0 tightened bounds, 5628 strengthened rows, 0 substitutions
Cgl0003I 0 fixed, 0 tightened bounds, 5155 strengthened rows, 0 substitutions
Cgl0003I 0 fixed, 0 tightened bounds, 4644 strengthened rows, 0 substitutions
Cgl0003I 0 fixed, 0 tightened bounds, 4190 strengthened rows, 0 substitutions
Cgl0003I 0 fixed, 0 tightened bounds, 3695 strengthened rows, 0 substitutions
Cgl0004I processed model has 21264 rows, 362 columns (362 integer (362 of which binary)) and 1945562 elements
Cutoff increment increased from 1e-05 to 0.9999
Cbc0038I Initial state - 188 integers unsatisfied sum - 48.1041
Cbc0038I Pass   1: (47.14 seconds) suminf.   17.18033 (79) obj. 25.5738 iterations 658
Cbc0038I Pass   2: (47.61 seconds) suminf.   10.00000 (20) obj. 24.5 iterations 132
Cbc0038I Pass   3: (47.88 seconds) suminf.   10.00000 (20) obj. 24.5 iterations 36
Cbc0038I Solution found of 23
Cbc0038I Before mini branch and bound, 159 integers at bound fixed and 0 continuous
Cbc0038I Full problem 21264 rows 362 columns, reduced to 10034 rows 203 columns
Cbc0038I Mini branch and bound improved solution from 23 to 20 (88.52 seconds)
Cbc0038I Round again with cutoff of 18.742
Cbc0038I Reduced cost fixing fixed 3 variables on major pass 2
Cbc0038I Pass   4: (91.96 seconds) suminf.   18.11484 (99) obj. 18.742 iterations 517
Cbc0038I Pass   5: (93.40 seconds) suminf.    9.36693 (45) obj. 18.742 iterations 281
Cbc0038I Pass   6: (94.67 seconds) suminf.    8.03556 (80) obj. 18.742 iterations 255
Cbc0038I Pass   7: (95.34 seconds) suminf.    8.02603 (88) obj. 18.742 iterations 100
Cbc0038I Pass   8: (96.45 seconds) suminf.    9.69921 (36) obj. 18.742 iterations 221
Cbc0038I Pass   9: (97.84 seconds) suminf.   14.90440 (62) obj. 18.742 iterations 279
Cbc0038I Pass  10: (98.83 seconds) suminf.    9.59338 (78) obj. 18.742 iterations 173
Cbc0038I Pass  11: (99.60 seconds) suminf.    8.63619 (169) obj. 18.742 iterations 98
Cbc0038I Pass  12: (100.99 seconds) suminf.   17.87727 (58) obj. 18.742 iterations 247
Cbc0038I Pass  13: (101.49 seconds) suminf.   16.03192 (59) obj. 18.742 iterations 83
Cbc0038I Pass  14: (102.02 seconds) suminf.   14.84922 (48) obj. 18.742 iterations 84
Cbc0038I Pass  15: (103.49 seconds) suminf.   12.13935 (49) obj. 18.742 iterations 282
Cbc0038I Pass  16: (103.95 seconds) suminf.   11.51929 (49) obj. 18.742 iterations 68
Cbc0038I Pass  17: (104.43 seconds) suminf.    9.26659 (50) obj. 18.742 iterations 71
Cbc0038I Pass  18: (105.60 seconds) suminf.    8.26194 (66) obj. 18.742 iterations 201
Cbc0038I Pass  19: (106.53 seconds) suminf.   13.51169 (64) obj. 18.742 iterations 157
Cbc0038I Pass  20: (107.36 seconds) suminf.    8.79644 (68) obj. 18.742 iterations 151
Cbc0038I Pass  21: (108.40 seconds) suminf.    8.53473 (168) obj. 18.742 iterations 148
Cbc0038I Pass  22: (109.92 seconds) suminf.    9.78475 (52) obj. 18.742 iterations 260
Cbc0038I Pass  23: (111.15 seconds) suminf.    8.05757 (80) obj. 18.742 iterations 238
Cbc0038I Pass  24: (111.67 seconds) suminf.    8.04463 (80) obj. 18.742 iterations 63
Cbc0038I Pass  25: (113.02 seconds) suminf.    9.77406 (35) obj. 18.742 iterations 304
Cbc0038I Pass  26: (114.34 seconds) suminf.    7.74709 (87) obj. 18.742 iterations 227
Cbc0038I Pass  27: (115.53 seconds) suminf.    8.87727 (45) obj. 18.742 iterations 216
Cbc0038I Pass  28: (116.49 seconds) suminf.    8.03556 (80) obj. 18.742 iterations 191
Cbc0038I Pass  29: (117.46 seconds) suminf.    8.02603 (88) obj. 18.742 iterations 154
Cbc0038I Pass  30: (119.45 seconds) suminf.    9.55928 (34) obj. 18.742 iterations 368
Cbc0038I Pass  31: (120.92 seconds) suminf.    8.39326 (64) obj. 18.742 iterations 266
Cbc0038I Pass  32: (123.36 seconds) suminf.   20.44040 (131) obj. 18.742 iterations 466
Cbc0038I Pass  33: (124.85 seconds) suminf.   10.85471 (69) obj. 18.742 iterations 269
Cbc0038I No solution found this major pass
Cbc0038I Before mini branch and bound, 160 integers at bound fixed and 0 continuous
Cbc0038I Full problem 21264 rows 362 columns, reduced to 9456 rows 202 columns
Cbc0038I Mini branch and bound did not improve solution (154.62 seconds)
Cbc0038I After 154.62 seconds - Feasibility pump exiting with objective of 20 - took 111.11 seconds
Cbc0012I Integer solution of 20 found by feasibility pump after 0 iterations and 0 nodes (154.68 seconds)
Cbc0038I Full problem 21264 rows 362 columns, reduced to 9280 rows 188 columns
Cbc0031I 18 added rows had average density of 46.222222
Cbc0013I At root node, 18 cuts changed objective from 16.418906 to 18.497639 in 9 passes
Cbc0014I Cut generator 0 (Probing) - 320 row cuts average 5.5 elements, 38 column cuts (38 active)  in 1.224 seconds - new frequency is 1
Cbc0014I Cut generator 1 (Gomory) - 0 row cuts average 0.0 elements, 0 column cuts (0 active)  in 1.568 seconds - new frequency is -100
Cbc0014I Cut generator 2 (Knapsack) - 0 row cuts average 0.0 elements, 0 column cuts (0 active)  in 0.151 seconds - new frequency is -100
Cbc0014I Cut generator 3 (Clique) - 0 row cuts average 0.0 elements, 0 column cuts (0 active)  in 0.028 seconds - new frequency is -100
Cbc0014I Cut generator 4 (MixedIntegerRounding2) - 0 row cuts average 0.0 elements, 0 column cuts (0 active)  in 10.802 seconds - new frequency is -100
Cbc0014I Cut generator 5 (FlowCover) - 0 row cuts average 0.0 elements, 0 column cuts (0 active)  in 0.137 seconds - new frequency is -100
Cbc0014I Cut generator 6 (TwoMirCuts) - 205 row cuts average 147.9 elements, 0 column cuts (0 active)  in 3.018 seconds - new frequency is 1
Cbc0010I After 0 nodes, 1 on tree, 20 best solution, best possible 18.497639 (261.44 seconds)

###############################################################
 Elloumi 
###############################################################

Y 
200-element Named Array{Float64,1}
A   │ 
────┼────
1   │ 0.0
2   │ 1.0
3   │ 1.0
4   │ 1.0
5   │ 0.0
6   │ 1.0
7   │ 0.0
8   │ 0.0
9   │ 0.0
⋮       ⋮
192 │ 1.0
193 │ 1.0
194 │ 0.0
195 │ 0.0
196 │ 0.0
197 │ 0.0
198 │ 0.0
199 │ 1.0
200 │ 1.0

uk: 1 dimensions:
[  2] = 1.0
[  3] = 1.0
[  4] = 1.0
[  5] = 1.0
[  6] = 1.0
[  7] = 1.0
[  8] = 1.0
[  9] = 1.0
[ 10] = 1.0
[ 11] = 1.0
[ 12] = 1.0
[ 13] = 1.0
[ 14] = 1.0
[ 15] = 1.0
[ 16] = 1.0
[ 17] = 1.0
[ 18] = 1.0
[ 19] = 1.0
[ 20] = 1.0
[ 21] = 1.0
[ 22] = 0.0
[ 23] = 0.0
[ 24] = 0.0
[ 25] = 0.0
[ 26] = 0.0
[ 27] = 0.0
[ 28] = 0.0
[ 29] = 0.0
[ 30] = 0.0
[ 31] = 0.0
[ 32] = 0.0
[ 33] = 0.0
[ 34] = 0.0
[ 35] = 0.0
[ 36] = 0.0
[ 37] = 0.0
[ 38] = 0.0
[ 39] = 0.0
[ 40] = 0.0
[ 41] = 0.0
[ 42] = 0.0
[ 43] = 0.0
[ 44] = 0.0
[ 45] = 0.0
[ 46] = 0.0
[ 47] = 0.0
[ 48] = 0.0
[ 49] = 0.0
[ 50] = 0.0
[ 51] = 0.0
[ 52] = 0.0
[ 53] = 0.0
[ 54] = 0.0
[ 55] = 0.0
[ 56] = 0.0
[ 57] = 0.0
[ 58] = 0.0
[ 59] = 0.0
[ 60] = 0.0
[ 61] = 0.0
[ 62] = 0.0
[ 63] = 0.0
[ 64] = 0.0
[ 65] = 0.0
[ 66] = 0.0
[ 67] = 0.0
[ 68] = 0.0
[ 69] = 0.0
[ 70] = 0.0
[ 71] = 0.0
[ 72] = 0.0
[ 73] = 0.0
[ 74] = 0.0
[ 75] = 0.0
[ 76] = 0.0
[ 77] = 0.0
[ 78] = 0.0
[ 79] = 0.0
[ 80] = 0.0
[ 81] = 0.0
[ 82] = 0.0
[ 83] = 0.0
[ 84] = 0.0
[ 85] = 0.0
[ 86] = 0.0
[ 87] = 0.0
[ 88] = 0.0
[ 89] = 0.0
[ 90] = 0.0
[ 91] = 0.0
[ 92] = 0.0
[ 93] = 0.0
[ 94] = 0.0
[ 95] = 0.0
[ 96] = 0.0
[ 97] = 0.0
[ 98] = 0.0
[ 99] = 0.0
[100] = 0.0
[101] = 0.0
[102] = 0.0
[103] = 0.0
[104] = 0.0
[105] = 0.0
[106] = 0.0
[107] = 0.0
[108] = 0.0
[109] = 0.0
[110] = 0.0
[111] = 0.0
[112] = 0.0
[113] = 0.0
[114] = 0.0
[115] = 0.0
[116] = 0.0
[117] = 0.0
[118] = 0.0
[119] = 0.0
[120] = 0.0
[121] = 0.0
[122] = 0.0
[123] = 0.0
[124] = 0.0
[125] = 0.0
[126] = 0.0
[127] = 0.0
[128] = 0.0
[129] = 0.0
[130] = 0.0
[131] = 0.0
[132] = 0.0
[133] = 0.0
[134] = 0.0
[135] = 0.0
[136] = 0.0
[137] = 0.0
[138] = 0.0
[139] = 0.0
[140] = 0.0
[141] = 0.0
[142] = 0.0
[143] = 0.0
[144] = 0.0
[145] = 0.0
[146] = 0.0
[147] = 0.0
[148] = 0.0
[149] = 0.0
[150] = 0.0
[151] = 0.0
[152] = 0.0
[153] = 0.0
[154] = 0.0
[155] = 0.0
[156] = 0.0
[157] = 0.0
[158] = 0.0
[159] = 0.0
[160] = 0.0
[161] = 0.0
[162] = 0.0
[163] = 0.0

Optimal !
Objective function value is 20.0
Selected nodes: 2, 3, 4, 6, 11, 16, 19, 26, 28, 31, 33, 36, 41, 42, 43, 44, 45, 48, 50, 51, 55, 62, 64, 65, 67, 68, 69, 72, 75, 80, 81, 85, 90, 92, 97, 98, 101, 103, 106, 110, 115, 121, 123, 124, 125, 128, 129, 135, 137, 143, 144, 145, 146, 148, 156, 158, 159, 166, 168, 171, 180, 183, 190, 192, 193, 199, 200
Cbc0030I Thread 0 used 2 times,  waiting to start 0.38954163, 28.076356 cpu time, 14 locks, 0.028887272 locked, 5.4836273e-06 waiting for locks
Cbc0030I Main thread 28.481142 waiting for threads,  8 locks, 1.5735626e-05 locked, 2.6226044e-06 waiting for locks
Cbc0001I Search completed - best objective 20, took 7478 iterations and 2 nodes (289.53 seconds)
Cbc0032I Strong branching done 44 times (3372 iterations), fathomed 0 nodes and fixed 0 variables
Cbc0035I Maximum depth 0, 98 variables fixed on reduced cost
Total time (CPU seconds):       304.16   (Wallclock seconds):       312.41

