
###############################################################
 General Information 
###############################################################

Formulation: ELLOUMI, loglevel: 1 , ratio: 0, 
timeout: 7200.0, threads: 1 

Problem parameters: 
 n = 20 
 p = 4 

Instance values: 
20×20 Named Array{Int64,2}
A ╲ B │   1    2    3    4    5    6    7  …   14   15   16   17   18   19   20
──────┼────────────────────────────────────────────────────────────────────────
1     │   0   34   73   43   86   48   36  …   56   35   73   56   22   96   58
2     │  97    0   11   29   80   54   15      46   75   85   55   25   23   58
3     │  70    6    0   92   47   55   53      66   92   76   80    9   97   39
4     │  26   39   45    0    1   75   99      53   38   36   18   26   54    0
5     │  40   51    1   65    0   43   55      75   31   48   94   91   57   39
6     │  48   52   95   14   13    0   29      38  100    5   15   85   81   46
7     │  17   19   96   89   60   77    0      22   56   82   61   30   71   98
8     │  82   73   67   78   72   57   85      53   59   24    3    8   14   25
9     │  38   78   75   62   29   74   66      23   36   39   66   79   90   70
⋮         ⋮    ⋮    ⋮    ⋮    ⋮    ⋮    ⋮  ⋱    ⋮    ⋮    ⋮    ⋮    ⋮    ⋮    ⋮
12    │  59   37   71   94   31   99   20      85   80   34   35   46   15   37
13    │  11   59   46   43   18   78   65      90   76   74   42   27   18   72
14    │  99   30   20   66    2   58    2       0   78    1   73   67   33   82
15    │  20   14   29   95   43    8   75      79    0   14   30   46   58   88
16    │  46   22   20   74   41   58   20      28   65    0   98   30    1   46
17    │   1   61   29   81   56   24   61       9   67   29    0   56   69   81
18    │  39   90   92   62   24    3   53      46   14   54   77    0    1   18
19    │  19   12   17    9    1   90   23      21   20   43   46   82    0   79
20    │  43   50   73   71   55   31   43  …   89   27   61   86   89   20    0

D = [0, 1, 2, 3, 5, 6, 7, 8, 9, 11, 12, 13, 14, 15, 16, 17, 18, 19, 20, 21, 22, 23, 24, 25, 26, 27, 28, 29, 30, 31, 32, 33, 34, 35, 36, 37, 38, 39, 40, 41, 42, 43, 45, 46, 47, 48, 49, 50, 51, 52, 53, 54, 55, 56, 57, 58, 59, 60, 61, 62, 63, 65, 66, 67, 68, 69, 70, 71, 72, 73, 74, 75, 76, 77, 78, 79, 80, 81, 82, 83, 84, 85, 86, 87, 88, 89, 90, 91, 92, 93, 94, 95, 96, 97, 98, 99, 100]
k = 97
Cgl0003I 13 fixed, 0 tightened bounds, 0 strengthened rows, 0 substitutions
Cgl0003I 0 fixed, 0 tightened bounds, 633 strengthened rows, 0 substitutions
Cgl0003I 0 fixed, 0 tightened bounds, 313 strengthened rows, 0 substitutions
Cgl0004I processed model has 1556 rows, 103 columns (103 integer (103 of which binary)) and 19548 elements
Cutoff increment increased from 1e-05 to 0.9999
Cbc0038I Initial state - 31 integers unsatisfied sum - 9.09091
Cbc0038I Pass   1: suminf.    0.00000 (0) obj. 24 iterations 48
Cbc0038I Solution found of 24
Cbc0038I Before mini branch and bound, 72 integers at bound fixed and 0 continuous
Cbc0038I Full problem 1556 rows 103 columns, reduced to 488 rows 31 columns
Cbc0038I Mini branch and bound did not improve solution (0.22 seconds)
Cbc0038I Round again with cutoff of 22.8728
Cbc0038I Reduced cost fixing fixed 6 variables on major pass 2
Cbc0038I Pass   2: suminf.    5.26019 (29) obj. 22.8728 iterations 32
Cbc0038I Pass   3: suminf.    5.26019 (29) obj. 22.8728 iterations 6
Cbc0038I Pass   4: suminf.    7.80972 (29) obj. 22.8728 iterations 55
Cbc0038I Pass   5: suminf.    7.75437 (29) obj. 22.8728 iterations 27
Cbc0038I Pass   6: suminf.    5.26019 (29) obj. 22.8728 iterations 20
Cbc0038I Pass   7: suminf.    8.72718 (29) obj. 22.8728 iterations 33
Cbc0038I Pass   8: suminf.    5.26019 (29) obj. 22.8728 iterations 24
Cbc0038I Pass   9: suminf.    7.52228 (26) obj. 22.8728 iterations 38
Cbc0038I Pass  10: suminf.    5.26019 (29) obj. 22.8728 iterations 16
Cbc0038I Pass  11: suminf.    5.26019 (29) obj. 22.8728 iterations 7
Cbc0038I Pass  12: suminf.    7.73829 (28) obj. 22.8728 iterations 27
Cbc0038I Pass  13: suminf.    6.84636 (30) obj. 22.8728 iterations 17
Cbc0038I Pass  14: suminf.    6.40582 (29) obj. 22.8728 iterations 4
Cbc0038I Pass  15: suminf.    5.26019 (29) obj. 22.8728 iterations 3
Cbc0038I Pass  16: suminf.    5.26019 (29) obj. 22.8728 iterations 7
Cbc0038I Pass  17: suminf.    7.80718 (28) obj. 22.8728 iterations 44
Cbc0038I Pass  18: suminf.    5.26019 (29) obj. 22.8728 iterations 22
Cbc0038I Pass  19: suminf.    8.62718 (28) obj. 22.8728 iterations 33
Cbc0038I Pass  20: suminf.    6.94854 (30) obj. 22.8728 iterations 18
Cbc0038I Pass  21: suminf.    6.80279 (29) obj. 22.8728 iterations 11
Cbc0038I Pass  22: suminf.    8.65337 (29) obj. 22.8728 iterations 29
Cbc0038I Pass  23: suminf.    5.26019 (29) obj. 22.8728 iterations 31
Cbc0038I Pass  24: suminf.    5.26019 (29) obj. 22.8728 iterations 13
Cbc0038I Pass  25: suminf.    7.73829 (28) obj. 22.8728 iterations 25
Cbc0038I Pass  26: suminf.    5.26019 (29) obj. 22.8728 iterations 14
Cbc0038I Pass  27: suminf.    8.87282 (30) obj. 22.8728 iterations 27
Cbc0038I Pass  28: suminf.    5.26019 (29) obj. 22.8728 iterations 19
Cbc0038I Pass  29: suminf.    5.26019 (29) obj. 22.8728 iterations 9
Cbc0038I Pass  30: suminf.    8.33948 (28) obj. 22.8728 iterations 29
Cbc0038I Pass  31: suminf.    7.02066 (29) obj. 22.8728 iterations 21
Cbc0038I No solution found this major pass
Cbc0038I Before mini branch and bound, 66 integers at bound fixed and 0 continuous
Cbc0038I Full problem 1556 rows 103 columns, reduced to 586 rows 37 columns
Cbc0038I Mini branch and bound did not improve solution (0.45 seconds)
Cbc0038I After 0.45 seconds - Feasibility pump exiting with objective of 24 - took 0.32 seconds
Cbc0012I Integer solution of 24 found by feasibility pump after 0 iterations and 0 nodes (0.45 seconds)
Cbc0038I Full problem 1556 rows 103 columns, reduced to 488 rows 31 columns

###############################################################
 Elloumi 
###############################################################

Y 
20-element Named Array{Float64,1}
A  │ 
───┼────
1  │ 0.0
2  │ 1.0
3  │ 0.0
4  │ 0.0
5  │ 0.0
6  │ 0.0
7  │ 0.0
8  │ 0.0
9  │ 0.0
⋮      ⋮
12 │ 0.0
13 │ 0.0
14 │ 1.0
15 │ 0.0
16 │ 0.0
17 │ 0.0
18 │ 0.0
19 │ 1.0
20 │ 0.0

uk: 1 dimensions:
[ 2] = 1.0
[ 3] = 1.0
[ 4] = 1.0
[ 5] = 1.0
[ 6] = 1.0
[ 7] = 1.0
[ 8] = 1.0
[ 9] = 1.0
[10] = 1.0
[11] = 1.0
[12] = 1.0
[13] = 1.0
[14] = 1.0
[15] = 1.0
[16] = 1.0
[17] = 1.0
[18] = 1.0
[19] = 1.0
[20] = 1.0
[21] = 1.0
[22] = 1.0
[23] = 1.0
[24] = 0.0
[25] = 0.0
[26] = 0.0
[27] = 0.0
[28] = 0.0
[29] = 0.0
[30] = 0.0
[31] = 0.0
[32] = 0.0
[33] = 0.0
[34] = 0.0
[35] = 0.0
[36] = 0.0
[37] = 0.0
[38] = 0.0
[39] = 0.0
[40] = 0.0
[41] = 0.0
[42] = 0.0
[43] = 0.0
[44] = 0.0
[45] = 0.0
[46] = 0.0
[47] = 0.0
[48] = 0.0
[49] = 0.0
[50] = 0.0
[51] = 0.0
[52] = 0.0
[53] = 0.0
[54] = 0.0
[55] = 0.0
[56] = 0.0
[57] = 0.0
[58] = 0.0
[59] = 0.0
[60] = 0.0
[61] = 0.0
[62] = 0.0
[63] = 0.0
[64] = 0.0
[65] = 0.0
[66] = 0.0
[67] = 0.0
[68] = 0.0
[69] = 0.0
[70] = 0.0
[71] = 0.0
[72] = 0.0
[73] = 0.0
[74] = 0.0
[75] = 0.0
[76] = 0.0
[77] = 0.0
[78] = 0.0
[79] = 0.0
[80] = 0.0
[81] = 0.0
[82] = 0.0
[83] = 0.0
[84] = 0.0
[85] = 0.0
[86] = 0.0
[87] = 0.0
[88] = 0.0
[89] = 0.0
[90] = 0.0
[91] = 0.0
[92] = 0.0
[93] = 0.0
[94] = 0.0
[95] = 0.0
[96] = 0.0
[97] = 0.0

Optimal !
Objective function value is 24.0
Selected nodes: 2, 11, 14, 19
Cbc0031I 4 added rows had average density of 30.75
Cbc0013I At root node, 43 cuts changed objective from 21.727273 to 23.027596 in 3 passes
Cbc0014I Cut generator 0 (Probing) - 2 row cuts average 2.0 elements, 2 column cuts (2 active)  in 0.007 seconds - new frequency is 1
Cbc0014I Cut generator 1 (Gomory) - 34 row cuts average 29.9 elements, 0 column cuts (0 active)  in 0.003 seconds - new frequency is 1
Cbc0014I Cut generator 2 (Knapsack) - 0 row cuts average 0.0 elements, 0 column cuts (0 active)  in 0.005 seconds - new frequency is -100
Cbc0014I Cut generator 3 (Clique) - 0 row cuts average 0.0 elements, 0 column cuts (0 active)  in 0.000 seconds - new frequency is -100
Cbc0014I Cut generator 4 (MixedIntegerRounding2) - 0 row cuts average 0.0 elements, 0 column cuts (0 active)  in 0.015 seconds - new frequency is -100
Cbc0014I Cut generator 5 (FlowCover) - 0 row cuts average 0.0 elements, 0 column cuts (0 active)  in 0.001 seconds - new frequency is -100
Cbc0014I Cut generator 6 (TwoMirCuts) - 56 row cuts average 29.9 elements, 0 column cuts (0 active)  in 0.012 seconds - new frequency is -100
Cbc0030I Thread 0 used 0 times,  waiting to start 2.3841858e-07, 0 cpu time, 0 locks, 0 locked, 0 waiting for locks
Cbc0030I Main thread 0 waiting for threads,  1 locks, 8.3446503e-06 locked, 2.8610229e-06 waiting for locks
Cbc0001I Search completed - best objective 24, took 99 iterations and 0 nodes (0.62 seconds)
Cbc0035I Maximum depth 0, 65 variables fixed on reduced cost
Total time (CPU seconds):       0.63   (Wallclock seconds):       0.65

