
###############################################################
 General Information 
###############################################################

Formulation: ELLOUMI, loglevel: 1 , ratio: 0, 
timeout: 7200.0, threads: 1 

Problem parameters: 
 n = 10 
 p = 5 

Instance values: 
10×10 Named Array{Int64,2}
A ╲ B │   1    2    3    4    5    6    7    8    9   10
──────┼─────────────────────────────────────────────────
1     │   0   69    1    5   21    2   23   57   55    6
2     │   7    0   93   61   62   96   43   28    1   32
3     │  77   33    0   96   28   66   93   30   31   33
4     │  52   42   88    0   15   16    7   39   58   48
5     │  24   42  100   28    0   26   92   30   51   75
6     │  53   24   15   85   26    0   32   22   24   31
7     │   1   73   10   74   41   93    0   58   77   47
8     │  82   16   78    9    9   89   86    0   70   12
9     │   6   45   49   66   66   88   91   44    0   37
10    │  67   13   41   24   67   64   92   39    1    0

D = [0, 1, 2, 5, 6, 7, 9, 10, 12, 13, 15, 16, 21, 22, 23, 24, 26, 28, 30, 31, 32, 33, 37, 39, 41, 42, 43, 44, 45, 47, 48, 49, 51, 52, 53, 55, 57, 58, 61, 62, 64, 66, 67, 69, 70, 73, 74, 75, 77, 78, 82, 85, 86, 88, 89, 91, 92, 93, 96, 100]
k = 60

###############################################################
 Elloumi 
###############################################################

Y 
10-element Named Array{Float64,1}
A  │ 
───┼────
1  │ 0.0
2  │ 0.0
3  │ 1.0
4  │ 0.0
5  │ 1.0
6  │ 1.0
7  │ 1.0
8  │ 0.0
9  │ 1.0
10 │ 0.0

uk: 1 dimensions:
[ 2] = 1.0
[ 3] = 1.0
[ 4] = 1.0
[ 5] = 1.0
[ 6] = 1.0
[ 7] = 1.0
[ 8] = 0.0
[ 9] = 0.0
[10] = 0.0
[11] = 0.0
[12] = 0.0
[13] = 0.0
[14] = 0.0
[15] = 0.0
[16] = 0.0
[17] = 0.0
[18] = 0.0
[19] = 0.0
[20] = 0.0
[21] = 0.0
[22] = 0.0
[23] = 0.0
[24] = 0.0
[25] = 0.0
[26] = 0.0
[27] = 0.0
[28] = 0.0
[29] = 0.0
[30] = 0.0
[31] = 0.0
[32] = 0.0
[33] = 0.0
[34] = 0.0
[35] = 0.0
[36] = 0.0
[37] = 0.0
[38] = 0.0
[39] = 0.0
[40] = 0.0
[41] = 0.0
[42] = 0.0
[43] = 0.0
[44] = 0.0
[45] = 0.0
[46] = 0.0
[47] = 0.0
[48] = 0.0
[49] = 0.0
[50] = 0.0
[51] = 0.0
[52] = 0.0
[53] = 0.0
[54] = 0.0
[55] = 0.0
[56] = 0.0
[57] = 0.0
[58] = 0.0
[59] = 0.0
[60] = 0.0

Optimal !
Objective function value is 9.0
Selected nodes: 3, 5, 6, 7, 9
Cgl0003I 5 fixed, 0 tightened bounds, 378 strengthened rows, 0 substitutions
Cgl0003I 0 fixed, 0 tightened bounds, 3 strengthened rows, 0 substitutions
Cgl0004I processed model has 508 rows, 64 columns (64 integer (64 of which binary)) and 3834 elements
Cutoff increment increased from 1e-05 to 0.9999
Cbc0038I Initial state - 0 integers unsatisfied sum - 0
Cbc0038I Solution found of 9
Cbc0038I Before mini branch and bound, 64 integers at bound fixed and 0 continuous
Cbc0038I Mini branch and bound did not improve solution (0.03 seconds)
Cbc0038I After 0.03 seconds - Feasibility pump exiting with objective of 9 - took 0.00 seconds
Cbc0012I Integer solution of 9 found by feasibility pump after 0 iterations and 0 nodes (0.03 seconds)
Cbc0030I Thread 0 used 0 times,  waiting to start 0, 0 cpu time, 0 locks, 0 locked, 0 waiting for locks
Cbc0030I Main thread 0 waiting for threads,  1 locks, 7.1525574e-06 locked, 2.1457672e-06 waiting for locks
Cbc0001I Search completed - best objective 9, took 0 iterations and 0 nodes (0.03 seconds)
Cbc0035I Maximum depth 0, 0 variables fixed on reduced cost
Total time (CPU seconds):       0.04   (Wallclock seconds):       0.05

