
###############################################################
 General Information 
###############################################################

Formulation: ELLOUMI, loglevel: 1 , ratio: 0, 
timeout: 7200.0, threads: 1 

Problem parameters: 
 n = 20 
 p = 10 

Instance values: 
20×20 Named Array{Int64,2}
A ╲ B │   1    2    3    4    5    6    7  …   14   15   16   17   18   19   20
──────┼────────────────────────────────────────────────────────────────────────
1     │   0   64   22   38   62   82   42  …   56   40   20    6   72   74   66
2     │  28    0   35   83   80   12   56      15   66   47   60   20   95    1
3     │  90   26    0   41   29   84   43      69   99   32   17   17   56    7
4     │   1   72   72    0   14   67   96      74   42   98   84   56   81   85
5     │  91    0   97   67    0   24   38      57   54   13   20   89   57   72
6     │  81   68   55   49   53    0    3      29   89   29    1   12   12    9
7     │  97   65   26   18   42   93    0      38   22   52   29   33   86   53
8     │  32    0   83   67   99   86   24      47   92   95  100   92   77   77
9     │  89   67   27    1   45   24   23      55   24   57   59   48   69   57
⋮         ⋮    ⋮    ⋮    ⋮    ⋮    ⋮    ⋮  ⋱    ⋮    ⋮    ⋮    ⋮    ⋮    ⋮    ⋮
12    │  87   87   58   68   72   60    9      61   22   87   10   25   98   62
13    │  96   46   10    6   34   57   24      45   26   53   97    9   29   76
14    │  63   90   45   12    5   27   37       0   41   32   70    0   44   13
15    │  65   27   67   93   58   26   34       1    0   98   90   44   82   47
16    │  31   93   76   94   74   42    7      15   17    0   18   68   91   81
17    │  35    6    1   17   60   81   82      55   91   29    0   59   69   50
18    │ 100   42   50   22   14   35   45      28   55   65  100    0   75   56
19    │  13   60   92   83   99   68   17      91   17    8   98   26    0   32
20    │  94   71   10   91   45   60   25  …   24   89   35   71   30   22    0

D = [0, 1, 2, 3, 5, 6, 7, 8, 9, 10, 11, 12, 13, 14, 15, 16, 17, 18, 19, 20, 21, 22, 23, 24, 25, 26, 27, 28, 29, 30, 31, 32, 33, 34, 35, 36, 37, 38, 39, 40, 41, 42, 43, 44, 45, 46, 47, 48, 49, 50, 51, 52, 53, 54, 55, 56, 57, 58, 59, 60, 61, 62, 63, 64, 65, 66, 67, 68, 69, 70, 71, 72, 73, 74, 75, 76, 77, 78, 79, 80, 81, 82, 83, 84, 85, 86, 87, 89, 90, 91, 92, 93, 94, 95, 96, 97, 98, 99, 100]
k = 99
Cgl0003I 3 fixed, 0 tightened bounds, 1535 strengthened rows, 0 substitutions
Cgl0004I processed model has 1821 rows, 115 columns (115 integer (115 of which binary)) and 21878 elements
Cutoff increment increased from 1e-05 to 0.9999
Cbc0038I Initial state - 9 integers unsatisfied sum - 4.5
Cbc0038I Pass   1: suminf.    0.00000 (0) obj. 7 iterations 25
Cbc0038I Solution found of 7
Cbc0038I Before mini branch and bound, 106 integers at bound fixed and 0 continuous
Cbc0038I Full problem 1821 rows 115 columns, reduced to 63 rows 9 columns
Cbc0038I Mini branch and bound did not improve solution (0.15 seconds)
Cbc0038I Round again with cutoff of 5.90009
Cbc0038I Reduced cost fixing fixed 86 variables on major pass 2
Cbc0038I Pass   2: suminf.    1.82493 (6) obj. 5.90009 iterations 2
Cbc0038I Pass   3: suminf.    1.64987 (6) obj. 5.90009 iterations 8
Cbc0038I Pass   4: suminf.    1.82493 (7) obj. 5.90009 iterations 13
Cbc0038I Pass   5: suminf.    1.64987 (6) obj. 5.90009 iterations 7
Cbc0038I Pass   6: suminf.    1.82493 (7) obj. 5.90009 iterations 7
Cbc0038I Pass   7: suminf.    1.64987 (6) obj. 5.90009 iterations 5
Cbc0038I Pass   8: suminf.    2.00000 (6) obj. 5.66667 iterations 16
Cbc0038I Pass   9: suminf.    2.00000 (6) obj. 5.66667 iterations 8
Cbc0038I Pass  10: suminf.    1.82493 (7) obj. 5.90009 iterations 15
Cbc0038I Pass  11: suminf.    2.57471 (10) obj. 5.90009 iterations 20
Cbc0038I Pass  12: suminf.    2.57471 (10) obj. 5.90009 iterations 7
Cbc0038I Pass  13: suminf.    4.50000 (9) obj. 5 iterations 22
Cbc0038I Pass  14: suminf.    1.92484 (7) obj. 5.90009 iterations 16
Cbc0038I Pass  15: suminf.    1.92484 (7) obj. 5.90009 iterations 3
Cbc0038I Pass  16: suminf.    3.50000 (7) obj. 5 iterations 11
Cbc0038I Pass  17: suminf.    1.82493 (6) obj. 5.90009 iterations 8
Cbc0038I Pass  18: suminf.    1.64987 (6) obj. 5.90009 iterations 2
Cbc0038I Pass  19: suminf.    1.82493 (7) obj. 5.90009 iterations 4
Cbc0038I Pass  20: suminf.    1.64987 (6) obj. 5.90009 iterations 4
Cbc0038I Pass  21: suminf.    2.02475 (8) obj. 5.90009 iterations 7
Cbc0038I Pass  22: suminf.    2.02475 (8) obj. 5.90009 iterations 3
Cbc0038I Pass  23: suminf.    3.50000 (7) obj. 5 iterations 13
Cbc0038I Pass  24: suminf.    1.92484 (7) obj. 5.90009 iterations 13
Cbc0038I Pass  25: suminf.    1.92484 (7) obj. 5.90009 iterations 2
Cbc0038I Pass  26: suminf.    1.92484 (7) obj. 5.90009 iterations 4
Cbc0038I Pass  27: suminf.    1.92484 (7) obj. 5.90009 iterations 0
Cbc0038I Pass  28: suminf.    4.59991 (10) obj. 5.90009 iterations 15
Cbc0038I Pass  29: suminf.    3.59991 (8) obj. 5.90009 iterations 9
Cbc0038I Pass  30: suminf.    3.59991 (8) obj. 5.90009 iterations 15
Cbc0038I Pass  31: suminf.    1.92484 (7) obj. 5.90009 iterations 25
Cbc0038I No solution found this major pass
Cbc0038I Before mini branch and bound, 100 integers at bound fixed and 0 continuous
Cbc0038I Full problem 1821 rows 115 columns, reduced to 171 rows 15 columns
Cbc0038I Mini branch and bound did not improve solution (0.28 seconds)
Cbc0038I After 0.28 seconds - Feasibility pump exiting with objective of 7 - took 0.14 seconds
Cbc0012I Integer solution of 7 found by feasibility pump after 0 iterations and 0 nodes (0.28 seconds)
Cbc0038I Full problem 1821 rows 115 columns, reduced to 63 rows 9 columns
Cbc0006I The LP relaxation is infeasible or too expensive
Cbc0013I At root node, 0 cuts changed objective from 5 to 9 in 1 passes
Cbc0014I Cut generator 0 (Probing) - 61 row cuts average 14.6 elements, 7 column cuts (7 active)  in 0.003 seconds - new frequency is 1
Cbc0014I Cut generator 1 (Gomory) - 0 row cuts average 0.0 elements, 0 column cuts (0 active)  in 0.000 seconds - new frequency is -100
Cbc0014I Cut generator 2 (Knapsack) - 0 row cuts average 0.0 elements, 0 column cuts (0 active)  in 0.000 seconds - new frequency is -100
Cbc0014I Cut generator 3 (Clique) - 0 row cuts average 0.0 elements, 0 column cuts (0 active)  in 0.000 seconds - new frequency is -100
Cbc0014I Cut generator 4 (MixedIntegerRounding2) - 0 row cuts average 0.0 elements, 0 column cuts (0 active)  in 0.00
###############################################################
 Elloumi 
###############################################################

Y 
20-element Named Array{Float64,1}
A  │ 
───┼────
1  │ 1.0
2  │ 1.0
3  │ 0.0
4  │ 1.0
5  │ 0.0
6  │ 0.0
7  │ 1.0
8  │ 0.0
9  │ 0.0
⋮      ⋮
12 │ 1.0
13 │ 1.0
14 │ 0.0
15 │ 0.0
16 │ 0.0
17 │ 0.0
18 │ 1.0
19 │ 0.0
20 │ 1.0

uk: 1 dimensions:
[ 2] = 1.0
[ 3] = 1.0
[ 4] = 1.0
[ 5] = 1.0
[ 6] = 1.0
[ 7] = 1.0
[ 8] = 0.0
[ 9] = 0.0
[10] = 0.0
[11] = 0.0
[12] = 0.0
[13] = 0.0
[14] = 0.0
[15] = 0.0
[16] = 0.0
[17] = 0.0
[18] = 0.0
[19] = 0.0
[20] = 0.0
[21] = 0.0
[22] = 0.0
[23] = 0.0
[24] = 0.0
[25] = 0.0
[26] = 0.0
[27] = 0.0
[28] = 0.0
[29] = 0.0
[30] = 0.0
[31] = 0.0
[32] = 0.0
[33] = 0.0
[34] = 0.0
[35] = 0.0
[36] = 0.0
[37] = 0.0
[38] = 0.0
[39] = 0.0
[40] = 0.0
[41] = 0.0
[42] = 0.0
[43] = 0.0
[44] = 0.0
[45] = 0.0
[46] = 0.0
[47] = 0.0
[48] = 0.0
[49] = 0.0
[50] = 0.0
[51] = 0.0
[52] = 0.0
[53] = 0.0
[54] = 0.0
[55] = 0.0
[56] = 0.0
[57] = 0.0
[58] = 0.0
[59] = 0.0
[60] = 0.0
[61] = 0.0
[62] = 0.0
[63] = 0.0
[64] = 0.0
[65] = 0.0
[66] = 0.0
[67] = 0.0
[68] = 0.0
[69] = 0.0
[70] = 0.0
[71] = 0.0
[72] = 0.0
[73] = 0.0
[74] = 0.0
[75] = 0.0
[76] = 0.0
[77] = 0.0
[78] = 0.0
[79] = 0.0
[80] = 0.0
[81] = 0.0
[82] = 0.0
[83] = 0.0
[84] = 0.0
[85] = 0.0
[86] = 0.0
[87] = 0.0
[88] = 0.0
[89] = 0.0
[90] = 0.0
[91] = 0.0
[92] = 0.0
[93] = 0.0
[94] = 0.0
[95] = 0.0
[96] = 0.0
[97] = 0.0
[98] = 0.0
[99] = 0.0

Optimal !
Objective function value is 7.0
Selected nodes: 1, 2, 4, 7, 10, 11, 12, 13, 18, 20
0 seconds - new frequency is -100
Cbc0014I Cut generator 5 (FlowCover) - 0 row cuts average 0.0 elements, 0 column cuts (0 active)  in 0.000 seconds - new frequency is -100
Cbc0030I Thread 0 used 0 times,  waiting to start 0.0030853748, 0 cpu time, 0 locks, 0 locked, 0 waiting for locks
Cbc0030I Main thread 0 waiting for threads,  1 locks, 6.4373016e-06 locked, 1.4305115e-06 waiting for locks
Cbc0001I Search completed - best objective 7, took 0 iterations and 0 nodes (0.31 seconds)
Cbc0035I Maximum depth 0, 1 variables fixed on reduced cost
Total time (CPU seconds):       0.32   (Wallclock seconds):       0.35

