
###############################################################
 General Information 
###############################################################

Formulation: ELLOUMI, loglevel: 2 , ratio: 0, 
timeout: 9600.0, threads: 1 

Problem parameters: 
 n = 200 
 p = 20 

Instance values: 
200×200 Named Array{Int64,2}
A ╲ B │   1    2    3    4    5    6    7  …  194  195  196  197  198  199  200
──────┼────────────────────────────────────────────────────────────────────────
1     │   0   37   70   91  119  112   88  …  139   83   66   90   88  112   44
2     │  37    0   33   54   82   98  115     110   74   90  111   99  124   81
3     │  70   33    0   21   49   70   82      77   41   67   92   82   95  114
4     │  91   54   21    0   28   84   93      56   58   75  103   85  116  135
5     │ 119   82   49   28    0   63   92      84   86   88  119   82   90  158
6     │ 112   98   70   84   63    0   29     104   29   73  105  109  130  156
7     │  88  115   82   93   92   29    0     109   58   74   91   88  106  132
8     │  59   86   53   64   92   58   29      80   54   45   69   59   78  103
9     │  47   74   41   46   74   65   47      98   36   33   57   47   82   91
⋮         ⋮    ⋮    ⋮    ⋮    ⋮    ⋮    ⋮  ⋱    ⋮    ⋮    ⋮    ⋮    ⋮    ⋮    ⋮
192   │ 135  127   94   73  101  121  126      17   92  109  133  139  140  179
193   │ 153  124   91   70   98  118  123      14   89  133  140  153  171  197
194   │ 139  110   77   56   84  104  109       0   75  119  149  139  157  183
195   │  83   74   41   58   86   29   58      75    0   69   93   83  118  127
196   │  66   90   67   75   88   73   74     119   69    0   64   57  103  110
197   │  90  111   92  103  119  105   91     149   93   64    0   46   72  134
198   │  88   99   82   85   82  109   88     139   83   57   46    0   67  132
199   │ 112  124   95  116   90  130  106     157  118  103   72   67    0   68
200   │  44   81  114  135  158  156  132  …  183  127  110  134  132   68    0

D = [0, 1, 2, 3, 4, 5, 6, 7, 8, 9, 10, 11, 12, 13, 14, 15, 16, 17, 18, 19, 20, 21, 22, 23, 24, 25, 26, 27, 28, 29, 30, 31, 32, 33, 34, 35, 36, 37, 38, 39, 40, 41, 42, 43, 44, 45, 46, 47, 48, 49, 50, 51, 52, 53, 54, 55, 56, 57, 58, 59, 60, 61, 62, 63, 64, 65, 66, 67, 68, 69, 70, 71, 72, 73, 74, 75, 76, 77, 78, 79, 80, 81, 82, 83, 84, 85, 86, 87, 88, 89, 90, 91, 92, 93, 94, 95, 96, 97, 98, 99, 100, 101, 102, 103, 104, 105, 106, 107, 108, 109, 110, 111, 112, 113, 114, 115, 116, 117, 118, 119, 120, 121, 122, 123, 124, 125, 126, 127, 128, 129, 130, 131, 132, 133, 134, 135, 136, 137, 138, 139, 140, 141, 142, 143, 144, 145, 146, 147, 148, 149, 150, 151, 152, 153, 154, 155, 156, 157, 158, 159, 160, 161, 162, 163, 164, 165, 166, 167, 168, 169, 170, 171, 172, 173, 174, 175, 176, 177, 178, 179, 180, 181, 182, 183, 184, 185, 186, 187, 188, 190, 191, 193, 194, 195, 196, 197, 199, 200, 202, 205, 206, 208, 213, 214, 220]
k = 205
Cgl0003I 0 fixed, 0 tightened bounds, 12402 strengthened rows, 0 substitutions
Cgl0003I 0 fixed, 0 tightened bounds, 10832 strengthened rows, 0 substitutions
Cgl0003I 0 fixed, 0 tightened bounds, 9551 strengthened rows, 0 substitutions
Cgl0003I 0 fixed, 0 tightened bounds, 8544 strengthened rows, 0 substitutions
Cgl0003I 0 fixed, 0 tightened bounds, 7713 strengthened rows, 0 substitutions
Cgl0003I 0 fixed, 0 tightened bounds, 7050 strengthened rows, 0 substitutions
Cgl0003I 0 fixed, 0 tightened bounds, 6454 strengthened rows, 0 substitutions
Cgl0003I 0 fixed, 0 tightened bounds, 5847 strengthened rows, 0 substitutions
Cgl0003I 0 fixed, 0 tightened bounds, 5342 strengthened rows, 0 substitutions
Cgl0004I processed model has 27933 rows, 404 columns (404 integer (404 of which binary)) and 2560567 elements
Cutoff increment increased from 1e-05 to 0.9999
Cbc0038I Initial state - 180 integers unsatisfied sum - 27.9923
Cbc0038I Pass   1: (73.91 seconds) suminf.   13.59615 (65) obj. 50.4038 iterations 607
Cbc0038I Pass   2: (75.54 seconds) suminf.    8.63448 (39) obj. 51.7655 iterations 308
Cbc0038I Pass   3: (76.62 seconds) suminf.    6.88060 (51) obj. 52.597 iterations 178
Cbc0038I Pass   4: (79.25 seconds) suminf.    0.00000 (0) obj. 56 iterations 511
Cbc0038I Solution found of 56
Cbc0038I Before mini branch and bound, 215 integers at bound fixed and 0 continuous
Cbc0038I Full problem 27933 rows 404 columns, reduced to 17281 rows 189 columns - 15 fixed gives 7371, 174 - ok now
Cgl0009I 9 elements changed
Cgl0004I processed model has 7371 rows, 174 columns (174 integer (174 of which binary)) and 201257 elements
Cbc0038I Full problem 27933 rows 404 columns, reduced to 7371 rows 174 columns
Cbc0028I Starting sub-tree for CbcHeuristicLocalAfterFPump - maximum nodes 200
Cbc0045I Heuristic feasibility pump took 1e-06 seconds (no good)
Cbc0045I Heuristic rounding took 1e-06 seconds (no good)
Cbc0046I Root node pass 1, 7371 rows, 0 total tight cuts  -  objective 52.373913
Cbc0013I At root node, 0 cuts changed objective from 52.373913 to 52.373913 in 1 passes
Cbc0014I Cut generator 0 (Probing) - 0 row cuts average 0.0 elements, 11 column cuts (11 active)
Node 0 depth 0 unsatisfied 59 sum 4.41887e+14 obj 52.3739 guess 63.513 branching on 163
Cbc0010I After 0 nodes, 1 on tree, 1e+50 best solution, best possible 52.373913 (95.03 seconds)
Node 1 depth 1 unsatisfied 50 sum 3.58821e+13 obj 52.3831 guess 53.8051 branching on 161
Node 2 depth 2 unsatisfied 47 sum 2.88724e+13 obj 52.3878 guess 53.5652 branching on 29
Node 3 depth 3 unsatisfied 45 sum 1.83952e+13 obj 52.3889 guess 53.5432 branching on 119
Node 4 depth 4 unsatisfied 44 sum 1.31965e+13 obj 52.4545 guess 53.8711 branching on 154
Node 6 depth 5 unsatisfied 45 sum 1.00971e+13 obj 53.1538 guess 54.5592 branching on 153
Node 8 depth 6 unsatisfied 41 sum 3.80565e+12 obj 53.8182 guess 54.8609 branching on 108
Node 9 depth 7 unsatisfied 43 sum 3.03172e+12 obj 54.1552 guess 55.1091 branching on 94
Node 10 depth 7 unsatisfied 32 sum 2.80999e+12 obj 54.7667 guess 55.632 branching on 94
Node 11 depth 8 unsatisfied 33 sum 1.1829e+12 obj 54.8571 guess 55.6739 branching on 89
Node 12 depth 8 unsatisfied 21 sum 1.57812 obj 55.5 guess 56.2665 branching on 55
Node 13 depth 9 unsatisfied 14 sum 1.1828 obj 56 guess 56.556 branching on 1
Node 16 depth 9 unsatisfied 20 sum 9.15093 obj 55.5 guess 56.1986 branching on 89
Node 17 depth 10 unsatisfied 25 sum 1.11433e+12 obj 56 guess 56.5894 branching on 12
Node 19 depth 11 unsatisfied 24 sum 1.16074e+12 obj 56 guess 56.6644 branching on 21
Node 20 depth 12 unsatisfied 22 sum 5.16105 obj 56 guess 56.5841 branching on 159
Node 21 depth 13 unsatisfied 20 sum 3.21229 obj 56.5 guess 57.0587 branching on 157
Node 27 depth 9 unsatisfied 17 sum 27.3667 obj 55.5 guess 56.2297 branching on 50
Node 28 depth 10 unsatisfied 17 sum 20.4089 obj 55.5 guess 56.0056 branching on 159
Node 29 depth 11 unsatisfied 18 sum 7.80647e+11 obj 56 guess 56.52 branching on 25
Node 32 depth 12 unsatisfied 19 sum 4.51624 obj 56.6667 guess 57.0564 branching on 64
Node 33 depth 12 unsatisfied 18 sum 11.1888 obj 56 guess 56.3958 branching on 64
Node 34 depth 13 unsatisfied 18 sum 11.1468 obj 56 guess 56.3958 branching on 97
Node 35 depth 14 unsatisfied 16 sum 10.993 obj 56 guess 56.3958 branching on 45
Node 36 depth 15 unsatisfied 16 sum 10.9763 obj 56 guess 56.4144 branching on 20
Node 37 depth 16 unsatisfied 23 sum 6.84016 obj 56.4615 guess 56.8916 branching on 88
Node 38 depth 16 unsatisfied 21 sum 2.55229e+12 obj 56.9643 guess 57.2613 branching on 1
Node 39 depth 15 unsatisfied 19 sum 4.55129 obj 56.6667 guess 57.2667 branching on 157
Node 40 depth 14 unsatisfied 19 sum 4.51959 obj 56.6667 guess 57.2715 branching on 157
Node 41 depth 13 unsatisfied 24 sum 3.87852 obj 56.9 guess 57.2167 branching on 98
Node 46 depth 13 unsatisfied 19 sum 5.58116 obj 56.6667 guess 57.348 branching on 1
Cbc0010I After 50 nodes, 9 on tree, 1e+50 best solution, best possible 52.373913 (101.69 seconds)
Node 52 depth 17 unsatisfied 15 sum 6.78115 obj 56.5 guess 56.961 branching on 158
Node 55 depth 17 unsatisfied 19 sum 4.43576 obj 56.8125 guess 57.1061 branching on 115
Node 58 depth 14 unsatisfied 22 sum 4.0682 obj 56.9 guess 57.3281 branching on 21
Node 62 depth 9 unsatisfied 40 sum 3.66274e+12 obj 55.4167 guess 56.2907 branching on 20
Node 63 depth 10 unsatisfied 40 sum 48.2672 obj 55.4286 guess 56.2424 branching on 157
Node 65 depth 11 unsatisfied 37 sum 28.4083 obj 55.9524 guess 56.832 branching on 159
Node 66 depth 12 unsatisfied 17 sum 6.45941 obj 56.5 guess 56.9553 branching on 96
Node 68 depth 13 unsatisfied 23 sum 9.82523e+11 obj 56.5 guess 57.1287 branching on 12
Node 69 depth 14 unsatisfied 23 sum 5.64395 obj 56.5 guess 57.1206 branching on 156
Node 75 depth 8 unsatisfied 39 sum 107.246 obj 54.2857 guess 55.359 branching on 157
Node 76 depth 9 unsatisfied 41 sum 1.48425e+12 obj 54.8571 guess 55.8962 branching on 21
Node 78 depth 10 unsatisfied 38 sum 2.48608e+12 obj 54.9833 guess 56.0695 branching on 159
Node 79 depth 11 unsatisfied 32 sum 38.7502 obj 55.6667 guess 56.7625 branching on 64
Node 80 depth 12 unsatisfied 32 sum 34.4398 obj 55.6667 guess 56.7812 branching on 50
Node 81 depth 13 unsatisfied 32 sum 30.444 obj 55.6667 guess 56.7812 branching on 158
Node 82 depth 14 unsatisfied 33 sum 12.6964 obj 56.3333 guess 57.4873 branching on 55
Node 84 depth 13 unsatisfied 35 sum 1.16792e+12 obj 56.9524 guess 58.0486 branching on 45
Node 85 depth 12 unsatisfied 33 sum 1.42069e+12 obj 56.4328 guess 57.1761 branching on 1
Node 86 depth 15 unsatisfied 32 sum 12.2687 obj 56.3333 guess 57.4712 branching on 45
Node 87 depth 16 unsatisfied 32 sum 14.2758 obj 56.3333 guess 57.4712 branching on 1
Node 88 depth 17 unsatisfied 33 sum 9.15604 obj 56.4 guess 57.5136 branching on 20
Node 89 depth 17 unsatisfied 30 sum 1.59963e+12 obj 56.6667 guess 57.7838 branching on 20
Node 90 depth 18 unsatisfied 33 sum 1.50167e+12 obj 56.7273 guess 57.6138 branching on 27
Node 92 depth 16 unsatisfied 31 sum 9.49062 obj 56.4 guess 57.5091 branching on 54
Node 93 depth 17 unsatisfied 33 sum 8.29795 obj 56.5 guess 57.5659 branching on 59
Node 94 depth 17 unsatisfied 26 sum 4.46813 obj 56.9231 guess 57.6646 branching on 59
Node 97 depth 19 unsatisfied 31 sum 7.11548 obj 56.7273 guess 57.5616 branching on 75
Node 98 depth 20 unsatisfied 31 sum 6.48041 obj 56.7273 guess 57.5568 branching on 130
Node 99 depth 21 unsatisfied 32 sum 6.41346 obj 56.7273 guess 57.5598 branching on 155
Cbc0010I After 100 nodes, 15 on tree, 1e+50 best solution, best possible 52.373913 (107.43 seconds)
Node 105 depth 18 unsatisfied 31 sum 11.2516 obj 56.4444 guess 57.4898 branching on 156
Node 106 depth 19 unsatisfied 29 sum 3.92665 obj 56.8889 guess 57.8763 branching on 25
Node 108 depth 20 unsatisfied 28 sum 3.46179 obj 56.9474 guess 57.7814 branching on 72
Node 112 depth 18 unsatisfied 30 sum 7.54173e+11 obj 56.875 guess 57.675 branching on 27
Node 113 depth 19 unsatisfied 26 sum 5.81862 obj 56.875 guess 57.6919 branching on 20
Node 117 depth 18 unsatisfied 32 sum 5.3962 obj 56.913 guess 57.8548 branching on 130
Node 118 depth 19 unsatisfied 31 sum 4.92879 obj 56.913 guess 57.8548 branching on 156
Node 122 depth 18 unsatisfied 31 sum 8.81895 obj 56.75 guess 57.7173 branching on 156
Node 126 depth 13 unsatisfied 32 sum 20.4118 obj 56.5 guess 57.2334 branching on 55
Node 127 depth 14 unsatisfied 32 sum 19.3288 obj 56.5185 guess 57.3092 branching on 89
Node 131 depth 13 unsatisfied 26 sum 8.55671 obj 56.7692 guess 57.5562 branching on 88
Node 132 depth 14 unsatisfied 25 sum 7.9467 obj 56.7692 guess 57.5585 branching on 85
Node 133 depth 15 unsatisfied 25 sum 8.88817 obj 56.7692 guess 57.6082 branching on 155
Node 138 depth 14 unsatisfied 34 sum 7.16459 obj 59 guess 60.0481 branching on 89
Node 140 depth 11 unsatisfied 32 sum 67.2003 obj 55.4 guess 56.2754 branching on 155
Node 141 depth 12 unsatisfied 29 sum 43.7532 obj 55.8 guess 56.6358 branching on 50
Node 142 depth 13 unsatisfied 29 sum 44.4162 obj 55.8 guess 56.6255 branching on 1
Node 143 depth 14 unsatisfied 28 sum 39.1419 obj 55.8 guess 56.6224 branching on 27
Node 144 depth 15 unsatisfied 28 sum 34.7776 obj 55.8 guess 56.6224 branching on 89
Node 146 depth 16 unsatisfied 0 sum 0 obj 56 guess 56 branching on -1
Cbc0004I Integer solution of 56 found after 18965 iterations and 146 nodes (112.28 seconds)
Node 147 depth 8 unsatisfied 26 sum 11.6656 obj 54.68 guess 55.445 branching on 155
Cbc0010I After 150 nodes, 4 on tree, 56 best solution, best possible 52.373913 (112.91 seconds)
Node 151 depth 4 unsatisfied 29 sum 3.82642e+10 obj 53.6667 guess 54.6771 branching on 89
Node 152 depth 5 unsatisfied 32 sum 15.6945 obj 54.6429 guess 55.9806 branching on 155
Cbc0050I Exiting on maximum number of iterations
Cbc0005I Partial search - best objective 56 (best possible 52.373913), took 21805 iterations and 153 nodes (114.43 seconds)
Cbc0032I Strong branching done 258 times (2241 iterations), fathomed 1 nodes and fixed 2 variables
Cbc0035I Maximum depth 21, 580 variables fixed on reduced cost
Cbc0029I Ending sub-tree for CbcHeuristicLocalAfterFPump
Cbc0038I Mini branch and bound did not improve solution (115.04 seconds)
Cbc0038I Round again with cutoff of 54.2676
Cbc0038I Reduced cost fixing fixed 5 variables on major pass 2
Cbc0038I Pass   5: (115.83 seconds) suminf.   13.59615 (65) obj. 50.4038 iterations 0
Cbc0038I Pass   6: (117.82 seconds) suminf.    8.63448 (39) obj. 51.7655 iterations 347
Cbc0038I Pass   7: (118.87 seconds) suminf.    6.88060 (51) obj. 52.597 iterations 183
Cbc0038I Pass   8: (119.72 seconds) suminf.    6.23243 (18) obj. 54.2676 iterations 165
Cbc0038I Pass   9: (121.00 seconds) suminf.    5.55406 (28) obj. 54.2676 iterations 272
Cbc0038I Pass  10: (121.75 seconds) suminf.    5.50045 (64) obj. 54.2676 iterations 112
Cbc0038I Pass  11: (123.64 seconds) suminf.    9.73243 (26) obj. 54.2676 iterations 326
Cbc0038I Pass  12: (125.18 seconds) suminf.    6.33333 (19) obj. 53 iterations 261
Cbc0038I Pass  13: (126.17 seconds) suminf.    6.03125 (49) obj. 53.125 iterations 139
Cbc0038I Pass  14: (127.87 seconds) suminf.    5.85521 (15) obj. 54.2676 iterations 259
Cbc0038I Pass  15: (129.01 seconds) suminf.    5.85521 (15) obj. 54.2676 iterations 160
Cbc0038I Pass  16: (131.45 seconds) suminf.    5.39130 (52) obj. 52.6667 iterations 379
Cbc0038I Pass  17: (132.15 seconds) suminf.    5.11111 (52) obj. 52.8148 iterations 82
Cbc0038I Pass  18: (133.67 seconds) suminf.    8.22787 (33) obj. 54.2676 iterations 306
Cbc0038I Pass  19: (134.72 seconds) suminf.    5.65400 (35) obj. 54.2676 iterations 193
Cbc0038I Pass  20: (135.44 seconds) suminf.    4.90050 (46) obj. 54.2676 iterations 77
Cbc0038I Pass  21: (136.46 seconds) suminf.    4.73243 (25) obj. 54.2676 iterations 163
Cbc0038I Pass  22: (137.78 seconds) suminf.    8.36622 (26) obj. 54.2676 iterations 200
Cbc0038I Pass  23: (138.64 seconds) suminf.    6.20000 (25) obj. 53.2 iterations 138
Cbc0038I Pass  24: (139.67 seconds) suminf.    5.25676 (33) obj. 54.0405 iterations 179
Cbc0038I Pass  25: (141.26 seconds) suminf.    4.62236 (15) obj. 54.2676 iterations 288
Cbc0038I Pass  26: (142.26 seconds) suminf.    4.58036 (17) obj. 54.2676 iterations 120
Cbc0038I Pass  27: (144.90 seconds) suminf.    5.54900 (68) obj. 54.2676 iterations 410
Cbc0038I Pass  28: (145.56 seconds) suminf.    5.48614 (65) obj. 54.2676 iterations 47
Cbc0038I Pass  29: (146.45 seconds) suminf.    7.38842 (20) obj. 54.2676 iterations 158
Cbc0038I Pass  30: (147.21 seconds) suminf.    6.13153 (19) obj. 54.2676 iterations 126
Cbc0038I Pass  31: (147.85 seconds) suminf.    6.12965 (20) obj. 54.2676 iterations 75
Cbc0038I Pass  32: (151.06 seconds) suminf.    7.00000 (14) obj. 54 iterations 200
Cbc0038I Pass  33: (151.63 seconds) suminf.    5.50000 (19) obj. 53.1667 iterations 51
Cbc0038I Pass  34: (155.03 seconds) suminf.    4.80000 (14) obj. 54 iterations 185
Cbc0038I No solution found this major pass
Cbc0038I Before mini branch and bound, 200 integers at bound fixed and 0 continuous
Cbc0038I Full problem 27933 rows 404 columns, reduced to 17658 rows 204 columns - 16 fixed gives 5599, 188 - ok now
Cgl0009I 87 elements changed
Cgl0004I processed model has 5598 rows, 188 columns (188 integer (188 of which binary)) and 135394 elements
Cbc0038I Full problem 27933 rows 404 columns, reduced to 5598 rows 188 columns
Cbc0028I Starting sub-tree for CbcHeuristicLocalAfterFPump - maximum nodes 200
Cbc0045I Heuristic feasibility pump took 1e-06 seconds (no good)
Cbc0045I Heuristic rounding took 1e-06 seconds (no good)
Cbc0046I Root node pass 1, 5598 rows, 0 total tight cuts  -  objective 53.818182
Cbc0013I At root node, 0 cuts changed objective from 53.818182 to 53.818182 in 1 passes
Cbc0014I Cut generator 0 (Probing) - 0 row cuts average 0.0 elements, 11 column cuts (11 active)
Node 0 depth 0 unsatisfied 61 sum 4.51545e+14 obj 53.8182 guess 66 branching on 169
Cbc0010I After 0 nodes, 1 on tree, 1e+50 best solution, best possible 53.818182 (171.81 seconds)
Node 1 depth 1 unsatisfied 53 sum 2.40257e+13 obj 53.8438 guess 54.3771 branching on 114
Node 2 depth 2 unsatisfied 65 sum 2.68157e+13 obj 53.8697 guess 54.4828 branching on 125
Node 3 depth 3 unsatisfied 50 sum 1.73157e+13 obj 53.8718 guess 54.358 branching on 137
Node 4 depth 4 unsatisfied 50 sum 1.18847e+13 obj 53.8723 guess 54.4315 branching on 166
Node 5 depth 5 unsatisfied 47 sum 8.32664e+12 obj 54.3846 guess 54.6843 branching on 87
Node 6 depth 6 unsatisfied 38 sum 4.94495e+12 obj 54.3846 guess 54.7094 branching on 36
Node 7 depth 7 unsatisfied 48 sum 8.10306e+11 obj 54.403 guess 54.7908 branching on 162
Node 10 depth 8 unsatisfied 40 sum 6.96991e+11 obj 54.8857 guess 55.242 branching on 117
Node 11 depth 9 unsatisfied 38 sum 2.15966e+12 obj 54.9333 guess 55.2922 branching on 159
Node 12 depth 10 unsatisfied 37 sum 7.55637e+11 obj 55.0172 guess 55.3431 branching on 19
Node 13 depth 11 unsatisfied 20 sum 5.89742e+11 obj 55.6667 guess 55.8046 branching on 165
Node 14 depth 12 unsatisfied 15 sum 1.38259e+12 obj 56.3333 guess 56.4652 branching on 90
Node 17 depth 12 unsatisfied 0 sum 0 obj 56 guess 56 branching on -1
Cbc0004I Integer solution of 56 found after 2186 iterations and 17 nodes (173.72 seconds)
Node 21 depth 5 unsatisfied 43 sum 2.04681e+10 obj 54.6 guess 55.6296 branching on 165
Node 25 depth 3 unsatisfied 48 sum 5.45163e+10 obj 54.7647 guess 55.9319 branching on 165
Node 28 depth 2 unsatisfied 43 sum 1.23726 obj 54.8654 guess 55.93 branching on 166
Node 31 depth 1 unsatisfied 62 sum 1.17833e+10 obj 54.66 guess 55.7278 branching on 166
Cbc0001I Search completed - best objective 56, took 7447 iterations and 33 nodes (176.93 seconds)
Cbc0032I Strong branching done 192 times (1624 iterations), fathomed 0 nodes and fixed 0 variables
Cbc0035I Maximum depth 12, 231 variables fixed on reduced cost
Cbc0029I Ending sub-tree for CbcHeuristicLocalAfterFPump
Cbc0038I Mini branch and bound did not improve solution (177.54 seconds)
Cbc0038I After 177.54 seconds - Feasibility pump exiting with objective of 56 - took 108.42 seconds
Cbc0045I Heuristic feasibility pump took 108.419 seconds (good)
Cbc0012I Integer solution of 56 found by feasibility pump after 0 iterations and 0 nodes (177.62 seconds)
Cbc0045I Heuristic rounding took 1e-06 seconds (no good)
Cbc0045I Heuristic greedy cover took 1e-06 seconds (no good)
Cbc0045I Heuristic greedy equality took 0 seconds (no good)
Cbc0045I Heuristic DiveCoefficient took 21.0256 seconds (no good)
Cbc0038I Full problem 27933 rows 404 columns, reduced to 17158 rows 183 columns - 53 fixed gives 0, 0 - ok now
Cgl0002I 114 variables fixed
Cgl0000I Cut generators found to be infeasible! (or unbounded)
Pre-processing says infeasible
Cbc0045I Heuristic RINS took 14.4014 seconds (no good)
Cbc0046I Root node pass 1, 27933 rows, 0 total tight cuts  -  objective 47.674765
Cbc0046I Root node pass 2, 27939 rows, 6 total tight cuts  -  objective 48.540374
Cbc0046I Root node pass 3, 27949 rows, 16 total tight cuts  -  objective 48.819572
Cbc0046I Root node pass 4, 27947 rows, 14 total tight cuts  -  objective 48.909822
Cbc0046I Root node pass 5, 27947 rows, 14 total tight cuts  -  objective 49.005413
Cbc0046I Root node pass 6, 27948 rows, 15 total tight cuts  -  objective 49.042253
Cbc0046I Root node pass 7, 27954 rows, 21 total tight cuts  -  objective 49.054609
Cbc0046I Root node pass 8, 27954 rows, 21 total tight cuts  -  objective 49.055392
Cbc0046I Root node pass 9, 27955 rows, 22 total tight cuts  -  objective 49.055459
Cbc0046I Root node pass 10, 27956 rows, 23 total tight cuts  -  objective 49.055681
Cbc0046I Root node pass 11, 27959 rows, 26 total tight cuts  -  objective 49.055681
Cbc0031I 26 added rows had average density of 130.15385
Cbc0013I At root node, 26 cuts changed objective from 47.674765 to 49.055681 in 11 passes
Cbc0014I Cut generator 0 (Probing) - 221 row cuts average 6.6 elements, 27 column cuts (36 active)  in 2.154 seconds - new frequency is 1
Cbc0014I Cut generator 1 (Gomory) - 0 row cuts average 0.0 elements, 0 column cuts (0 active)  in 4.567 seconds - new frequency is -100
Cbc0014I Cut generator 2 (Knapsack) - 0 row cuts average 0.0 elements, 0 column cuts (0 active)  in 0.134 seconds - new frequency is -100
Cbc0014I Cut generator 3 (Clique) - 0 row cuts average 0.0 elements, 0 column cuts (0 active)  in 0.045 seconds - new frequency is -100
Cbc0014I Cut generator 4 (MixedIntegerRounding2) - 0 row cuts average 0.0 elements, 0 column cuts (0 active)  in 17.103 seconds - new frequency is -100
Cbc0014I Cut generator 5 (FlowCover) - 0 row cuts average 0.0 elements, 0 column cuts (0 active)  in 0.229 seconds - new frequency is -100
Cbc0014I Cut generator 6 (TwoMirCuts) - 815 row cuts average 233.7 elements, 0 column cuts (0 active)  in 5.943 seconds - new frequency is 1
Node 0 depth 0 unsatisfied 148 sum 1.7503e+14 obj 49.0557 guess 72.8567 branching on 248
Cbc0010I After 0 nodes, 1 on tree, 56 best solution, best possible 49.055681 (361.79 seconds)
Clp0014I Perturbing problem by 0.001 % of 112.16852 - largest nonzero change 9.6919895e-05 (% 0.00025921683) - largest zero change 9.2246363e-05
Clp0006I 0  Obj 49.055681 Primal inf 0.48401047 (1)
Clp0006I 429  Obj 49.078169 Primal inf 151928.92 (7490)
Clp0006I 827  Obj 49.133517 Primal inf 823820.48 (12307)
Clp0006I 1142  Obj 49.186496 Primal inf 19476.624 (5693)
Clp0006I 1571  Obj 49.23153 Primal inf 188.5996 (1063)
Clp0006I 1776  Obj 49.247096
Clp0000I Optimal - objective value 49.247036
Clp0014I Perturbing problem by 0.001 % of 112.16852 - largest nonzero change 9.755088e-05 (% 0.00025921683) - largest zero change 9.7178206e-05
Clp0006I 0  Obj 49.247036 Primal inf 0.66331047 (42)
Clp0006I 26  Obj 49.247288
Clp0000I Optimal - objective value 49.247288
Clp0000I Optimal - objective value 49.247288
Clp0006I 0  Obj 49.247288 Primal inf 0.026029276 (1)
Clp0006I 0  Obj 49.247288 Primal inf 0.00071599625 (1)
Clp0006I 0  Obj 49.247288 Primal inf 0.0066992439 (1)
Clp0006I 0  Obj 49.247288 Primal inf 0.020046028 (1)
Clp0006I 0  Obj 49.247288 Primal inf 0.0072731368 (1)
Clp0006I 0  Obj 49.247288 Primal inf 0.019472135 (1)
Clp0006I 0  Obj 49.247288 Primal inf 0.0042454161 (1)
Clp0006I 0  Obj 49.247288 Primal inf 0.022499856 (1)
Clp0006I 0  Obj 49.247288 Primal inf 0.0041752513 (1)
Clp0006I 0  Obj 49.247288 Primal inf 0.022570021 (1)
Clp0006I 0  Obj 49.247288 Primal inf 0.0018605907 (1)
Clp0006I 0  Obj 49.247288 Primal inf 0.024884681 (1)
Clp0006I 0  Obj 49.247288 Primal inf 0.0057771852 (1)
Clp0006I 0  Obj 49.247288 Primal inf 0.020968087 (1)
Clp0006I 0  Obj 49.247288 Primal inf 0.00091321268 (1)
Clp0006I 0  Obj 49.247288 Primal inf 0.025832059 (1)
Clp0006I 0  Obj 49.247288 Primal inf 0.0020071927 (1)
Clp0006I 0  Obj 49.247288 Primal inf 0.024738079 (1)
Clp0006I 0  Obj 49.247288 Primal inf 0.0018605907 (1)
Clp0006I 0  Obj 49.247288 Primal inf 0.024884681 (1)
Clp0006I 0  Obj 49.247288 Primal inf 0.0016676938 (1)
Clp0006I 0  Obj 49.247288 Primal inf 0.025077578 (1)
Node 1 depth 1 unsatisfied 143 sum 4.87006e+13 obj 49.2473 guess 49.5848 branching on 193
Clp0014I Perturbing problem by 0.001 % of 112.16852 - largest nonzero change 9.9363706e-05 (% 0.00025834615) - largest zero change 9.7178206e-05
Clp0006I 0  Obj 49.247288 Primal inf 0.026774385 (1)
Clp0006I 49  Obj 49.250065
Clp0000I Optimal - objective value 49.250065
Clp0014I Perturbing problem by 0.001 % of 112.16852 - largest nonzero change 9.6594351e-05 (% 0.00025834615) - largest zero change 9.4126003e-05
Clp0006I 0  Obj 49.250065 Primal inf 0.14237682 (6)
Clp0000I Optimal - objective value 49.250065
Clp0000I Optimal - objective value 49.250065
Clp0006I 0  Obj 49.250065 Primal inf 0.013828023 (1)
Clp0006I 0  Obj 49.250065 Primal inf 0.012917249 (1)
Clp0006I 0  Obj 49.250065 Primal inf 0.014008304 (1)
Clp0006I 0  Obj 49.250065 Primal inf 0.012736968 (1)
Clp0006I 0  Obj 49.250065 Primal inf 0.0096670428 (1)
Clp0006I 0  Obj 49.250065 Primal inf 0.017078229 (1)
Clp0006I 0  Obj 49.250065 Primal inf 0.0095937735 (1)
Clp0006I 0  Obj 49.250065 Primal inf 0.017151498 (1)
Clp0006I 0  Obj 49.250065 Primal inf 0.0094150545 (1)
Clp0006I 0  Obj 49.250065 Primal inf 0.017330217 (1)
Clp0006I 0  Obj 49.250065 Primal inf 0.017558884 (1)
Clp0006I 0  Obj 49.250065 Primal inf 0.009186388 (1)
Clp0006I 0  Obj 49.250065 Primal inf 0.017558884 (1)
Clp0006I 0  Obj 49.250065 Primal inf 0.009186388 (1)
Clp0006I 0  Obj 49.250065 Primal inf 0.009186388 (1)
Clp0006I 0  Obj 49.250065 Primal inf 0.017558884 (1)
Clp0006I 0  Obj 49.250065 Primal inf 0.0091860807 (1)
Clp0006I 0  Obj 49.250065 Primal inf 0.017559191 (1)
Clp0006I 0  Obj 49.250065 Primal inf 0.0091860807 (1)
Clp0006I 0  Obj 49.250065 Primal inf 0.017559191 (1)
Clp0006I 0  Obj 49.250065 Primal inf 0.0091860807 (1)
Clp0006I 0  Obj 49.250065 Primal inf 0.017559191 (1)
Node 2 depth 2 unsatisfied 140 sum 2.42119e+11 obj 49.2501 guess 49.8478 branching on 245
Clp0014I Perturbing problem by 0.001 % of 37.389507 - largest nonzero change 9.835502e-05 (% 0.00026305514) - largest zero change 4.7113345e-05
Clp0006I 0  Obj 49.250065 Primal inf 0.9999998 (2)
Clp0006I 429  Obj 49.451169 Primal inf 1295528.4 (11262)
Clp0006I 842  Obj 49.673588 Primal inf 646217.99 (10485)
Clp0006I 1271  Obj 50.610123 Primal inf 32950.553 (7076)
Clp0006I 1494  Obj 50.936341 Primal inf 310221.07 (10401)
Clp0006I 1759  Obj 51.228072 Primal inf 1481779.1 (12133)
Clp0006I 2120  Obj 52.463449 Primal inf 149438.33 (8756)
Clp0006I 2259  Obj 52.851193 Primal inf 3700180.1 (13480)
Clp0006I 2688  Obj 53.920862 Primal inf 345485.6 (10756)
Clp0006I 2994  Obj 54.809132 Primal inf 169244.44 (8455)
Clp0006I 3293  Obj 57.494249 Primal inf 1829352.8 (11390)
Clp0001I Primal infeasible - objective value 57.494249
Clp0014I Perturbing problem by 0.001 % of 37.389507 - largest nonzero change 9.7933566e-05 (% 0.00026192795) - largest zero change 4.7113345e-05
Clp0006I 0  Obj 49.250065 Primal inf 0.34347815 (1)
Clp0006I 429  Obj 49.333812 Primal inf 31751.333 (8212)
Clp0006I 858  Obj 49.368795 Primal inf 29271.517 (6262)
Clp0006I 1287  Obj 49.426298 Primal inf 40936.581 (8863)
Clp0006I 1577  Obj 49.493217
Clp0000I Optimal - objective value 49.493194
Clp0014I Perturbing problem by 0.001 % of 37.389507 - largest nonzero change 9.7933566e-05 (% 0.00026192795) - largest zero change 4.7072066e-05
Clp0006I 0  Obj 49.493194 Primal inf 0.046902722 (6)
Clp0000I Optimal - objective value 49.493194
Clp0000I Optimal - objective value 49.493194
Clp0006I 0  Obj 49.493194 Primal inf 0.019057064 (1)
Clp0006I 0  Obj 49.493194 Primal inf 0.026472469 (1)
Clp0006I 0  Obj 49.493194 Primal inf 0.014708496 (1)
Clp0006I 0  Obj 49.493194 Primal inf 0.030821037 (1)
Clp0006I 0  Obj 49.493194 Primal inf 0.012316382 (1)
Clp0006I 0  Obj 49.493194 Primal inf 0.03321315 (1)
Clp0006I 0  Obj 49.493194 Primal inf 0.012316382 (1)
Clp0006I 0  Obj 49.493194 Primal inf 0.03321315 (1)
Clp0006I 0  Obj 49.493194 Primal inf 0.012316382 (1)
Clp0006I 0  Obj 49.493194 Primal inf 0.03321315 (1)
Clp0006I 0  Obj 49.493194 Primal inf 0.012224667 (1)
Clp0006I 0  Obj 49.493194 Primal inf 0.033304865 (1)
Clp0006I 0  Obj 49.493194 Primal inf 0.012074013 (1)
Clp0006I 0  Obj 49.493194 Primal inf 0.03345552 (1)
Clp0006I 0  Obj 49.493194 Primal inf 0.03352887 (1)
Clp0006I 0  Obj 49.493194 Primal inf 0.012000663 (1)
Clp0006I 0  Obj 49.493194 Primal inf 0.011610455 (1)
Clp0006I 0  Obj 49.493194 Primal inf 0.033919077 (1)
Clp0006I 0  Obj 49.493194 Primal inf 0.011355626 (1)
Clp0006I 0  Obj 49.493194 Primal inf 0.034173907 (1)
Clp0006I 0  Obj 49.493194 Primal inf 0.010745531 (1)
Clp0006I 0  Obj 49.493194 Primal inf 0.034784002 (1)
Node 4 depth 3 unsatisfied 139 sum 3.79311e+11 obj 49.4932 guess 50.4687 branching on 254
Clp0014I Perturbing problem by 0.001 % of 21.963669 - largest nonzero change 9.3103244e-05 (% 0.00042389658) - largest zero change 3.174956e-05
Clp0006I 0  Obj 49.493194 Primal inf 0.27051505 (1)
Clp0006I 429  Obj 49.630156 Primal inf 4919.2927 (4059)
Clp0006I 858  Obj 49.69804 Primal inf 12059.747 (4735)
Clp0006I 1287  Obj 49.9317 Primal inf 29253.65 (7427)
Clp0006I 1629  Obj 50.484287 Primal inf 155653.32 (10706)
Clp0006I 2054  Obj 51.238874 Primal inf 12456.406 (5204)
Clp0006I 2483  Obj 53.700015 Primal inf 12889.036 (5338)
Clp0006I 2876  Obj 56.63269 Primal inf 5232.7558 (3062)
Clp0001I Primal infeasible - objective value 56.63269
Clp0014I Perturbing problem by 0.001 % of 21.963669 - largest nonzero change 9.3103244e-05 (% 0.00042389658) - largest zero change 3.174956e-05
Clp0006I 0  Obj 49.493194 Primal inf 0.72948475 (1)
Clp0006I 407  Obj 49.901675 Primal inf 871689.33 (14824)
Clp0006I 836  Obj 49.967766 Primal inf 390322.22 (12406)
Clp0006I 1265  Obj 50.089783 Primal inf 227.30569 (1369)
Clp0006I 1394  Obj 50.143923
Clp0000I Optimal - objective value 50.143895
Clp0014I Perturbing problem by 0.001 % of 21.963669 - largest nonzero change 9.3103244e-05 (% 0.00042389658) - largest zero change 3.174956e-05
Clp0006I 0  Obj 50.143895 Primal inf 0.067023482 (4)
Clp0006I 48  Obj 50.155203
Clp0000I Optimal - objective value 50.155203
Clp0000I Optimal - objective value 50.155203
Clp0014I Perturbing problem by 0.001 % of 19.384133 - largest nonzero change 8.2603278e-05 (% 0.00042613862) - largest zero change 2.9187302e-05
Clp0006I 0  Obj 50.155203 Primal inf 0.076486899 (10)
Clp0000I Optimal - objective value 50.155513
Clp0000I Optimal - objective value 50.155513
Clp0006I 0  Obj 50.155513 Primal inf 0.019831253 (1)
Clp0006I 0  Obj 50.155513 Primal inf 0.031757132 (1)
Clp0006I 0  Obj 50.155513 Primal inf 0.037675454 (1)
Clp0006I 0  Obj 50.155513 Primal inf 0.013912931 (1)
Clp0006I 0  Obj 50.155513 Primal inf 0.037675454 (1)
Clp0006I 0  Obj 50.155513 Primal inf 0.013912931 (1)
Clp0006I 0  Obj 50.155513 Primal inf 0.012010432 (1)
Clp0006I 0  Obj 50.155513 Primal inf 0.039577953 (1)
Clp0006I 0  Obj 50.155513 Primal inf 0.011670007 (1)
Clp0006I 0  Obj 50.155513 Primal inf 0.039918378 (1)
Clp0006I 0  Obj 50.155513 Primal inf 0.011670007 (1)
Clp0006I 0  Obj 50.155513 Primal inf 0.039918378 (1)
Clp0006I 0  Obj 50.155513 Primal inf 0.039918378 (1)
Clp0006I 0  Obj 50.155513 Primal inf 0.011670007 (1)
Clp0006I 0  Obj 50.155513 Primal inf 0.039918378 (1)
Clp0006I 0  Obj 50.155513 Primal inf 0.011670007 (1)
Clp0006I 0  Obj 50.155513 Primal inf 0.039918378 (1)
Clp0006I 0  Obj 50.155513 Primal inf 0.011670007 (1)
Clp0006I 0  Obj 50.155513 Primal inf 0.039918378 (1)
Clp0006I 0  Obj 50.155513 Primal inf 0.011670007 (1)
Clp0006I 0  Obj 50.155513 Primal inf 0.011670007 (1)
Clp0006I 0  Obj 50.155513 Primal inf 0.039918378 (1)
Node 6 depth 4 unsatisfied 140 sum 1.2387e+12 obj 50.1555 guess 52.2741 branching on 238
Clp0014I Perturbing problem by 0.001 % of 19.384133 - largest nonzero change 8.2603278e-05 (% 0.00042613862) - largest zero change 2.9187302e-05
Clp0006I 0  Obj 50.155513 Primal inf 0.2262148 (1)
Clp0006I 429  Obj 50.279914 Primal inf 82457.185 (6300)
Clp0006I 858  Obj 50.341562 Primal inf 1579.4934 (2546)
Clp0006I 1087  Obj 50.37512
Clp0000I Optimal - objective value 50.375099
Clp0061I Crunch 25371 (-2571) rows, 347 (-57) columns and 2472546 (-88298) elements
Clp1001I Initial range of elements is 0.0016043175 to 2
Clp1003I Final range of elements is 0.051588585 to 19.384133
Clp0000I Optimal - objective value 50.375099
Clp0006I 0  Obj 50.375099 Primal inf 0.018711792 (1)
Clp0006I 0  Obj 50.375099 Primal inf 0.032876593 (1)
Clp0006I 0  Obj 50.375099 Primal inf 0.013650042 (1)
Clp0006I 0  Obj 50.375099 Primal inf 0.037938343 (1)
Clp0006I 0  Obj 50.375099 Primal inf 0.012354659 (1)
Clp0006I 0  Obj 50.375099 Primal inf 0.039233726 (1)
Clp0006I 0  Obj 50.375099 Primal inf 0.012173372 (1)
Clp0006I 0  Obj 50.375099 Primal inf 0.039415013 (1)
Clp0006I 0  Obj 50.375099 Primal inf 0.011890323 (1)
Clp0006I 0  Obj 50.375099 Primal inf 0.039698062 (1)
Clp0006I 0  Obj 50.375099 Primal inf 0.011222461 (1)
Clp0006I 0  Obj 50.375099 Primal inf 0.040365924 (1)
Clp0006I 0  Obj 50.375099 Primal inf 0.011056658 (1)
Clp0006I 0  Obj 50.375099 Primal inf 0.040531727 (1)
Clp0006I 0  Obj 50.375099 Primal inf 0.010689946 (1)
Clp0006I 0  Obj 50.375099 Primal inf 0.040898439 (1)
Clp0006I 0  Obj 50.375099 Primal inf 0.0096434611 (1)
Clp0006I 0  Obj 50.375099 Primal inf 0.041944924 (1)
Clp0006I 0  Obj 50.375099 Primal inf 0.0092836682 (1)
Clp0006I 0  Obj 50.375099 Primal inf 0.042304717 (1)
Clp0006I 0  Obj 50.375099 Primal inf 0.0092836682 (1)
Clp0006I 0  Obj 50.375099 Primal inf 0.042304717 (1)
Node 7 depth 5 unsatisfied 135 sum 1.47062e+12 obj 50.3751 guess 52.8814 branching on 80
Clp0014I Perturbing problem by 0.001 % of 19.384133 - largest nonzero change 8.5984012e-05 (% 0.00044357935) - largest zero change 2.9060585e-05
Clp0006I 0  Obj 50.375099 Primal inf 0.21432557 (1)
Clp0006I 282  Obj 50.517227
Clp0000I Optimal - objective value 50.517226
Clp0014I Perturbing problem by 0.001 % of 19.384133 - largest nonzero change 8.5984012e-05 (% 0.00044357935) - largest zero change 2.9060585e-05
Clp0006I 0  Obj 50.517226 Primal inf 0.046317061 (1)
Clp0006I 94  Obj 50.535912
Clp0000I Optimal - objective value 50.535912
Clp0000I Optimal - objective value 50.535912
Clp0061I Crunch 25327 (-2613) rows, 345 (-59) columns and 2457903 (-102707) elements
Clp1001I Initial range of elements is 1 to 2
Clp1004I Not bothering to scale as good enough
Clp0000I Optimal - objective value 50.535912
Clp0006I 0  Obj 50.535912 Primal inf 0.22575486 (1)
Clp0006I 0  Obj 50.535912 Primal inf 0.77424494 (1)
Clp0006I 0  Obj 50.535912 Primal inf 0.19648403 (1)
Clp0006I 0  Obj 50.535912 Primal inf 0.80351577 (1)
Clp0006I 0  Obj 50.535912 Primal inf 0.15356325 (1)
Clp0006I 0  Obj 50.535912 Primal inf 0.84643655 (1)
Clp0006I 0  Obj 50.535912 Primal inf 0.15263712 (1)
Clp0006I 0  Obj 50.535912 Primal inf 0.84736268 (1)
Clp0006I 0  Obj 50.535912 Primal inf 0.14588868 (1)
Clp0006I 0  Obj 50.535912 Primal inf 0.85411112 (1)
Clp0006I 0  Obj 50.535912 Primal inf 0.14373342 (1)
Clp0006I 0  Obj 50.535912 Primal inf 0.85626638 (1)
Clp0006I 0  Obj 50.535912 Primal inf 0.14373342 (1)
Clp0006I 0  Obj 50.535912 Primal inf 0.85626638 (1)
Clp0006I 0  Obj 50.535912 Primal inf 0.14373342 (1)
Clp0006I 0  Obj 50.535912 Primal inf 0.85626638 (1)
Clp0006I 0  Obj 50.535912 Primal inf 0.13844212 (1)
Clp0006I 0  Obj 50.535912 Primal inf 0.86155768 (1)
Clp0006I 0  Obj 50.535912 Primal inf 0.13201072 (1)
Clp0006I 0  Obj 50.535912 Primal inf 0.86798908 (1)
Clp0006I 0  Obj 50.535912 Primal inf 0.1316765 (1)
Clp0006I 0  Obj 50.535912 Primal inf 0.8683233 (1)
Node 8 depth 6 unsatisfied 130 sum 1.26872e+12 obj 50.5359 guess 53.039 branching on 260
Clp0014I Perturbing problem by 0.001 % of 1 - largest nonzero change 8.0889707e-05 (% 0.0080889707) - largest zero change 8.0187783e-05
Clp0006I 0  Obj 50.535912 Primal inf 0.14373342 (1)
Clp0006I 289  Obj 50.89881 Primal inf 4.2583698 (162)
Clp0006I 312  Obj 50.919057
Clp0000I Optimal - objective value 50.919048
Clp0061I Crunch 25325 (-2614) rows, 344 (-60) columns and 2457699 (-102904) elements
Clp1001I Initial range of elements is 1 to 2
Clp1004I Not bothering to scale as good enough
Clp0000I Optimal - objective value 50.919048
Clp0006I 0  Obj 50.919048 Primal inf 0.2499999 (1)
Clp0006I 0  Obj 50.919048 Primal inf 0.7499999 (1)
Clp0006I 0  Obj 50.919048 Primal inf 0.22698403 (1)
Clp0006I 0  Obj 50.919048 Primal inf 0.77301577 (1)
Clp0006I 0  Obj 50.919048 Primal inf 0.20873006 (1)
Clp0006I 0  Obj 50.919048 Primal inf 0.79126974 (1)
Clp0006I 0  Obj 50.919048 Primal inf 0.16031736 (1)
Clp0006I 0  Obj 50.919048 Primal inf 0.83968244 (1)
Clp0006I 0  Obj 50.919048 Primal inf 0.16031736 (1)
Clp0006I 0  Obj 50.919048 Primal inf 0.83968244 (1)
Clp0006I 0  Obj 50.919048 Primal inf 0.16031736 (1)
Clp0006I 0  Obj 50.919048 Primal inf 0.83968244 (1)
Clp0006I 0  Obj 50.919048 Primal inf 0.16031736 (1)
Clp0006I 0  Obj 50.919048 Primal inf 0.83968244 (1)
Clp0006I 0  Obj 50.919048 Primal inf 0.15793641 (1)
Clp0006I 0  Obj 50.919048 Primal inf 0.84206339 (1)
Clp0006I 0  Obj 50.919048 Primal inf 0.14206339 (1)
Clp0006I 0  Obj 50.919048 Primal inf 0.85793641 (1)
Clp0006I 0  Obj 50.919048 Primal inf 0.12857133 (1)
Clp0006I 0  Obj 50.919048 Primal inf 0.87142847 (1)
Clp0006I 0  Obj 50.919048 Primal inf 0.12857133 (1)
Clp0006I 0  Obj 50.919048 Primal inf 0.87142847 (1)
Node 9 depth 7 unsatisfied 105 sum 9.68766e+11 obj 50.919 guess 53.5783 branching on 110
Clp0014I Perturbing problem by 0.001 % of 1 - largest nonzero change 8.5197093e-05 (% 0.0085197093) - largest zero change 8.4968945e-05
Clp0006I 0  Obj 50.919004 Primal inf 0.12857133 (1)
Clp0006I 72  Obj 50.967128
Clp0000I Optimal - objective value 50.967172
Clp1001I Initial range of elements is 1 to 2
Clp1004I Not bothering to scale as good enough
Clp0006I 0  Obj 50.967172 Primal inf 0.16750832 (1)
Clp0006I 0  Obj 50.967172 Primal inf 0.83249148 (1)
Clp0006I 0  Obj 50.967172 Primal inf 0.14393929 (1)
Clp0006I 0  Obj 50.967172 Primal inf 0.85606051 (1)
Clp0006I 0  Obj 50.967172 Primal inf 0.14393929 (1)
Clp0006I 0  Obj 50.967172 Primal inf 0.85606051 (1)
Clp0006I 0  Obj 50.967172 Primal inf 0.14393929 (1)
Clp0006I 0  Obj 50.967172 Primal inf 0.85606051 (1)
Clp0006I 0  Obj 50.967172 Primal inf 0.11616152 (1)
Clp0006I 0  Obj 50.967172 Primal inf 0.88383828 (1)
Clp0006I 0  Obj 50.967172 Primal inf 0.10858576 (1)
Clp0006I 0  Obj 50.967172 Primal inf 0.89141404 (1)
Clp0006I 0  Obj 50.967172 Primal inf 0.090908991 (1)
Clp0006I 0  Obj 50.967172 Primal inf 0.90909081 (1)
Clp0006I 0  Obj 50.967172 Primal inf 0.076599227 (1)
Clp0006I 0  Obj 50.967172 Primal inf 0.92340057 (1)
Clp0006I 0  Obj 50.967172 Primal inf 0.053871954 (1)
Clp0006I 0  Obj 50.967172 Primal inf 0.94612785 (1)
Clp0006I 0  Obj 50.967172 Primal inf 0.053030203 (1)
Clp0006I 0  Obj 50.967172 Primal inf 0.9469696 (1)
Clp0006I 0  Obj 50.967172 Primal inf 0.9486531 (1)
Clp0006I 0  Obj 50.967172 Primal inf 0.051346701 (1)
Clp0006I 0  Obj 50.967172 Primal inf 0.9486531 (1)
Clp0006I 0  Obj 50.967172 Primal inf 0.051346701 (1)
Node 10 depth 8 unsatisfied 101 sum 5.81105e+11 obj 50.9672 guess 53.632 branching on 233
Clp0014I Perturbing problem by 0.001 % of 1 - largest nonzero change 8.5197093e-05 (% 0.0085197093) - largest zero change 8.4968945e-05
Clp0006I 0  Obj 50.967115 Primal inf 0.051346701 (1)
Clp0006I 57  Obj 50.999943
Clp0000I Optimal - objective value 51
Clp1001I Initial range of elements is 1 to 2
Clp1004I Not bothering to scale as good enough
Clp0006I 0  Obj 51 Primal inf 0.091666567 (1)
Clp0006I 0  Obj 51 Primal inf 0.90833323 (1)
Clp0006I 0  Obj 51 Primal inf 0.0249999 (1)
Clp0006I 0  Obj 51 Primal inf 0.9749999 (1)
Clp0006I 0  Obj 51 Primal inf 0.9749999 (1)
Clp0006I 0  Obj 51 Primal inf 0.0249999 (1)
Clp0006I 0  Obj 51 Primal inf 0.9749999 (1)
Clp0006I 0  Obj 51 Primal inf 0.0249999 (1)
Clp0006I 0  Obj 51 Primal inf 0.0249999 (1)
Clp0006I 0  Obj 51 Primal inf 0.9749999 (1)
Clp0006I 0  Obj 51 Primal inf 0.0249999 (1)
Clp0006I 0  Obj 51 Primal inf 0.9749999 (1)
Clp0006I 0  Obj 51 Primal inf 0.0249999 (1)
Clp0006I 0  Obj 51 Primal inf 0.9749999 (1)
Clp0006I 0  Obj 51 Primal inf 0.0249999 (1)
Clp0006I 0  Obj 51 Primal inf 0.9749999 (1)
Clp0006I 0  Obj 51 Primal inf 0.016666567 (1)
Clp0006I 0  Obj 51 Primal inf 0.98333323 (1)
Clp0006I 0  Obj 51 Primal inf 0.1499999 (1)
Clp0006I 0  Obj 51 Primal inf 0.8499999 (1)
Clp0006I 0  Obj 51 Primal inf 0.1249999 (1)
Clp0006I 0  Obj 51 Primal inf 0.8749999 (1)
Node 11 depth 9 unsatisfied 95 sum 1.36797e+11 obj 51 guess 53.5024 branching on 235
Clp0014I Perturbing problem by 0.001 % of 1 - largest nonzero change 8.5197093e-05 (% 0.0085197093) - largest zero change 8.4968945e-05
Clp0006I 0  Obj 51 Primal inf 0.0249999 (1)
Clp0006I 31  Obj 51.011827
Clp0000I Optimal - objective value 51.011827
Clp0014I Perturbing problem by 0.001 % of 1 - largest nonzero change 8.5197093e-05 (% 0.0085197093) - largest zero change 8.4968945e-05
Clp0006I 0  Obj 51.011769 Primal inf 0.14717397 (8)
Clp0000I Optimal - objective value 51.015473
Clp0000I Optimal - objective value 51.015473
Clp1001I Initial range of elements is 1 to 2
Clp1004I Not bothering to scale as good enough
Clp0006I 0  Obj 51.015473 Primal inf 0.033598485 (1)
Clp0006I 0  Obj 51.015473 Primal inf 0.96640131 (1)
Clp0006I 0  Obj 51.015473 Primal inf 0.028293446 (1)
Clp0006I 0  Obj 51.015473 Primal inf 0.97170635 (1)
Clp0006I 0  Obj 51.015473 Primal inf 0.023430492 (1)
Clp0006I 0  Obj 51.015473 Primal inf 0.97656931 (1)
Clp0006I 0  Obj 51.015473 Primal inf 0.018567539 (1)
Clp0006I 0  Obj 51.015473 Primal inf 0.98143226 (1)
Clp0006I 0  Obj 51.015473 Primal inf 0.0035365932 (1)
Clp0006I 0  Obj 51.015473 Primal inf 0.99646321 (1)
Clp0006I 0  Obj 51.015473 Primal inf 0.26746232 (1)
Clp0006I 0  Obj 51.015473 Primal inf 0.73253748 (1)
Clp0006I 0  Obj 51.015473 Primal inf 0.26746232 (1)
Clp0006I 0  Obj 51.015473 Primal inf 0.73253748 (1)
Clp0006I 0  Obj 51.015473 Primal inf 0.14544641 (1)
Clp0006I 0  Obj 51.015473 Primal inf 0.85455339 (1)
Clp0006I 0  Obj 51.015473 Primal inf 0.26746232 (1)
Clp0006I 0  Obj 51.015473 Primal inf 0.73253748 (1)
Clp0006I 0  Obj 51.015473 Primal inf 0.14544641 (1)
Clp0006I 0  Obj 51.015473 Primal inf 0.85455339 (1)
Clp0006I 0  Obj 51.015473 Primal inf 0.17152952 (1)
Clp0006I 0  Obj 51.015473 Primal inf 0.82847028 (1)
Node 12 depth 10 unsatisfied 91 sum 5.08703e+10 obj 51.0155 guess 53.3511 branching on 255
Clp0014I Perturbing problem by 0.001 % of 1 - largest nonzero change 8.5197093e-05 (% 0.0085197093) - largest zero change 8.4968945e-05
Clp0006I 0  Obj 51.015416 Primal inf 0.73253748 (1)
Clp0006I 429  Obj 51.686032 Primal inf 4534.0364 (3597)
Clp0006I 787  Obj 51.734511
Clp0000I Optimal - objective value 51.734568
Clp1001I Initial range of elements is 1 to 2
Clp1004I Not bothering to scale as good enough
Clp0006I 0  Obj 51.734568 Primal inf 0.33333323 (1)
Clp0006I 0  Obj 51.734568 Primal inf 0.66666657 (1)
Clp0006I 0  Obj 51.734568 Primal inf 0.049382616 (1)
Clp0006I 0  Obj 51.734568 Primal inf 0.95061718 (1)
Clp0006I 0  Obj 51.734568 Primal inf 0.0030863198 (1)
Clp0006I 0  Obj 51.734568 Primal inf 0.99691348 (1)
Clp0006I 0  Obj 51.734568 Primal inf 0.29938262 (1)
Clp0006I 0  Obj 51.734568 Primal inf 0.70061718 (1)
Clp0006I 0  Obj 51.734568 Primal inf 0.15123447 (1)
Clp0006I 0  Obj 51.734568 Primal inf 0.84876533 (1)
Clp0006I 0  Obj 51.734568 Primal inf 0.29938262 (1)
Clp0006I 0  Obj 51.734568 Primal inf 0.70061718 (1)
Clp0006I 0  Obj 51.734568 Primal inf 0.15123447 (1)
Clp0006I 0  Obj 51.734568 Primal inf 0.84876533 (1)
Clp0006I 0  Obj 51.734568 Primal inf 0.15123447 (1)
Clp0006I 0  Obj 51.734568 Primal inf 0.84876533 (1)
Clp0006I 0  Obj 51.734568 Primal inf 0.12654311 (1)
Clp0006I 0  Obj 51.734568 Primal inf 0.87345669 (1)
Node 13 depth 11 unsatisfied 92 sum 1.2178e+11 obj 51.7346 guess 54.0011 branching on 253
Clp0014I Perturbing problem by 0.001 % of 1 - largest nonzero change 8.5197093e-05 (% 0.0085197093) - largest zero change 8.4968945e-05
Clp0006I 0  Obj 51.015416 Primal inf 0.26746232 (1)
Clp0006I 429  Obj 51.809507 Primal inf 12627.63 (5367)
Clp0006I 858  Obj 53.000027 Primal inf 22055.749 (5199)
Clp0006I 1181  Obj 54.999954
Clp0000I Optimal - objective value 55
Clp0000I Optimal - objective value 55
Clp0000I Optimal - objective value 55
Node 14 depth 11 unsatisfied 0 sum 0 obj 55 guess 55 branching on -1
Clp0000I Optimal - objective value 55
Cbc0004I Integer solution of 55 found after 24254 iterations and 14 nodes (720.73 seconds)
Cbc0012I Integer solution of 55 found by heuristic after 23073 iterations and 13 nodes (720.73 seconds)
Clp0014I Perturbing problem by 0.001 % of 1 - largest nonzero change 8.5197093e-05 (% 0.0085197093) - largest zero change 8.4968945e-05
Clp0006I 0  Obj 51 Primal inf 0.9749999 (1)
Clp0006I 429  Obj 51.000009 Primal inf 2723313.5 (13390)
Clp0006I 717  Obj 58.00031 Primal inf 1233516 (10833)
Clp0001I Primal infeasible - objective value 58.00031
Clp0014I Perturbing problem by 0.001 % of 1 - largest nonzero change 8.5197093e-05 (% 0.0085197093) - largest zero change 8.4968945e-05
Clp0006I 0  Obj 50.967115 Primal inf 0.9486531 (1)
Clp0006I 429  Obj 54.799907 Primal inf 62625.792 (8037)
Clp0001I Primal infeasible - objective value 54.799907
Clp0014I Perturbing problem by 0.001 % of 1 - largest nonzero change 9.9324637e-05 (% 0.0099324637) - largest zero change 9.9131088e-05
Clp0006I 0  Obj 50.918961 Primal inf 0.87142847 (1)
Clp0006I 429  Obj 51.533755 Primal inf 246379.07 (10095)
Clp0006I 858  Obj 51.844858 Primal inf 35373.87 (5592)
Clp0006I 1055  Obj 52.055479 Primal inf 132.99991 (855)
Clp0000I Optimal - objective value 52.060526
Cbc0014I Cut generator 0 (Probing) - 288 row cuts average 7.0 elements, 29 column cuts (38 active)
Cbc0014I Cut generator 6 (TwoMirCuts) - 815 row cuts average 233.7 elements, 0 column cuts (0 active)
Cbc0014I Cut generator 7 (ImplicationCuts) - 0 row cuts average 0.0 elements, 0 column cuts (0 active)
Clp0061I Crunch 25308 (-2630) rows, 311 (-93) columns and 2444714 (-115880) elements
Clp1001I Initial range of elements is 1 to 2
Clp1004I Not bothering to scale as good enough
Clp0000I Optimal - objective value 52.060526
Clp0006I 0  Obj 52.060526 Primal inf 0.18157885 (1)
Clp0006I 0  Obj 52.060526 Primal inf 0.81842095 (1)
Clp0006I 0  Obj 52.060526 Primal inf 0.092105163 (1)
Clp0006I 0  Obj 52.060526 Primal inf 0.90789464 (1)
Clp0006I 0  Obj 52.060526 Primal inf 0.076315689 (1)
Clp0006I 0  Obj 52.060526 Primal inf 0.92368411 (1)
Clp0006I 0  Obj 52.060526 Primal inf 0.039473584 (1)
Clp0006I 0  Obj 52.060526 Primal inf 0.96052622 (1)
Clp0006I 0  Obj 52.060526 Primal inf 0.031578847 (1)
Clp0006I 0  Obj 52.060526 Primal inf 0.96842095 (1)
Clp0006I 0  Obj 52.060526 Primal inf 0.031578847 (1)
Clp0006I 0  Obj 52.060526 Primal inf 0.96842095 (1)
Clp0006I 0  Obj 52.060526 Primal inf 0.015789374 (1)
Clp0006I 0  Obj 52.060526 Primal inf 0.98421043 (1)
Clp0006I 0  Obj 52.060526 Primal inf 0.40789464 (1)
Clp0006I 0  Obj 52.060526 Primal inf 0.59210516 (1)
Clp0006I 0  Obj 52.060526 Primal inf 0.96842095 (1)
Clp0006I 0  Obj 52.060526 Primal inf 0.031578847 (1)
Clp0006I 0  Obj 52.060526 Primal inf 0.40789464 (1)
Clp0006I 0  Obj 52.060526 Primal inf 0.59210516 (1)
Clp0006I 0  Obj 52.060526 Primal inf 0.93684201 (1)
Clp0006I 0  Obj 52.060526 Primal inf 0.063157795 (1)
Node 17 depth 8 unsatisfied 98 sum 2.23379e+11 obj 52.0605 guess 54.91 branching on 255
Clp0014I Perturbing problem by 0.001 % of 1 - largest nonzero change 8.1362458e-05 (% 0.0081362458) - largest zero change 8.1059466e-05
Clp0006I 0  Obj 51.734568 Primal inf 0.29938262 (1)
Clp0006I 429  Obj 52.554969 Primal inf 19005.954 (5776)
Clp0006I 858  Obj 52.900093 Primal inf 54524.349 (7461)
Clp0006I 1175  Obj 53.998673 Primal inf 415294.67 (12013)
Clp0006I 1604  Obj 65.000308 Primal inf 97198.499 (11563)
Clp0001I Primal infeasible - objective value 65.000308
Clp0014I Perturbing problem by 0.001 % of 1 - largest nonzero change 8.1362458e-05 (% 0.0081362458) - largest zero change 8.1059466e-05
Clp0006I 0  Obj 51.734568 Primal inf 0.70061718 (1)
Clp0006I 429  Obj 52.333321 Primal inf 5435.7663 (3155)
Clp0006I 858  Obj 52.353127 Primal inf 1406.3216 (2377)
Clp0006I 1144  Obj 52.411593
Clp0000I Optimal - objective value 52.411593
Clp1001I Initial range of elements is 1 to 2
Clp1004I Not bothering to scale as good enough
Clp0006I 0  Obj 52.411593 Primal inf 0.196298 (1)
Clp0006I 0  Obj 52.411593 Primal inf 0.8037018 (1)
Clp0006I 0  Obj 52.411593 Primal inf 0.063321868 (1)
Clp0006I 0  Obj 52.411593 Primal inf 0.93667793 (1)
Clp0006I 0  Obj 52.411593 Primal inf 0.020457767 (1)
Clp0006I 0  Obj 52.411593 Primal inf 0.97954203 (1)
Clp0006I 0  Obj 52.411593 Primal inf 0.17924978 (1)
Clp0006I 0  Obj 52.411593 Primal inf 0.82075002 (1)
Clp0006I 0  Obj 52.411593 Primal inf 0.24744267 (1)
Clp0006I 0  Obj 52.411593 Primal inf 0.75255713 (1)
Clp0006I 0  Obj 52.411593 Primal inf 0.17924978 (1)
Clp0006I 0  Obj 52.411593 Primal inf 0.82075002 (1)
Clp0006I 0  Obj 52.411593 Primal inf 0.14758879 (1)
Clp0006I 0  Obj 52.411593 Primal inf 0.85241101 (1)
Clp0006I 0  Obj 52.411593 Primal inf 0.17924978 (1)
Clp0006I 0  Obj 52.411593 Primal inf 0.82075002 (1)
Clp0006I 0  Obj 52.411593 Primal inf 0.83536278 (1)
Clp0006I 0  Obj 52.411593 Primal inf 0.16463702 (1)
Clp0006I 0  Obj 52.411593 Primal inf 0.83536278 (1)
Clp0006I 0  Obj 52.411593 Primal inf 0.16463702 (1)
Clp0006I 0  Obj 52.411593 Primal inf 0.37554788 (1)
Clp0006I 0  Obj 52.411593 Primal inf 0.62445192 (1)
Node 19 depth 12 unsatisfied 94 sum 1.16537e+11 obj 52.4116 guess 54.675 branching on 242
Clp0014I Perturbing problem by 0.001 % of 1 - largest nonzero change 8.0889707e-05 (% 0.0080889707) - largest zero change 8.0187783e-05
Clp0006I 0  Obj 50.535912 Primal inf 0.85626638 (1)
Clp0006I 429  Obj 51.204297 Primal inf 199019.98 (9028)
Clp0006I 795  Obj 51.292561 Primal inf 41725.194 (7627)
Clp0006I 1056  Obj 51.3494 Primal inf 11276.232 (5209)
Clp0006I 1135  Obj 51.376475
Clp0000I Optimal - objective value 51.376451
Clp0061I Crunch 25325 (-2614) rows, 344 (-60) columns and 2457699 (-102904) elements
Clp1001I Initial range of elements is 1 to 2
Clp1004I Not bothering to scale as good enough
Clp0000I Optimal - objective value 51.376451
Clp0006I 0  Obj 51.376451 Primal inf 0.16989004 (1)
Clp0006I 0  Obj 51.376451 Primal inf 0.83010976 (1)
Clp0006I 0  Obj 51.376451 Primal inf 0.10815401 (1)
Clp0006I 0  Obj 51.376451 Primal inf 0.89184579 (1)
Clp0006I 0  Obj 51.376451 Primal inf 0.10815401 (1)
Clp0006I 0  Obj 51.376451 Primal inf 0.89184579 (1)
Clp0006I 0  Obj 51.376451 Primal inf 0.10815401 (1)
Clp0006I 0  Obj 51.376451 Primal inf 0.89184579 (1)
Clp0006I 0  Obj 51.376451 Primal inf 0.10815401 (1)
Clp0006I 0  Obj 51.376451 Primal inf 0.89184579 (1)
Clp0006I 0  Obj 51.376451 Primal inf 0.10815401 (1)
Clp0006I 0  Obj 51.376451 Primal inf 0.89184579 (1)
Clp0006I 0  Obj 51.376451 Primal inf 0.10815401 (1)
Clp0006I 0  Obj 51.376451 Primal inf 0.89184579 (1)
Clp0006I 0  Obj 51.376451 Primal inf 0.10815401 (1)
Clp0006I 0  Obj 51.376451 Primal inf 0.89184579 (1)
Clp0006I 0  Obj 51.376451 Primal inf 0.89184579 (1)
Clp0006I 0  Obj 51.376451 Primal inf 0.10815401 (1)
Clp0006I 0  Obj 51.376451 Primal inf 0.89184579 (1)
Clp0006I 0  Obj 51.376451 Primal inf 0.10815401 (1)
Clp0006I 0  Obj 51.376451 Primal inf 0.10072712 (1)
Clp0006I 0  Obj 51.376451 Primal inf 0.89927268 (1)
Node 20 depth 7 unsatisfied 127 sum 8.34351e+11 obj 51.3765 guess 54.8622 branching on 262
Clp0014I Perturbing problem by 0.001 % of 1 - largest nonzero change 9.9324637e-05 (% 0.0099324637) - largest zero change 9.9131088e-05
Clp0006I 0  Obj 52.060469 Primal inf 0.59210516 (1)
Clp0006I 429  Obj 52.641542 Primal inf 2282.502 (2514)
Clp0006I 663  Obj 52.648172
Clp0000I Optimal - objective value 52.648225
Clp0061I Crunch 25162 (-2776) rows, 299 (-105) columns and 2321331 (-239263) elements
Clp1001I Initial range of elements is 1 to 2
Clp1004I Not bothering to scale as good enough
Clp0000I Optimal - objective value 52.648225
Clp0006I 0  Obj 52.648225 Primal inf 0.42275564 (1)
Clp0006I 0  Obj 52.648225 Primal inf 0.57724416 (1)
Clp0006I 0  Obj 52.648225 Primal inf 0.92275564 (1)
Clp0006I 0  Obj 52.648225 Primal inf 0.077244159 (1)
Clp0006I 0  Obj 52.648225 Primal inf 0.92275564 (1)
Clp0006I 0  Obj 52.648225 Primal inf 0.077244159 (1)
Clp0006I 0  Obj 52.648225 Primal inf 0.96137777 (1)
Clp0006I 0  Obj 52.648225 Primal inf 0.038622029 (1)
Clp0006I 0  Obj 52.648225 Primal inf 0.42275564 (1)
Clp0006I 0  Obj 52.648225 Primal inf 0.57724416 (1)
Clp0006I 0  Obj 52.648225 Primal inf 0.42275564 (1)
Clp0006I 0  Obj 52.648225 Primal inf 0.57724416 (1)
Node 21 depth 9 unsatisfied 94 sum 1513.88 obj 52.6482 guess 55.1056 branching on 253
Clp0014I Perturbing problem by 0.001 % of 1 - largest nonzero change 9.9324637e-05 (% 0.0099324637) - largest zero change 9.9131088e-05
Clp0006I 0  Obj 52.060469 Primal inf 0.40789464 (1)
Clp0006I 429  Obj 52.823022 Primal inf 274495.46 (8465)
Clp0006I 731  Obj 53.346751 Primal inf 175135.69 (11166)
Clp0006I 1160  Obj 55.555367 Primal inf 21555.999 (7083)
Clp0001I Primal infeasible - objective value 55.555367
Clp0014I Perturbing problem by 0.001 % of 1 - largest nonzero change 8.1362458e-05 (% 0.0081362458) - largest zero change 8.1059466e-05
Clp0006I 0  Obj 52.411536 Primal inf 0.16463702 (1)
Clp0006I 164  Obj 52.549801
Clp0000I Optimal - objective value 52.549858
Clp1001I Initial range of elements is 1 to 2
Clp1004I Not bothering to scale as good enough
Clp0006I 0  Obj 52.549858 Primal inf 0.08974349 (1)
Clp0006I 0  Obj 52.549858 Primal inf 0.91025631 (1)
Clp0006I 0  Obj 52.549858 Primal inf 0.11965802 (1)
Clp0006I 0  Obj 52.549858 Primal inf 0.88034178 (1)
Clp0006I 0  Obj 52.549858 Primal inf 0.24501415 (1)
Clp0006I 0  Obj 52.549858 Primal inf 0.75498565 (1)
Clp0006I 0  Obj 52.549858 Primal inf 0.11111101 (1)
Clp0006I 0  Obj 52.549858 Primal inf 0.88888879 (1)
Clp0006I 0  Obj 52.549858 Primal inf 0.13675204 (1)
Clp0006I 0  Obj 52.549858 Primal inf 0.86324776 (1)
Clp0006I 0  Obj 52.549858 Primal inf 0.87464377 (1)
Clp0006I 0  Obj 52.549858 Primal inf 0.12535603 (1)
Clp0006I 0  Obj 52.549858 Primal inf 0.11965802 (1)
Clp0006I 0  Obj 52.549858 Primal inf 0.88034178 (1)
Clp0006I 0  Obj 52.549858 Primal inf 0.42450132 (1)
Clp0006I 0  Obj 52.549858 Primal inf 0.57549848 (1)
Clp0006I 0  Obj 52.549858 Primal inf 0.2991452 (1)
Clp0006I 0  Obj 52.549858 Primal inf 0.7008546 (1)
Clp0006I 0  Obj 52.549858 Primal inf 0.12535603 (1)
Clp0006I 0  Obj 52.549858 Primal inf 0.87464377 (1)
Clp0006I 0  Obj 52.549858 Primal inf 0.2991452 (1)
Clp0006I 0  Obj 52.549858 Primal inf 0.7008546 (1)
Node 23 depth 13 unsatisfied 86 sum 3.65357e+10 obj 52.5499 guess 54.6527 branching on 258
Clp0014I Perturbing problem by 0.001 % of 1 - largest nonzero change 9.713659e-05 (% 0.009713659) - largest zero change 9.6918885e-05
Clp0006I 0  Obj 52.5498 Primal inf 0.11965802 (1)
Clp0006I 110  Obj 52.708277
Clp0000I Optimal - objective value 52.708333
Clp0061I Crunch 25175 (-2763) rows, 326 (-78) columns and 2298912 (-261682) elements
Clp1001I Initial range of elements is 1 to 2
Clp1004I Not bothering to scale as good enough
Clp0000I Optimal - objective value 52.708333
Clp0006I 0  Obj 52.708333 Primal inf 0.29166657 (1)
Clp0006I 0  Obj 52.708333 Primal inf 0.70833323 (1)
Clp0006I 0  Obj 52.708333 Primal inf 0.041666567 (1)
Clp0006I 0  Obj 52.708333 Primal inf 0.95833323 (1)
Clp0006I 0  Obj 52.708333 Primal inf 0.45833323 (1)
Clp0006I 0  Obj 52.708333 Primal inf 0.54166657 (1)
Clp0006I 0  Obj 52.708333 Primal inf 0.33333323 (1)
Clp0006I 0  Obj 52.708333 Primal inf 0.66666657 (1)
Clp0006I 0  Obj 52.708333 Primal inf 0.2499999 (1)
Clp0006I 0  Obj 52.708333 Primal inf 0.7499999 (1)
Clp0006I 0  Obj 52.708333 Primal inf 0.29166657 (1)
Clp0006I 0  Obj 52.708333 Primal inf 0.70833323 (1)
Clp0006I 0  Obj 52.708333 Primal inf 0.2499999 (1)
Clp0006I 0  Obj 52.708333 Primal inf 0.7499999 (1)
Clp0006I 0  Obj 52.708333 Primal inf 0.33333323 (1)
Clp0006I 0  Obj 52.708333 Primal inf 0.66666657 (1)
Clp0006I 0  Obj 52.708333 Primal inf 0.91666657 (1)
Clp0006I 0  Obj 52.708333 Primal inf 0.083333233 (1)
Clp0006I 0  Obj 52.708333 Primal inf 0.083333233 (1)
Clp0006I 0  Obj 52.708333 Primal inf 0.91666657 (1)
Clp0006I 0  Obj 52.708333 Primal inf 0.2499999 (1)
Clp0006I 0  Obj 52.708333 Primal inf 0.7499999 (1)
Node 24 depth 14 unsatisfied 68 sum 1.1069e+11 obj 52.7083 guess 54.7148 branching on 243
Clp0014I Perturbing problem by 0.001 % of 1 - largest nonzero change 9.8455342e-05 (% 0.0098455342) - largest zero change 9.8039354e-05
Clp0006I 0  Obj 52.708323 Primal inf 0.083333233 (1)
Clp0006I 105  Obj 52.787494
Clp0000I Optimal - objective value 52.7875
Clp0061I Crunch 25170 (-2768) rows, 324 (-80) columns and 2284607 (-275987) elements
Clp1001I Initial range of elements is 1 to 2
Clp1004I Not bothering to scale as good enough
Clp0000I Optimal - objective value 52.7875
Clp0006I 0  Obj 52.7875 Primal inf 0.2499999 (1)
Clp0006I 0  Obj 52.7875 Primal inf 0.7499999 (1)
Clp0006I 0  Obj 52.7875 Primal inf 0.3749999 (1)
Clp0006I 0  Obj 52.7875 Primal inf 0.6249999 (1)
Clp0006I 0  Obj 52.7875 Primal inf 0.4874999 (1)
Clp0006I 0  Obj 52.7875 Primal inf 0.5124999 (1)
Clp0006I 0  Obj 52.7875 Primal inf 0.0999999 (1)
Clp0006I 0  Obj 52.7875 Primal inf 0.8999999 (1)
Clp0006I 0  Obj 52.7875 Primal inf 0.2249999 (1)
Clp0006I 0  Obj 52.7875 Primal inf 0.7749999 (1)
Clp0006I 0  Obj 52.7875 Primal inf 0.2249999 (1)
Clp0006I 0  Obj 52.7875 Primal inf 0.7749999 (1)
Clp0006I 0  Obj 52.7875 Primal inf 0.3249999 (1)
Clp0006I 0  Obj 52.7875 Primal inf 0.6749999 (1)
Clp0006I 0  Obj 52.7875 Primal inf 0.1249999 (1)
Clp0006I 0  Obj 52.7875 Primal inf 0.8749999 (1)
Clp0006I 0  Obj 52.7875 Primal inf 0.3624999 (1)
Clp0006I 0  Obj 52.7875 Primal inf 0.6374999 (1)
Clp0006I 0  Obj 52.7875 Primal inf 0.0749999 (1)
Clp0006I 0  Obj 52.7875 Primal inf 0.9249999 (1)
Node 25 depth 15 unsatisfied 77 sum 240.134 obj 52.7875 guess 54.585 branching on 257
Clp0014I Perturbing problem by 0.001 % of 1 - largest nonzero change 9.0792796e-05 (% 0.0090792796) - largest zero change 9.010283e-05
Clp0006I 0  Obj 52.708323 Primal inf 1.583333 (3)
Clp0006I 429  Obj 55.822818 Primal inf 89566.188 (9177)
Clp0001I Primal infeasible - objective value 55.822818
Clp0014I Perturbing problem by 0.001 % of 1 - largest nonzero change 9.477191e-05 (% 0.009477191) - largest zero change 9.4640863e-05
Clp0006I 0  Obj 52.787428 Primal inf 0.2249999 (1)
Clp0006I 239  Obj 53.045383
Clp0000I Optimal - objective value 53.045455
Clp0014I Perturbing problem by 0.001 % of 1 - largest nonzero change 1.550747e-05 (% 0.001550747) - largest zero change 1.542794e-05
Clp0006I 0  Obj 53.045446 Primal inf 0.24242344 (8)
Clp0006I 27  Obj 53.066659
Clp0000I Optimal - objective value 53.066667
Clp0000I Optimal - objective value 53.066667
Clp0014I Perturbing problem by 0.001 % of 1 - largest nonzero change 1.5476001e-05 (% 0.0015476001) - largest zero change 1.5180249e-05
Clp0006I 0  Obj 53.066656 Primal inf 2.5999922 (78)
Clp0006I 29  Obj 53.086196
Clp0000I Optimal - objective value 53.086207
Clp0061I Crunch 25021 (-2923) rows, 195 (-209) columns and 2053769 (-506855) elements
Clp1001I Initial range of elements is 1 to 2
Clp1004I Not bothering to scale as good enough
Clp0000I Optimal - objective value 53.086207
Clp0006I 0  Obj 53.086207 Primal inf 0.17241369 (1)
Clp0006I 0  Obj 53.086207 Primal inf 0.82758611 (1)
Clp0006I 0  Obj 53.086207 Primal inf 0.068965417 (1)
Clp0006I 0  Obj 53.086207 Primal inf 0.93103438 (1)
Clp0006I 0  Obj 53.086207 Primal inf 0.32758611 (1)
Clp0006I 0  Obj 53.086207 Primal inf 0.67241369 (1)
Clp0006I 0  Obj 53.086207 Primal inf 0.39655162 (1)
Clp0006I 0  Obj 53.086207 Primal inf 0.60344818 (1)
Clp0006I 0  Obj 53.086207 Primal inf 0.51724128 (1)
Clp0006I 0  Obj 53.086207 Primal inf 0.48275852 (1)
Clp0006I 0  Obj 53.086207 Primal inf 0.12068956 (1)
Clp0006I 0  Obj 53.086207 Primal inf 0.87931024 (1)
Clp0006I 0  Obj 53.086207 Primal inf 0.53448266 (1)
Clp0006I 0  Obj 53.086207 Primal inf 0.46551714 (1)
Clp0006I 0  Obj 53.086207 Primal inf 0.20689645 (1)
Clp0006I 0  Obj 53.086207 Primal inf 0.79310335 (1)
Clp0006I 0  Obj 53.086207 Primal inf 0.32758611 (1)
Clp0006I 0  Obj 53.086207 Primal inf 0.67241369 (1)
Clp0006I 0  Obj 53.086207 Primal inf 0.27586197 (1)
Clp0006I 0  Obj 53.086207 Primal inf 0.72413783 (1)
Node 27 depth 16 unsatisfied 58 sum 8.92764e+10 obj 53.0862 guess 54.6883 branching on 132
Clp0014I Perturbing problem by 0.001 % of 1 - largest nonzero change 1.5476001e-05 (% 0.0015476001) - largest zero change 1.5405305e-05
Clp0006I 0  Obj 53.086196 Primal inf 0.51724128 (1)
Clp0006I 254  Obj 53.52631
Clp0000I Optimal - objective value 53.526316
Clp0061I Crunch 24927 (-3017) rows, 183 (-221) columns and 1893715 (-666909) elements
Clp1001I Initial range of elements is 1 to 2
Clp1004I Not bothering to scale as good enough
Clp0000I Optimal - objective value 53.526316
Clp0006I 0  Obj 53.526316 Primal inf 0.13684201 (1)
Clp0006I 0  Obj 53.526316 Primal inf 0.86315779 (1)
Clp0006I 0  Obj 53.526316 Primal inf 0.052631479 (1)
Clp0006I 0  Obj 53.526316 Primal inf 0.94736832 (1)
Clp0006I 0  Obj 53.526316 Primal inf 0.41052622 (1)
Clp0006I 0  Obj 53.526316 Primal inf 0.58947358 (1)
Clp0006I 0  Obj 53.526316 Primal inf 0.27368411 (1)
Clp0006I 0  Obj 53.526316 Primal inf 0.72631569 (1)
Clp0006I 0  Obj 53.526316 Primal inf 0.58947358 (1)
Clp0006I 0  Obj 53.526316 Primal inf 0.41052622 (1)
Clp0006I 0  Obj 53.526316 Primal inf 0.13684201 (1)
Clp0006I 0  Obj 53.526316 Primal inf 0.86315779 (1)
Clp0006I 0  Obj 53.526316 Primal inf 0.41052622 (1)
Clp0006I 0  Obj 53.526316 Primal inf 0.58947358 (1)
Clp0006I 0  Obj 53.526316 Primal inf 0.24210516 (1)
Clp0006I 0  Obj 53.526316 Primal inf 0.75789464 (1)
Clp0006I 0  Obj 53.526316 Primal inf 0.094736742 (1)
Clp0006I 0  Obj 53.526316 Primal inf 0.90526306 (1)
Clp0006I 0  Obj 53.526316 Primal inf 0.11578937 (1)
Clp0006I 0  Obj 53.526316 Primal inf 0.88421043 (1)
Clp0006I 0  Obj 53.526316 Primal inf 0.22105253 (1)
Clp0006I 0  Obj 53.526316 Primal inf 0.77894727 (1)
Node 28 depth 17 unsatisfied 62 sum 7.33321e+10 obj 53.5263 guess 54.9938 branching on 157
Clp0014I Perturbing problem by 0.001 % of 1 - largest nonzero change 1.5476001e-05 (% 0.0015476001) - largest zero change 1.5405305e-05
Clp0006I 0  Obj 53.086196 Primal inf 0.48275852 (1)
Clp0006I 141  Obj 53.578939
Clp0000I Optimal - objective value 53.578947
Clp0061I Crunch 24703 (-3241) rows, 170 (-234) columns and 1752039 (-808585) elements
Clp1001I Initial range of elements is 1 to 1
Clp1004I Not bothering to scale as good enough
Clp0000I Optimal - objective value 53.578947
Clp0006I 0  Obj 53.578947 Primal inf 0.15789464 (1)
Clp0006I 0  Obj 53.578947 Primal inf 0.84210516 (1)
Clp0006I 0  Obj 53.578947 Primal inf 0.26315779 (1)
Clp0006I 0  Obj 53.578947 Primal inf 0.73684201 (1)
Clp0006I 0  Obj 53.578947 Primal inf 0.15789464 (1)
Clp0006I 0  Obj 53.578947 Primal inf 0.84210516 (1)
Clp0006I 0  Obj 53.578947 Primal inf 0.31578937 (1)
Clp0006I 0  Obj 53.578947 Primal inf 0.68421043 (1)
Clp0006I 0  Obj 53.578947 Primal inf 0.26315779 (1)
Clp0006I 0  Obj 53.578947 Primal inf 0.73684201 (1)
Clp0006I 0  Obj 53.578947 Primal inf 0.21052622 (1)
Clp0006I 0  Obj 53.578947 Primal inf 0.78947358 (1)
Clp0006I 0  Obj 53.578947 Primal inf 0.052631479 (1)
Clp0006I 0  Obj 53.578947 Primal inf 0.94736832 (1)
Node 29 depth 17 unsatisfied 53 sum 5.70445e+10 obj 53.5789 guess 54.9795 branching on 85
Clp0014I Perturbing problem by 0.001 % of 1 - largest nonzero change 0 (% 0) - largest zero change 9.971269e-05
Clp0006I 0  Obj 53.578947 Primal inf 0.26315779 (1)
Clp0006I 63  Obj 53.7
Clp0000I Optimal - objective value 53.7
Clp0061I Crunch 24576 (-3361) rows, 159 (-245) columns and 1600981 (-959605) elements
Clp1001I Initial range of elements is 1 to 1
Clp1004I Not bothering to scale as good enough
Clp0000I Optimal - objective value 53.7
Clp0006I 0  Obj 53.7 Primal inf 0.2999999 (1)
Clp0006I 0  Obj 53.7 Primal inf 0.6999999 (1)
Clp0006I 0  Obj 53.7 Primal inf 0.2999999 (1)
Clp0006I 0  Obj 53.7 Primal inf 0.6999999 (1)
Clp0006I 0  Obj 53.7 Primal inf 0.3999999 (1)
Clp0006I 0  Obj 53.7 Primal inf 0.5999999 (1)
Clp0006I 0  Obj 53.7 Primal inf 0.4999999 (1)
Clp0006I 0  Obj 53.7 Primal inf 0.4999999 (1)
Clp0006I 0  Obj 53.7 Primal inf 0.1999999 (1)
Clp0006I 0  Obj 53.7 Primal inf 0.7999999 (1)
Clp0006I 0  Obj 53.7 Primal inf 0.2999999 (1)
Clp0006I 0  Obj 53.7 Primal inf 0.6999999 (1)
Clp0006I 0  Obj 53.7 Primal inf 0.3999999 (1)
Clp0006I 0  Obj 53.7 Primal inf 0.5999999 (1)
Node 30 depth 18 unsatisfied 43 sum 175.222 obj 53.7 guess 55.1506 branching on 157
Clp0014I Perturbing problem by 0.001 % of 1 - largest nonzero change 0 (% 0) - largest zero change 9.7608063e-05
Clp0006I 0  Obj 53.7 Primal inf 0.2999999 (1)
Clp0006I 29  Obj 54
Clp0000I Optimal - objective value 54
Clp0061I Crunch 24486 (-3451) rows, 155 (-249) columns and 1570758 (-989828) elements
Clp1001I Initial range of elements is 1 to 1
Clp1004I Not bothering to scale as good enough
Clp0000I Optimal - objective value 54
Clp0006I 0  Obj 54 Primal inf 0.3999999 (1)
Clp0006I 0  Obj 54 Primal inf 0.5999999 (1)
Clp0006I 0  Obj 54 Primal inf 0.3999999 (1)
Clp0006I 0  Obj 54 Primal inf 0.5999999 (1)
Clp0006I 0  Obj 54 Primal inf 0.5999999 (1)
Clp0006I 0  Obj 54 Primal inf 0.3999999 (1)
Clp0006I 0  Obj 54 Primal inf 0.3999999 (1)
Clp0006I 0  Obj 54 Primal inf 0.5999999 (1)
Clp0006I 0  Obj 54 Primal inf 0.1999999 (1)
Clp0006I 0  Obj 54 Primal inf 0.7999999 (1)
Node 31 depth 19 unsatisfied 40 sum 157.933 obj 54 guess 55.3856 branching on 256
Clp0014I Perturbing problem by 0.001 % of 1 - largest nonzero change 0 (% 0) - largest zero change 9.7608063e-05
Clp0006I 0  Obj 53.7 Primal inf 0.6999999 (1)
Clp0006I 429  Obj 54.42859 Primal inf 14319.928 (4578)
Clp0001I Primal infeasible - objective value 54.42859
Clp0014I Perturbing problem by 0.001 % of 1 - largest nonzero change 0 (% 0) - largest zero change 9.971269e-05
Clp0006I 0  Obj 54 Primal inf 0.3999999 (1)
Clp0006I 429  Obj 54 Primal inf 25104.819 (6967)
Clp0006I 858  Obj 54.00002 Primal inf 205.9795 (941)
Clp0006I 930  Obj 54.285772
Clp0001I Primal infeasible - objective value 54.285714
Clp0014I Perturbing problem by 0.001 % of 1 - largest nonzero change 0 (% 0) - largest zero change 9.971269e-05
Clp0006I 0  Obj 54 Primal inf 0.5999999 (1)
Clp0006I 429  Obj 54 Primal inf 121653.8 (13334)
Clp0006I 858  Obj 54.000027 Primal inf 51911.249 (7974)
Clp0006I 1023  Obj 54.500041
Clp0001I Primal infeasible - objective value 54.5
Clp0014I Perturbing problem by 0.001 % of 1 - largest nonzero change 0 (% 0) - largest zero change 9.971269e-05
Clp0006I 0  Obj 53.578947 Primal inf 0.73684201 (1)
Clp0006I 227  Obj 54.351873
Clp0001I Primal infeasible - objective value 54.351852
Clp0014I Perturbing problem by 0.001 % of 1 - largest nonzero change 9.477191e-05 (% 0.009477191) - largest zero change 9.4640863e-05
Clp0006I 0  Obj 52.787428 Primal inf 0.7749999 (1)
Clp0006I 288  Obj 53.513162
Clp0000I Optimal - objective value 53.513228
Clp0014I Perturbing problem by 0.001 % of 1 - largest nonzero change 1.086203e-05 (% 0.001086203) - largest zero change 1.0850353e-05
Clp0006I 0  Obj 53.513218 Primal inf 0.37036987 (5)
Clp0006I 35  Obj 53.529402
Clp0000I Optimal - objective value 53.529412
Clp0000I Optimal - objective value 53.529412
Clp1001I Initial range of elements is 1 to 2
Clp1004I Not bothering to scale as good enough
Clp0006I 0  Obj 53.529412 Primal inf 0.33333323 (1)
Clp0006I 0  Obj 53.529412 Primal inf 0.66666657 (1)
Clp0006I 0  Obj 53.529412 Primal inf 0.39215676 (1)
Clp0006I 0  Obj 53.529412 Primal inf 0.60784304 (1)
Clp0006I 0  Obj 53.529412 Primal inf 0.29411755 (1)
Clp0006I 0  Obj 53.529412 Primal inf 0.70588225 (1)
Clp0006I 0  Obj 53.529412 Primal inf 0.35294108 (1)
Clp0006I 0  Obj 53.529412 Primal inf 0.64705872 (1)
Clp0006I 0  Obj 53.529412 Primal inf 0.098039116 (1)
Clp0006I 0  Obj 53.529412 Primal inf 0.90196068 (1)
Clp0006I 0  Obj 53.529412 Primal inf 0.37254892 (1)
Clp0006I 0  Obj 53.529412 Primal inf 0.62745088 (1)
Clp0006I 0  Obj 53.529412 Primal inf 0.098039116 (1)
Clp0006I 0  Obj 53.529412 Primal inf 0.90196068 (1)
Node 36 depth 16 unsatisfied 75 sum 218.257 obj 53.5294 guess 55.1833 branching on 132
Clp0014I Perturbing problem by 0.001 % of 1 - largest nonzero change 1.9109235e-05 (% 0.0019109235) - largest zero change 1.8842347e-05
Clp0006I 0  Obj 53.526295 Primal inf 0.27368411 (1)
Clp0006I 221  Obj 53.693527
Clp0000I Optimal - objective value 53.693548
Clp0061I Crunch 24781 (-3159) rows, 173 (-231) columns and 1768230 (-792374) elements
Clp1001I Initial range of elements is 1 to 1
Clp1004I Not bothering to scale as good enough
Clp0000I Optimal - objective value 53.693548
Clp0006I 0  Obj 53.693548 Primal inf 0.064516029 (1)
Clp0006I 0  Obj 53.693548 Primal inf 0.93548377 (1)
Clp0006I 0  Obj 53.693548 Primal inf 0.20967732 (1)
Clp0006I 0  Obj 53.693548 Primal inf 0.79032248 (1)
Clp0006I 0  Obj 53.693548 Primal inf 0.20967732 (1)
Clp0006I 0  Obj 53.693548 Primal inf 0.79032248 (1)
Clp0006I 0  Obj 53.693548 Primal inf 0.41935474 (1)
Clp0006I 0  Obj 53.693548 Primal inf 0.58064506 (1)
Clp0006I 0  Obj 53.693548 Primal inf 0.46774184 (1)
Clp0006I 0  Obj 53.693548 Primal inf 0.53225796 (1)
Clp0006I 0  Obj 53.693548 Primal inf 0.43548377 (1)
Clp0006I 0  Obj 53.693548 Primal inf 0.56451603 (1)
Clp0006I 0  Obj 53.693548 Primal inf 0.41935474 (1)
Clp0006I 0  Obj 53.693548 Primal inf 0.58064506 (1)
Clp0006I 0  Obj 53.693548 Primal inf 0.2016128 (1)
Clp0006I 0  Obj 53.693548 Primal inf 0.798387 (1)
Clp0006I 0  Obj 53.693548 Primal inf 0.16129022 (1)
Clp0006I 0  Obj 53.693548 Primal inf 0.83870958 (1)
Node 37 depth 18 unsatisfied 60 sum 128.295 obj 53.6935 guess 55.0041 branching on 158
Clp0014I Perturbing problem by 0.001 % of 1 - largest nonzero change 1.9109235e-05 (% 0.0019109235) - largest zero change 1.8842347e-05
Clp0006I 0  Obj 53.526295 Primal inf 0.72631569 (1)
Clp0006I 429  Obj 54.142842 Primal inf 31452.19 (5316)
Clp0001I Primal infeasible - objective value 54.142842
Clp0014I Perturbing problem by 0.001 % of 1 - largest nonzero change 1.4465258e-05 (% 0.0014465258) - largest zero change 1.4436571e-05
Clp0006I 0  Obj 53.69353 Primal inf 0.41935474 (1)
Clp0006I 429  Obj 53.785701 Primal inf 8983.0028 (5316)
Clp0006I 858  Obj 53.785723 Primal inf 6692.8454 (3902)
Clp0006I 1151  Obj 54.200026
Clp0001I Primal infeasible - objective value 54.2
Clp0014I Perturbing problem by 0.001 % of 1 - largest nonzero change 1.4465258e-05 (% 0.0014465258) - largest zero change 1.4436571e-05
Clp0006I 0  Obj 53.69353 Primal inf 0.58064506 (1)
Clp0006I 429  Obj 54.333274 Primal inf 170113.66 (8386)
Clp0001I Primal infeasible - objective value 54.333274
Clp0014I Perturbing problem by 0.001 % of 1 - largest nonzero change 9.713659e-05 (% 0.009713659) - largest zero change 9.6918885e-05
Clp0006I 0  Obj 52.5498 Primal inf 0.88034178 (1)
Clp0006I 429  Obj 53.270246 Primal inf 278.04648 (1326)
Clp0006I 581  Obj 53.376831
Clp0000I Optimal - objective value 53.376884
Clp0061I Crunch 25110 (-2828) rows, 200 (-204) columns and 2096797 (-463797) elements
Clp1001I Initial range of elements is 1 to 2
Clp1004I Not bothering to scale as good enough
Clp0000I Optimal - objective value 53.376884
Clp0006I 0  Obj 53.376884 Primal inf 0.18592955 (1)
Clp0006I 0  Obj 53.376884 Primal inf 0.81407025 (1)
Clp0006I 0  Obj 53.376884 Primal inf 0.81909538 (1)
Clp0006I 0  Obj 53.376884 Primal inf 0.18090442 (1)
Clp0006I 0  Obj 53.376884 Primal inf 0.23241196 (1)
Clp0006I 0  Obj 53.376884 Primal inf 0.76758784 (1)
Clp0006I 0  Obj 53.376884 Primal inf 0.052763719 (1)
Clp0006I 0  Obj 53.376884 Primal inf 0.94723608 (1)
Clp0006I 0  Obj 53.376884 Primal inf 0.40577879 (1)
Clp0006I 0  Obj 53.376884 Primal inf 0.59422101 (1)
Clp0006I 0  Obj 53.376884 Primal inf 0.23241196 (1)
Clp0006I 0  Obj 53.376884 Primal inf 0.76758784 (1)
Clp0006I 0  Obj 53.376884 Primal inf 0.94723608 (1)
Clp0006I 0  Obj 53.376884 Primal inf 0.052763719 (1)
Node 41 depth 14 unsatisfied 91 sum 5646.37 obj 53.3769 guess 55.5732 branching on 243
Coin0506I Presolve 7990 (-19943) rows, 94 (-310) columns and 221180 (-2339387) elements
Cgl0004I processed model has 7989 rows, 94 columns (94 integer (94 of which binary)) and 221105 elements
Cbc0045I Heuristic rounding took 1e-06 seconds (no good)
Cbc0046I Root node pass 1, 7989 rows, 0 total tight cuts  -  objective 51.875717
Cbc0013I At root node, 0 cuts changed objective from 51.875717 to 51.983539 in 1 passes
Cbc0014I Cut generator 0 (Probing) - 0 row cuts average 0.0 elements, 4 column cuts (4 active)
Node 0 depth 0 unsatisfied 76 sum 1.22052e+14 obj 51.9835 guess 69.4815 branching on 83
Cbc0010I After 0 nodes, 1 on tree, 1e+50 best solution, best possible 51.983539 (1047.87 seconds)
Node 1 depth 1 unsatisfied 67 sum 5.61132e+13 obj 52.2973 guess 53.8946 branching on 70
Node 2 depth 2 unsatisfied 71 sum 6.45578e+12 obj 52.3955 guess 54.6039 branching on 93
Node 3 depth 3 unsatisfied 66 sum 2.04867e+12 obj 52.4132 guess 54.4591 branching on 84
Node 4 depth 4 unsatisfied 64 sum 1.90831e+12 obj 52.7919 guess 55.0292 branching on 87
Node 6 depth 5 unsatisfied 62 sum 1.66565e+12 obj 53.5 guess 56.4411 branching on 36
Node 8 depth 6 unsatisfied 55 sum 4.94439e+11 obj 53.7143 guess 55.691 branching on 82
Node 9 depth 7 unsatisfied 55 sum 7.13822e+10 obj 53.8182 guess 55.4024 branching on 71
Node 10 depth 8 unsatisfied 56 sum 7.5628e+10 obj 53.8649 guess 55.6462 branching on 55
Node 16 depth 3 unsatisfied 72 sum 1.43834e+11 obj 53.3567 guess 56.3104 branching on 84
Node 17 depth 4 unsatisfied 70 sum 1.88777 obj 53.752 guess 56.0968 branching on 87
Node 21 depth 2 unsatisfied 68 sum 3.73434e+10 obj 53.1692 guess 55.4671 branching on 93
Node 22 depth 3 unsatisfied 39 sum 0.499718 obj 54 guess 55.5328 branching on 87
Cbc0001I Search completed - best objective 1e+50, took 4864 iterations and 26 nodes (1055.81 seconds)
Cbc0032I Strong branching done 174 times (1599 iterations), fathomed 0 nodes and fixed 0 variables
Cbc0035I Maximum depth 8, 23 variables fixed on reduced cost

###############################################################
 Elloumi 
###############################################################

Y 
200-element Named Array{Float64,1}
A   │ 
────┼────
1   │ 0.0
2   │ 0.0
3   │ 0.0
4   │ 1.0
5   │ 0.0
6   │ 0.0
7   │ 0.0
8   │ 0.0
9   │ 0.0
⋮       ⋮
192 │ 0.0
193 │ 0.0
194 │ 1.0
195 │ 0.0
196 │ 0.0
197 │ 0.0
198 │ 0.0
199 │ 1.0
200 │ 1.0

uk: 1 dimensions:
[  2] = 1.0
[  3] = 1.0
[  4] = 1.0
[  5] = 1.0
[  6] = 1.0
[  7] = 1.0
[  8] = 1.0
[  9] = 1.0
[ 10] = 1.0
[ 11] = 1.0
[ 12] = 1.0
[ 13] = 1.0
[ 14] = 1.0
[ 15] = 1.0
[ 16] = 1.0
[ 17] = 1.0
[ 18] = 1.0
[ 19] = 1.0
[ 20] = 1.0
[ 21] = 1.0
[ 22] = 1.0
[ 23] = 1.0
[ 24] = 1.0
[ 25] = 1.0
[ 26] = 1.0
[ 27] = 1.0
[ 28] = 1.0
[ 29] = 1.0
[ 30] = 1.0
[ 31] = 1.0
[ 32] = 1.0
[ 33] = 1.0
[ 34] = 1.0
[ 35] = 1.0
[ 36] = 1.0
[ 37] = 1.0
[ 38] = 1.0
[ 39] = 1.0
[ 40] = 1.0
[ 41] = 1.0
[ 42] = 1.0
[ 43] = 1.0
[ 44] = 1.0
[ 45] = 1.0
[ 46] = 1.0
[ 47] = 1.0
[ 48] = 1.0
[ 49] = 1.0
[ 50] = 1.0
[ 51] = 1.0
[ 52] = 1.0
[ 53] = 1.0
[ 54] = 1.0
[ 55] = 1.0
[ 56] = 1.0
[ 57] = 0.0
[ 58] = 0.0
[ 59] = 0.0
[ 60] = 0.0
[ 61] = 0.0
[ 62] = 0.0
[ 63] = 0.0
[ 64] = 0.0
[ 65] = 0.0
[ 66] = 0.0
[ 67] = 0.0
[ 68] = 0.0
[ 69] = 0.0
[ 70] = 0.0
[ 71] = 0.0
[ 72] = 0.0
[ 73] = 0.0
[ 74] = 0.0
[ 75] = 0.0
[ 76] = 0.0
[ 77] = 0.0
[ 78] = 0.0
[ 79] = 0.0
[ 80] = 0.0
[ 81] = 0.0
[ 82] = 0.0
[ 83] = 0.0
[ 84] = 0.0
[ 85] = 0.0
[ 86] = 0.0
[ 87] = 0.0
[ 88] = 0.0
[ 89] = 0.0
[ 90] = 0.0
[ 91] = 0.0
[ 92] = 0.0
[ 93] = 0.0
[ 94] = 0.0
[ 95] = 0.0
[ 96] = 0.0
[ 97] = 0.0
[ 98] = 0.0
[ 99] = 0.0
[100] = 0.0
[101] = 0.0
[102] = 0.0
[103] = 0.0
[104] = 0.0
[105] = 0.0
[106] = 0.0
[107] = 0.0
[108] = 0.0
[109] = 0.0
[110] = 0.0
[111] = 0.0
[112] = 0.0
[113] = 0.0
[114] = 0.0
[115] = 0.0
[116] = 0.0
[117] = 0.0
[118] = 0.0
[119] = 0.0
[120] = 0.0
[121] = 0.0
[122] = 0.0
[123] = 0.0
[124] = 0.0
[125] = 0.0
[126] = 0.0
[127] = 0.0
[128] = 0.0
[129] = 0.0
[130] = 0.0
[131] = 0.0
[132] = 0.0
[133] = 0.0
[134] = 0.0
[135] = 0.0
[136] = 0.0
[137] = 0.0
[138] = 0.0
[139] = 0.0
[140] = 0.0
[141] = 0.0
[142] = 0.0
[143] = 0.0
[144] = 0.0
[145] = 0.0
[146] = 0.0
[147] = 0.0
[148] = 0.0
[149] = 0.0
[150] = 0.0
[151] = 0.0
[152] = 0.0
[153] = 0.0
[154] = 0.0
[155] = 0.0
[156] = 0.0
[157] = 0.0
[158] = 0.0
[159] = 0.0
[160] = 0.0
[161] = 0.0
[162] = 0.0
[163] = 0.0
[164] = 0.0
[165] = 0.0
[166] = 0.0
[167] = 0.0
[168] = 0.0
[169] = 0.0
[170] = 0.0
[171] = 0.0
[172] = 0.0
[173] = 0.0
[174] = 0.0
[175] = 0.0
[176] = 0.0
[177] = 0.0
[178] = 0.0
[179] = 0.0
[180] = 0.0
[181] = 0.0
[182] = 0.0
[183] = 0.0
[184] = 0.0
[185] = 0.0
[186] = 0.0
[187] = 0.0
[188] = 0.0
[189] = 0.0
[190] = 0.0
[191] = 0.0
[192] = 0.0
[193] = 0.0
[194] = 0.0
[195] = 0.0
[196] = 0.0
[197] = 0.0
[198] = 0.0
[199] = 0.0
[200] = 0.0
[201] = 0.0
[202] = 0.0
[203] = 0.0
[204] = 0.0
[205] = 0.0

Optimal !
Objective function value is 55.0
Selected nodes: 4, 40, 46, 84, 129, 133, 136, 138, 141, 145, 162, 164, 170, 176, 182, 185, 190, 194, 199, 200
Cbc0030I Thread 0 used 172 times,  waiting to start 1.3123264, 2257.2028 cpu time, 859 locks, 1.0951965 locked, 0.00036811829 waiting for locks
Cbc0030I Main thread 2291.6176 waiting for threads,  349 locks, 0.00042462349 locked, 2.3126602e-05 waiting for locks
Cbc0001I Search completed - best objective 55, took 139499 iterations and 172 nodes (2619.43 seconds)
Cbc0032I Strong branching done 1410 times (119532 iterations), fathomed 2 nodes and fixed 0 variables
Cbc0035I Maximum depth 19, 2453 variables fixed on reduced cost
Total time (CPU seconds):       2639.06   (Wallclock seconds):       2683.27

